2021-09-03 19:13:25,556 INFO 82 channels found for processing.
2021-09-03 19:13:25,556 INFO Execution mode: train_and_predict

2021-09-03 19:13:25,557 INFO Stream # 1: P-1
2021-09-03 19:13:26,128 INFO units: 600
2021-09-03 19:13:26,128 INFO input_scaling: 0.6
2021-09-03 19:13:26,128 INFO radius: 0.3
2021-09-03 19:13:26,128 INFO leaky: 0.2
2021-09-03 19:13:26,128 INFO learning_rate: 0.01
2021-09-03 19:14:02,328 INFO validation_loss: 0.14935347437858582

2021-09-03 19:14:28,630 INFO normalized prediction error: 0.12
2021-09-03 19:14:29,107 INFO Channel Stats: TP: 2  FP: 1  FN: 1 TN: 3
2021-09-03 19:14:29,108 INFO Total true positives: 2
2021-09-03 19:14:29,108 INFO Total false positives: 1
2021-09-03 19:14:29,108 INFO Total false negatives: 1
2021-09-03 19:14:29,108 INFO Total true negatives: 3

2021-09-03 19:14:29,117 INFO Stream # 2: S-1
2021-09-03 19:14:29,686 INFO units: 200
2021-09-03 19:14:29,686 INFO input_scaling: 0.5
2021-09-03 19:14:29,686 INFO radius: 0.6
2021-09-03 19:14:29,686 INFO leaky: 0.3
2021-09-03 19:14:29,686 INFO learning_rate: 0.001
2021-09-03 19:14:39,546 INFO validation_loss: 0.3127237856388092

2021-09-03 19:14:56,900 INFO normalized prediction error: 0.18
2021-09-03 19:14:57,422 INFO Channel Stats: TP: 1  FP: 0  FN: 0 TN: 2
2021-09-03 19:14:57,422 INFO Total true positives: 3
2021-09-03 19:14:57,422 INFO Total false positives: 1
2021-09-03 19:14:57,422 INFO Total false negatives: 1
2021-09-03 19:14:57,422 INFO Total true negatives: 5

2021-09-03 19:14:57,425 INFO Stream # 3: E-1
2021-09-03 19:14:58,027 INFO units: 1000
2021-09-03 19:14:58,027 INFO input_scaling: 0.7
2021-09-03 19:14:58,027 INFO radius: 0.9
2021-09-03 19:14:58,027 INFO leaky: 0.3
2021-09-03 19:14:58,027 INFO learning_rate: 0.001
2021-09-03 19:16:46,624 INFO validation_loss: 0.30341511964797974

2021-09-03 19:17:10,378 INFO normalized prediction error: 0.20
2021-09-03 19:17:10,927 INFO Channel Stats: TP: 2  FP: 0  FN: 0 TN: 3
2021-09-03 19:17:10,927 INFO Total true positives: 5
2021-09-03 19:17:10,927 INFO Total false positives: 1
2021-09-03 19:17:10,927 INFO Total false negatives: 1
2021-09-03 19:17:10,927 INFO Total true negatives: 8

2021-09-03 19:17:10,931 INFO Stream # 4: E-2
2021-09-03 19:17:11,554 INFO units: 800
2021-09-03 19:17:11,554 INFO input_scaling: 0.8
2021-09-03 19:17:11,554 INFO radius: 0.99
2021-09-03 19:17:11,554 INFO leaky: 0.2
2021-09-03 19:17:11,554 INFO learning_rate: 0.0001
2021-09-03 19:18:10,395 INFO validation_loss: 0.14553514122962952

2021-09-03 19:18:34,418 INFO normalized prediction error: 0.08
2021-09-03 19:18:34,930 INFO Channel Stats: TP: 1  FP: 0  FN: 0 TN: 2
2021-09-03 19:18:34,930 INFO Total true positives: 6
2021-09-03 19:18:34,930 INFO Total false positives: 1
2021-09-03 19:18:34,930 INFO Total false negatives: 1
2021-09-03 19:18:34,930 INFO Total true negatives: 10

2021-09-03 19:18:34,934 INFO Stream # 5: E-3
2021-09-03 19:18:35,532 INFO units: 800
2021-09-03 19:18:35,532 INFO input_scaling: 0.8
2021-09-03 19:18:35,532 INFO radius: 0.99
2021-09-03 19:18:35,532 INFO leaky: 0.2
2021-09-03 19:18:35,532 INFO learning_rate: 0.0001
2021-09-03 19:19:35,575 INFO validation_loss: 0.006772901862859726

2021-09-03 19:20:00,542 INFO normalized prediction error: 0.03
2021-09-03 19:20:01,019 INFO Channel Stats: TP: 1  FP: 0  FN: 0 TN: 2
2021-09-03 19:20:01,019 INFO Total true positives: 7
2021-09-03 19:20:01,019 INFO Total false positives: 1
2021-09-03 19:20:01,019 INFO Total false negatives: 1
2021-09-03 19:20:01,019 INFO Total true negatives: 12

2021-09-03 19:20:01,023 INFO Stream # 6: E-4
2021-09-03 19:20:01,614 INFO units: 800
2021-09-03 19:20:01,614 INFO input_scaling: 0.8
2021-09-03 19:20:01,614 INFO radius: 0.99
2021-09-03 19:20:01,614 INFO leaky: 0.2
2021-09-03 19:20:01,614 INFO learning_rate: 0.0001
2021-09-03 19:21:03,637 INFO validation_loss: 0.12493900954723358

2021-09-03 19:21:28,894 INFO normalized prediction error: 0.05
2021-09-03 19:21:29,256 INFO Channel Stats: TP: 1  FP: 0  FN: 0 TN: 2
2021-09-03 19:21:29,257 INFO Total true positives: 8
2021-09-03 19:21:29,257 INFO Total false positives: 1
2021-09-03 19:21:29,257 INFO Total false negatives: 1
2021-09-03 19:21:29,257 INFO Total true negatives: 14

2021-09-03 19:21:29,261 INFO Stream # 7: E-5
2021-09-03 19:21:29,847 INFO units: 1000
2021-09-03 19:21:29,847 INFO input_scaling: 0.7
2021-09-03 19:21:29,847 INFO radius: 0.9
2021-09-03 19:21:29,847 INFO leaky: 0.3
2021-09-03 19:21:29,847 INFO learning_rate: 0.001
2021-09-03 19:23:20,217 INFO validation_loss: 0.08001554757356644

2021-09-03 19:23:45,907 INFO normalized prediction error: 0.12
2021-09-03 19:23:46,317 INFO Channel Stats: TP: 1  FP: 1  FN: 0 TN: 1
2021-09-03 19:23:46,317 INFO Total true positives: 9
2021-09-03 19:23:46,317 INFO Total false positives: 2
2021-09-03 19:23:46,317 INFO Total false negatives: 1
2021-09-03 19:23:46,317 INFO Total true negatives: 15

2021-09-03 19:23:46,321 INFO Stream # 8: E-6
2021-09-03 19:23:46,928 INFO units: 1000
2021-09-03 19:23:46,929 INFO input_scaling: 0.9
2021-09-03 19:23:46,929 INFO radius: 0.6
2021-09-03 19:23:46,929 INFO leaky: 0.1
2021-09-03 19:23:46,929 INFO learning_rate: 0.01
2021-09-03 19:25:31,944 INFO validation_loss: 3.6572546378010884e-05

2021-09-03 19:25:55,649 INFO normalized prediction error: 0.00
2021-09-03 19:25:56,282 INFO Channel Stats: TP: 1  FP: 0  FN: 0 TN: 2
2021-09-03 19:25:56,283 INFO Total true positives: 10
2021-09-03 19:25:56,283 INFO Total false positives: 2
2021-09-03 19:25:56,283 INFO Total false negatives: 1
2021-09-03 19:25:56,283 INFO Total true negatives: 17

2021-09-03 19:25:56,286 INFO Stream # 9: E-7
2021-09-03 19:25:56,865 INFO units: 700
2021-09-03 19:25:56,865 INFO input_scaling: 0.6
2021-09-03 19:25:56,865 INFO radius: 0.1
2021-09-03 19:25:56,865 INFO leaky: 0.1
2021-09-03 19:25:56,865 INFO learning_rate: 0.001
2021-09-03 19:26:42,304 INFO validation_loss: 0.0014609447680413723

2021-09-03 19:27:05,517 INFO normalized prediction error: 0.02
2021-09-03 19:27:06,132 INFO Channel Stats: TP: 1  FP: 0  FN: 0 TN: 2
2021-09-03 19:27:06,132 INFO Total true positives: 11
2021-09-03 19:27:06,132 INFO Total false positives: 2
2021-09-03 19:27:06,132 INFO Total false negatives: 1
2021-09-03 19:27:06,132 INFO Total true negatives: 19

2021-09-03 19:27:06,136 INFO Stream # 10: E-8
2021-09-03 19:27:06,791 INFO units: 800
2021-09-03 19:27:06,791 INFO input_scaling: 0.8
2021-09-03 19:27:06,792 INFO radius: 0.99
2021-09-03 19:27:06,792 INFO leaky: 0.2
2021-09-03 19:27:06,792 INFO learning_rate: 0.0001
2021-09-03 19:28:17,515 INFO validation_loss: 0.019020061939954758

2021-09-03 19:28:43,770 INFO normalized prediction error: 0.11
2021-09-03 19:28:44,372 INFO Channel Stats: TP: 1  FP: 1  FN: 0 TN: 1
2021-09-03 19:28:44,373 INFO Total true positives: 12
2021-09-03 19:28:44,373 INFO Total false positives: 3
2021-09-03 19:28:44,373 INFO Total false negatives: 1
2021-09-03 19:28:44,373 INFO Total true negatives: 20

2021-09-03 19:28:44,378 INFO Stream # 11: E-9
2021-09-03 19:28:45,025 INFO units: 800
2021-09-03 19:28:45,025 INFO input_scaling: 0.8
2021-09-03 19:28:45,025 INFO radius: 0.99
2021-09-03 19:28:45,025 INFO leaky: 0.2
2021-09-03 19:28:45,025 INFO learning_rate: 0.0001
2021-09-03 19:29:48,459 INFO validation_loss: 0.021741770207881927

2021-09-03 19:30:14,831 INFO normalized prediction error: 0.06
2021-09-03 19:30:15,313 INFO Channel Stats: TP: 1  FP: 3  FN: 0 TN: 0
2021-09-03 19:30:15,313 INFO Total true positives: 13
2021-09-03 19:30:15,313 INFO Total false positives: 6
2021-09-03 19:30:15,313 INFO Total false negatives: 1
2021-09-03 19:30:15,313 INFO Total true negatives: 20

2021-09-03 19:30:15,317 INFO Stream # 12: E-10
2021-09-03 19:30:15,945 INFO units: 1000
2021-09-03 19:30:15,945 INFO input_scaling: 0.7
2021-09-03 19:30:15,945 INFO radius: 0.9
2021-09-03 19:30:15,945 INFO leaky: 0.3
2021-09-03 19:30:15,945 INFO learning_rate: 0.001
2021-09-03 19:32:13,040 INFO validation_loss: 0.4777074456214905

2021-09-03 19:32:39,782 INFO normalized prediction error: 0.20
2021-09-03 19:32:40,452 INFO Channel Stats: TP: 2  FP: 0  FN: 0 TN: 3
2021-09-03 19:32:40,453 INFO Total true positives: 15
2021-09-03 19:32:40,453 INFO Total false positives: 6
2021-09-03 19:32:40,453 INFO Total false negatives: 1
2021-09-03 19:32:40,453 INFO Total true negatives: 23

2021-09-03 19:32:40,457 INFO Stream # 13: E-11
2021-09-03 19:32:41,069 INFO units: 1000
2021-09-03 19:32:41,070 INFO input_scaling: 0.7
2021-09-03 19:32:41,070 INFO radius: 0.9
2021-09-03 19:32:41,070 INFO leaky: 0.3
2021-09-03 19:32:41,070 INFO learning_rate: 0.001
2021-09-03 19:34:37,522 INFO validation_loss: 0.3006487190723419

2021-09-03 19:35:03,758 INFO normalized prediction error: 0.20
2021-09-03 19:35:04,255 INFO Channel Stats: TP: 2  FP: 0  FN: 0 TN: 3
2021-09-03 19:35:04,255 INFO Total true positives: 17
2021-09-03 19:35:04,255 INFO Total false positives: 6
2021-09-03 19:35:04,255 INFO Total false negatives: 1
2021-09-03 19:35:04,255 INFO Total true negatives: 26

2021-09-03 19:35:04,260 INFO Stream # 14: E-12
2021-09-03 19:35:05,292 INFO units: 1000
2021-09-03 19:35:05,292 INFO input_scaling: 0.7
2021-09-03 19:35:05,293 INFO radius: 0.9
2021-09-03 19:35:05,293 INFO leaky: 0.3
2021-09-03 19:35:05,293 INFO learning_rate: 0.001
2021-09-03 19:37:02,969 INFO validation_loss: 0.23096966743469238

2021-09-03 19:37:29,609 INFO normalized prediction error: 0.20
2021-09-03 19:37:30,098 INFO Channel Stats: TP: 1  FP: 2  FN: 1 TN: 1
2021-09-03 19:37:30,099 INFO Total true positives: 18
2021-09-03 19:37:30,099 INFO Total false positives: 8
2021-09-03 19:37:30,099 INFO Total false negatives: 2
2021-09-03 19:37:30,099 INFO Total true negatives: 27

2021-09-03 19:37:30,104 INFO Stream # 15: E-13
2021-09-03 19:37:30,753 INFO units: 300
2021-09-03 19:37:30,753 INFO input_scaling: 0.9
2021-09-03 19:37:30,753 INFO radius: 0.2
2021-09-03 19:37:30,753 INFO leaky: 0.2
2021-09-03 19:37:30,753 INFO learning_rate: 0.0001
2021-09-03 19:37:54,895 INFO validation_loss: 0.18801502883434296

2021-09-03 19:38:19,071 INFO normalized prediction error: 0.13
2021-09-03 19:38:19,607 INFO Channel Stats: TP: 0  FP: 0  FN: 3 TN: 4
2021-09-03 19:38:19,608 INFO Total true positives: 18
2021-09-03 19:38:19,608 INFO Total false positives: 8
2021-09-03 19:38:19,608 INFO Total false negatives: 5
2021-09-03 19:38:19,608 INFO Total true negatives: 31

2021-09-03 19:38:19,614 INFO Stream # 16: A-1
2021-09-03 19:38:20,295 INFO units: 300
2021-09-03 19:38:20,295 INFO input_scaling: 0.7
2021-09-03 19:38:20,295 INFO radius: 0.5
2021-09-03 19:38:20,295 INFO leaky: 0.1
2021-09-03 19:38:20,295 INFO learning_rate: 0.01
2021-09-03 19:38:34,704 INFO validation_loss: 0.0003894298570230603

2021-09-03 19:38:57,549 INFO normalized prediction error: 0.00
2021-09-03 19:38:58,196 INFO Channel Stats: TP: 1  FP: 0  FN: 0 TN: 2
2021-09-03 19:38:58,196 INFO Total true positives: 19
2021-09-03 19:38:58,196 INFO Total false positives: 8
2021-09-03 19:38:58,196 INFO Total false negatives: 5
2021-09-03 19:38:58,196 INFO Total true negatives: 33

2021-09-03 19:38:58,201 INFO Stream # 17: D-1
2021-09-03 19:38:58,844 INFO units: 700
2021-09-03 19:38:58,844 INFO input_scaling: 0.6
2021-09-03 19:38:58,845 INFO radius: 0.1
2021-09-03 19:38:58,845 INFO leaky: 0.1
2021-09-03 19:38:58,845 INFO learning_rate: 0.001
2021-09-03 19:39:44,583 INFO validation_loss: 0.004156117327511311

2021-09-03 19:40:08,837 INFO normalized prediction error: 0.14
2021-09-03 19:40:09,375 INFO Channel Stats: TP: 1  FP: 1  FN: 0 TN: 1
2021-09-03 19:40:09,375 INFO Total true positives: 20
2021-09-03 19:40:09,375 INFO Total false positives: 9
2021-09-03 19:40:09,375 INFO Total false negatives: 5
2021-09-03 19:40:09,375 INFO Total true negatives: 34

2021-09-03 19:40:09,382 INFO Stream # 18: P-2
2021-09-03 19:40:10,013 INFO units: 700
2021-09-03 19:40:10,013 INFO input_scaling: 0.6
2021-09-03 19:40:10,013 INFO radius: 0.1
2021-09-03 19:40:10,013 INFO leaky: 0.1
2021-09-03 19:40:10,014 INFO learning_rate: 0.001
2021-09-03 19:40:56,243 INFO validation_loss: 0.0006486278143711388

2021-09-03 19:41:19,630 INFO normalized prediction error: 0.05
2021-09-03 19:41:20,131 INFO Channel Stats: TP: 1  FP: 0  FN: 0 TN: 2
2021-09-03 19:41:20,132 INFO Total true positives: 21
2021-09-03 19:41:20,132 INFO Total false positives: 9
2021-09-03 19:41:20,132 INFO Total false negatives: 5
2021-09-03 19:41:20,132 INFO Total true negatives: 36

2021-09-03 19:41:20,138 INFO Stream # 19: P-3
2021-09-03 19:41:21,208 INFO units: 1000
2021-09-03 19:41:21,209 INFO input_scaling: 0.7
2021-09-03 19:41:21,209 INFO radius: 0.9
2021-09-03 19:41:21,209 INFO leaky: 0.3
2021-09-03 19:41:21,209 INFO learning_rate: 0.001
2021-09-03 19:43:17,520 INFO validation_loss: 0.02026992477476597

2021-09-03 19:43:44,289 INFO normalized prediction error: 0.03
2021-09-03 19:43:44,785 INFO Channel Stats: TP: 1  FP: 0  FN: 0 TN: 2
2021-09-03 19:43:44,785 INFO Total true positives: 22
2021-09-03 19:43:44,785 INFO Total false positives: 9
2021-09-03 19:43:44,785 INFO Total false negatives: 5
2021-09-03 19:43:44,786 INFO Total true negatives: 38

2021-09-03 19:43:44,791 INFO Stream # 20: D-2
2021-09-03 19:43:45,434 INFO units: 1000
2021-09-03 19:43:45,435 INFO input_scaling: 0.9
2021-09-03 19:43:45,435 INFO radius: 0.6
2021-09-03 19:43:45,435 INFO leaky: 0.1
2021-09-03 19:43:45,435 INFO learning_rate: 0.01
2021-09-03 19:45:41,264 INFO validation_loss: 0.00014744215877726674

2021-09-03 19:46:07,873 INFO normalized prediction error: 0.22
2021-09-03 19:46:08,451 INFO Channel Stats: TP: 1  FP: 0  FN: 0 TN: 2
2021-09-03 19:46:08,452 INFO Total true positives: 23
2021-09-03 19:46:08,452 INFO Total false positives: 9
2021-09-03 19:46:08,452 INFO Total false negatives: 5
2021-09-03 19:46:08,452 INFO Total true negatives: 40

2021-09-03 19:46:08,458 INFO Stream # 21: D-3
2021-09-03 19:46:09,118 INFO units: 700
2021-09-03 19:46:09,118 INFO input_scaling: 0.6
2021-09-03 19:46:09,118 INFO radius: 0.1
2021-09-03 19:46:09,118 INFO leaky: 0.1
2021-09-03 19:46:09,118 INFO learning_rate: 0.001
2021-09-03 19:46:55,600 INFO validation_loss: 0.00017494792700745165

2021-09-03 19:47:20,819 INFO normalized prediction error: 0.12
2021-09-03 19:47:21,276 INFO Channel Stats: TP: 1  FP: 0  FN: 0 TN: 2
2021-09-03 19:47:21,276 INFO Total true positives: 24
2021-09-03 19:47:21,276 INFO Total false positives: 9
2021-09-03 19:47:21,277 INFO Total false negatives: 5
2021-09-03 19:47:21,277 INFO Total true negatives: 42

2021-09-03 19:47:21,283 INFO Stream # 22: D-4
2021-09-03 19:47:21,939 INFO units: 700
2021-09-03 19:47:21,939 INFO input_scaling: 0.6
2021-09-03 19:47:21,939 INFO radius: 0.1
2021-09-03 19:47:21,939 INFO leaky: 0.1
2021-09-03 19:47:21,939 INFO learning_rate: 0.001
2021-09-03 19:48:07,735 INFO validation_loss: 3.0490349672618322e-05

2021-09-03 19:48:33,303 INFO normalized prediction error: 0.12
2021-09-03 19:48:33,682 INFO Channel Stats: TP: 1  FP: 0  FN: 0 TN: 2
2021-09-03 19:48:33,683 INFO Total true positives: 25
2021-09-03 19:48:33,683 INFO Total false positives: 9
2021-09-03 19:48:33,683 INFO Total false negatives: 5
2021-09-03 19:48:33,683 INFO Total true negatives: 44

2021-09-03 19:48:33,689 INFO Stream # 23: A-2
2021-09-03 19:48:34,628 INFO units: 1000
2021-09-03 19:48:34,628 INFO input_scaling: 0.7
2021-09-03 19:48:34,628 INFO radius: 0.9
2021-09-03 19:48:34,628 INFO leaky: 0.3
2021-09-03 19:48:34,628 INFO learning_rate: 0.001
2021-09-03 19:50:29,534 INFO validation_loss: 0.06061113253235817

2021-09-03 19:50:54,499 INFO normalized prediction error: 0.08
2021-09-03 19:50:55,077 INFO Channel Stats: TP: 0  FP: 0  FN: 1 TN: 2
2021-09-03 19:50:55,078 INFO Total true positives: 25
2021-09-03 19:50:55,078 INFO Total false positives: 9
2021-09-03 19:50:55,078 INFO Total false negatives: 6
2021-09-03 19:50:55,078 INFO Total true negatives: 46

2021-09-03 19:50:55,085 INFO Stream # 24: A-3
2021-09-03 19:50:55,806 INFO units: 200
2021-09-03 19:50:55,806 INFO input_scaling: 0.6
2021-09-03 19:50:55,806 INFO radius: 0.99
2021-09-03 19:50:55,806 INFO leaky: 0.2
2021-09-03 19:50:55,806 INFO learning_rate: 0.01
2021-09-03 19:51:08,384 INFO validation_loss: 0.023699238896369934

2021-09-03 19:51:29,567 INFO normalized prediction error: 0.06
2021-09-03 19:51:30,175 INFO Channel Stats: TP: 1  FP: 1  FN: 0 TN: 1
2021-09-03 19:51:30,175 INFO Total true positives: 26
2021-09-03 19:51:30,175 INFO Total false positives: 10
2021-09-03 19:51:30,175 INFO Total false negatives: 6
2021-09-03 19:51:30,175 INFO Total true negatives: 47

2021-09-03 19:51:30,182 INFO Stream # 25: A-4
2021-09-03 19:51:31,137 INFO units: 1000
2021-09-03 19:51:31,137 INFO input_scaling: 0.9
2021-09-03 19:51:31,137 INFO radius: 0.6
2021-09-03 19:51:31,138 INFO leaky: 0.1
2021-09-03 19:51:31,138 INFO learning_rate: 0.01
2021-09-03 19:53:23,004 INFO validation_loss: 0.050859227776527405

2021-09-03 19:53:47,366 INFO normalized prediction error: 0.07
2021-09-03 19:53:47,931 INFO Channel Stats: TP: 1  FP: 2  FN: 0 TN: 0
2021-09-03 19:53:47,931 INFO Total true positives: 27
2021-09-03 19:53:47,931 INFO Total false positives: 12
2021-09-03 19:53:47,931 INFO Total false negatives: 6
2021-09-03 19:53:47,931 INFO Total true negatives: 47

2021-09-03 19:53:47,937 INFO Stream # 26: G-1
2021-09-03 19:53:48,542 INFO units: 800
2021-09-03 19:53:48,543 INFO input_scaling: 0.8
2021-09-03 19:53:48,543 INFO radius: 0.99
2021-09-03 19:53:48,543 INFO leaky: 0.2
2021-09-03 19:53:48,543 INFO learning_rate: 0.0001
2021-09-03 19:54:49,749 INFO validation_loss: 0.04724720120429993

2021-09-03 19:55:13,911 INFO normalized prediction error: 0.06
2021-09-03 19:55:14,417 INFO Channel Stats: TP: 0  FP: 3  FN: 1 TN: 0
2021-09-03 19:55:14,418 INFO Total true positives: 27
2021-09-03 19:55:14,418 INFO Total false positives: 15
2021-09-03 19:55:14,418 INFO Total false negatives: 7
2021-09-03 19:55:14,418 INFO Total true negatives: 47

2021-09-03 19:55:14,423 INFO Stream # 27: G-2
2021-09-03 19:55:14,946 INFO units: 1000
2021-09-03 19:55:14,946 INFO input_scaling: 0.9
2021-09-03 19:55:14,947 INFO radius: 0.6
2021-09-03 19:55:14,947 INFO leaky: 0.1
2021-09-03 19:55:14,947 INFO learning_rate: 0.01
2021-09-03 19:57:00,771 INFO validation_loss: 0.0006409863708540797

2021-09-03 19:57:23,446 INFO normalized prediction error: 0.00
2021-09-03 19:57:23,961 INFO Channel Stats: TP: 0  FP: 0  FN: 1 TN: 2
2021-09-03 19:57:23,961 INFO Total true positives: 27
2021-09-03 19:57:23,961 INFO Total false positives: 15
2021-09-03 19:57:23,961 INFO Total false negatives: 8
2021-09-03 19:57:23,961 INFO Total true negatives: 49

2021-09-03 19:57:23,968 INFO Stream # 28: D-5
2021-09-03 19:57:24,746 INFO units: 300
2021-09-03 19:57:24,746 INFO input_scaling: 0.7
2021-09-03 19:57:24,746 INFO radius: 0.5
2021-09-03 19:57:24,746 INFO leaky: 0.1
2021-09-03 19:57:24,746 INFO learning_rate: 0.01
2021-09-03 19:57:37,879 INFO validation_loss: 0.0002577992563601583

2021-09-03 19:57:57,791 INFO normalized prediction error: 0.53
2021-09-03 19:57:58,326 INFO Channel Stats: TP: 0  FP: 0  FN: 1 TN: 2
2021-09-03 19:57:58,326 INFO Total true positives: 27
2021-09-03 19:57:58,326 INFO Total false positives: 15
2021-09-03 19:57:58,326 INFO Total false negatives: 9
2021-09-03 19:57:58,326 INFO Total true negatives: 51

2021-09-03 19:57:58,333 INFO Stream # 29: D-6
2021-09-03 19:57:59,267 INFO units: 200
2021-09-03 19:57:59,267 INFO input_scaling: 0.9
2021-09-03 19:57:59,267 INFO radius: 0.7
2021-09-03 19:57:59,267 INFO leaky: 0.9
2021-09-03 19:57:59,267 INFO learning_rate: 0.0001
2021-09-03 19:58:09,864 INFO validation_loss: 0.12437064945697784

2021-09-03 19:58:31,525 INFO normalized prediction error: 0.05
2021-09-03 19:58:32,021 INFO Channel Stats: TP: 1  FP: 1  FN: 0 TN: 1
2021-09-03 19:58:32,021 INFO Total true positives: 28
2021-09-03 19:58:32,021 INFO Total false positives: 16
2021-09-03 19:58:32,021 INFO Total false negatives: 9
2021-09-03 19:58:32,021 INFO Total true negatives: 52

2021-09-03 19:58:32,027 INFO Stream # 30: D-7
2021-09-03 19:58:32,585 INFO units: 700
2021-09-03 19:58:32,585 INFO input_scaling: 0.6
2021-09-03 19:58:32,585 INFO radius: 0.1
2021-09-03 19:58:32,585 INFO leaky: 0.1
2021-09-03 19:58:32,585 INFO learning_rate: 0.001
2021-09-03 19:59:16,435 INFO validation_loss: 0.0011914722854271531

2021-09-03 19:59:38,442 INFO normalized prediction error: 0.10
2021-09-03 19:59:38,843 INFO Channel Stats: TP: 1  FP: 0  FN: 0 TN: 2
2021-09-03 19:59:38,843 INFO Total true positives: 29
2021-09-03 19:59:38,843 INFO Total false positives: 16
2021-09-03 19:59:38,843 INFO Total false negatives: 9
2021-09-03 19:59:38,843 INFO Total true negatives: 54

2021-09-03 19:59:38,848 INFO Stream # 31: F-1
2021-09-03 19:59:39,443 INFO units: 800
2021-09-03 19:59:39,443 INFO input_scaling: 0.6
2021-09-03 19:59:39,443 INFO radius: 0.99
2021-09-03 19:59:39,443 INFO leaky: 0.4
2021-09-03 19:59:39,443 INFO learning_rate: 0.0001
2021-09-03 20:00:41,694 INFO validation_loss: 0.07030269503593445

2021-09-03 20:01:06,129 INFO normalized prediction error: 0.08
2021-09-03 20:01:06,633 INFO Channel Stats: TP: 0  FP: 1  FN: 1 TN: 1
2021-09-03 20:01:06,633 INFO Total true positives: 29
2021-09-03 20:01:06,633 INFO Total false positives: 17
2021-09-03 20:01:06,633 INFO Total false negatives: 10
2021-09-03 20:01:06,633 INFO Total true negatives: 55

2021-09-03 20:01:06,639 INFO Stream # 32: P-4
2021-09-03 20:01:07,185 INFO units: 300
2021-09-03 20:01:07,185 INFO input_scaling: 0.7
2021-09-03 20:01:07,185 INFO radius: 0.5
2021-09-03 20:01:07,185 INFO leaky: 0.1
2021-09-03 20:01:07,185 INFO learning_rate: 0.01
2021-09-03 20:01:19,627 INFO validation_loss: 0.00023542376584373415

2021-09-03 20:01:39,031 INFO normalized prediction error: 0.00
2021-09-03 20:01:39,835 INFO Channel Stats: TP: 3  FP: 0  FN: 0 TN: 4
2021-09-03 20:01:39,836 INFO Total true positives: 32
2021-09-03 20:01:39,836 INFO Total false positives: 17
2021-09-03 20:01:39,836 INFO Total false negatives: 10
2021-09-03 20:01:39,836 INFO Total true negatives: 59

2021-09-03 20:01:39,842 INFO Stream # 33: G-3
2021-09-03 20:01:40,401 INFO units: 1000
2021-09-03 20:01:40,401 INFO input_scaling: 0.9
2021-09-03 20:01:40,401 INFO radius: 0.6
2021-09-03 20:01:40,401 INFO leaky: 0.1
2021-09-03 20:01:40,401 INFO learning_rate: 0.01
2021-09-03 20:03:39,059 INFO validation_loss: 4.918691047350876e-05

2021-09-03 20:04:12,871 INFO normalized prediction error: 0.00
2021-09-03 20:04:13,907 INFO Channel Stats: TP: 1  FP: 0  FN: 0 TN: 2
2021-09-03 20:04:13,907 INFO Total true positives: 33
2021-09-03 20:04:13,908 INFO Total false positives: 17
2021-09-03 20:04:13,908 INFO Total false negatives: 10
2021-09-03 20:04:13,908 INFO Total true negatives: 61

2021-09-03 20:04:13,917 INFO Stream # 34: T-1
2021-09-03 20:04:14,748 INFO units: 800
2021-09-03 20:04:14,749 INFO input_scaling: 0.8
2021-09-03 20:04:14,749 INFO radius: 0.99
2021-09-03 20:04:14,749 INFO leaky: 0.2
2021-09-03 20:04:14,749 INFO learning_rate: 0.0001
2021-09-03 20:05:43,887 INFO validation_loss: 0.023243995383381844

2021-09-03 20:06:19,192 INFO normalized prediction error: 0.18
2021-09-03 20:06:19,667 INFO Channel Stats: TP: 1  FP: 0  FN: 1 TN: 3
2021-09-03 20:06:19,667 INFO Total true positives: 34
2021-09-03 20:06:19,667 INFO Total false positives: 17
2021-09-03 20:06:19,667 INFO Total false negatives: 11
2021-09-03 20:06:19,667 INFO Total true negatives: 64

2021-09-03 20:06:19,676 INFO Stream # 35: T-2
2021-09-03 20:06:20,428 INFO units: 1000
2021-09-03 20:06:20,428 INFO input_scaling: 0.7
2021-09-03 20:06:20,428 INFO radius: 0.99
2021-09-03 20:06:20,428 INFO leaky: 1.0
2021-09-03 20:06:20,428 INFO learning_rate: 0.001
2021-09-03 20:08:35,533 INFO validation_loss: 0.012290154583752155

2021-09-03 20:09:08,548 INFO normalized prediction error: 0.08
2021-09-03 20:09:09,103 INFO Channel Stats: TP: 0  FP: 0  FN: 1 TN: 2
2021-09-03 20:09:09,104 INFO Total true positives: 34
2021-09-03 20:09:09,104 INFO Total false positives: 17
2021-09-03 20:09:09,104 INFO Total false negatives: 12
2021-09-03 20:09:09,104 INFO Total true negatives: 66

2021-09-03 20:09:09,115 INFO Stream # 36: D-8
2021-09-03 20:09:10,059 INFO units: 900
2021-09-03 20:09:10,059 INFO input_scaling: 0.6
2021-09-03 20:09:10,059 INFO radius: 0.7
2021-09-03 20:09:10,059 INFO leaky: 0.2
2021-09-03 20:09:10,059 INFO learning_rate: 0.01
2021-09-03 20:10:50,738 INFO validation_loss: 0.00036237380118109286

2021-09-03 20:11:22,985 INFO normalized prediction error: 0.00
2021-09-03 20:11:24,083 INFO Channel Stats: TP: 0  FP: 0  FN: 1 TN: 2
2021-09-03 20:11:24,083 INFO Total true positives: 34
2021-09-03 20:11:24,083 INFO Total false positives: 17
2021-09-03 20:11:24,083 INFO Total false negatives: 13
2021-09-03 20:11:24,083 INFO Total true negatives: 68

2021-09-03 20:11:24,091 INFO Stream # 37: D-9
2021-09-03 20:11:24,746 INFO units: 900
2021-09-03 20:11:24,746 INFO input_scaling: 0.9
2021-09-03 20:11:24,746 INFO radius: 0.3
2021-09-03 20:11:24,746 INFO leaky: 0.2
2021-09-03 20:11:24,747 INFO learning_rate: 0.0001
2021-09-03 20:13:05,416 INFO validation_loss: 3.5030013612047384e-11

2021-09-03 20:13:35,444 INFO normalized prediction error: 0.06
2021-09-03 20:13:35,949 INFO Channel Stats: TP: 1  FP: 0  FN: 0 TN: 2
2021-09-03 20:13:35,949 INFO Total true positives: 35
2021-09-03 20:13:35,949 INFO Total false positives: 17
2021-09-03 20:13:35,949 INFO Total false negatives: 13
2021-09-03 20:13:35,949 INFO Total true negatives: 70

2021-09-03 20:13:35,957 INFO Stream # 38: F-2
2021-09-03 20:13:36,655 INFO units: 800
2021-09-03 20:13:36,655 INFO input_scaling: 0.6
2021-09-03 20:13:36,655 INFO radius: 0.99
2021-09-03 20:13:36,655 INFO leaky: 0.4
2021-09-03 20:13:36,655 INFO learning_rate: 0.0001
2021-09-03 20:14:53,095 INFO validation_loss: 0.04326682165265083

2021-09-03 20:15:22,970 INFO normalized prediction error: 0.06
2021-09-03 20:15:24,013 INFO Channel Stats: TP: 1  FP: 0  FN: 0 TN: 2
2021-09-03 20:15:24,014 INFO Total true positives: 36
2021-09-03 20:15:24,014 INFO Total false positives: 17
2021-09-03 20:15:24,014 INFO Total false negatives: 13
2021-09-03 20:15:24,014 INFO Total true negatives: 72

2021-09-03 20:15:24,023 INFO Stream # 39: G-4
2021-09-03 20:15:24,683 INFO units: 300
2021-09-03 20:15:24,683 INFO input_scaling: 0.7
2021-09-03 20:15:24,683 INFO radius: 0.5
2021-09-03 20:15:24,683 INFO leaky: 0.1
2021-09-03 20:15:24,683 INFO learning_rate: 0.01
2021-09-03 20:15:39,992 INFO validation_loss: 4.8119909479282796e-05

2021-09-03 20:16:01,596 INFO normalized prediction error: 0.00
2021-09-03 20:16:02,271 INFO Channel Stats: TP: 1  FP: 0  FN: 0 TN: 2
2021-09-03 20:16:02,271 INFO Total true positives: 37
2021-09-03 20:16:02,271 INFO Total false positives: 17
2021-09-03 20:16:02,271 INFO Total false negatives: 13
2021-09-03 20:16:02,271 INFO Total true negatives: 74

2021-09-03 20:16:02,280 INFO Stream # 40: T-3
2021-09-03 20:16:02,990 INFO units: 700
2021-09-03 20:16:02,990 INFO input_scaling: 0.6
2021-09-03 20:16:02,990 INFO radius: 0.1
2021-09-03 20:16:02,990 INFO leaky: 0.1
2021-09-03 20:16:02,990 INFO learning_rate: 0.001
2021-09-03 20:16:55,153 INFO validation_loss: 0.00012382921704556793

2021-09-03 20:17:20,462 INFO normalized prediction error: 0.00
2021-09-03 20:17:21,499 INFO Channel Stats: TP: 2  FP: 0  FN: 0 TN: 3
2021-09-03 20:17:21,499 INFO Total true positives: 39
2021-09-03 20:17:21,499 INFO Total false positives: 17
2021-09-03 20:17:21,500 INFO Total false negatives: 13
2021-09-03 20:17:21,500 INFO Total true negatives: 77

2021-09-03 20:17:21,508 INFO Stream # 41: D-11
2021-09-03 20:17:22,330 INFO units: 300
2021-09-03 20:17:22,330 INFO input_scaling: 0.7
2021-09-03 20:17:22,330 INFO radius: 0.5
2021-09-03 20:17:22,330 INFO leaky: 0.1
2021-09-03 20:17:22,330 INFO learning_rate: 0.01
2021-09-03 20:17:38,644 INFO validation_loss: 0.00015649531269446015

2021-09-03 20:18:01,999 INFO normalized prediction error: 0.00
2021-09-03 20:18:02,846 INFO Channel Stats: TP: 1  FP: 0  FN: 0 TN: 2
2021-09-03 20:18:02,846 INFO Total true positives: 40
2021-09-03 20:18:02,846 INFO Total false positives: 17
2021-09-03 20:18:02,846 INFO Total false negatives: 13
2021-09-03 20:18:02,846 INFO Total true negatives: 79

2021-09-03 20:18:02,855 INFO Stream # 42: D-12
2021-09-03 20:18:03,200 INFO units: 900
2021-09-03 20:18:03,200 INFO input_scaling: 0.6
2021-09-03 20:18:03,200 INFO radius: 0.7
2021-09-03 20:18:03,200 INFO leaky: 0.2
2021-09-03 20:18:03,200 INFO learning_rate: 0.01
2021-09-03 20:19:36,185 INFO validation_loss: 7.973869062597155e-15

2021-09-03 20:20:05,094 INFO normalized prediction error: 0.08
2021-09-03 20:20:05,862 INFO Channel Stats: TP: 1  FP: 0  FN: 0 TN: 2
2021-09-03 20:20:05,862 INFO Total true positives: 41
2021-09-03 20:20:05,862 INFO Total false positives: 17
2021-09-03 20:20:05,862 INFO Total false negatives: 13
2021-09-03 20:20:05,862 INFO Total true negatives: 81

2021-09-03 20:20:05,873 INFO Stream # 43: B-1
2021-09-03 20:20:06,523 INFO units: 900
2021-09-03 20:20:06,523 INFO input_scaling: 0.6
2021-09-03 20:20:06,523 INFO radius: 0.7
2021-09-03 20:20:06,523 INFO leaky: 0.2
2021-09-03 20:20:06,523 INFO learning_rate: 0.01
2021-09-03 20:21:36,396 INFO validation_loss: 8.877351298508529e-09

2021-09-03 20:22:08,428 INFO normalized prediction error: 0.20
2021-09-03 20:22:08,909 INFO Channel Stats: TP: 1  FP: 0  FN: 0 TN: 2
2021-09-03 20:22:08,909 INFO Total true positives: 42
2021-09-03 20:22:08,910 INFO Total false positives: 17
2021-09-03 20:22:08,910 INFO Total false negatives: 13
2021-09-03 20:22:08,910 INFO Total true negatives: 83

2021-09-03 20:22:08,917 INFO Stream # 44: G-6
2021-09-03 20:22:09,575 INFO units: 700
2021-09-03 20:22:09,576 INFO input_scaling: 0.6
2021-09-03 20:22:09,576 INFO radius: 0.1
2021-09-03 20:22:09,576 INFO leaky: 0.1
2021-09-03 20:22:09,576 INFO learning_rate: 0.001
2021-09-03 20:23:03,008 INFO validation_loss: 1.1077109229873372e-09

2021-09-03 20:23:37,829 INFO normalized prediction error: 0.00
2021-09-03 20:23:38,785 INFO Channel Stats: TP: 1  FP: 0  FN: 0 TN: 2
2021-09-03 20:23:38,785 INFO Total true positives: 43
2021-09-03 20:23:38,785 INFO Total false positives: 17
2021-09-03 20:23:38,785 INFO Total false negatives: 13
2021-09-03 20:23:38,785 INFO Total true negatives: 85

2021-09-03 20:23:38,793 INFO Stream # 45: G-7
2021-09-03 20:23:39,383 INFO units: 400
2021-09-03 20:23:39,384 INFO input_scaling: 0.9
2021-09-03 20:23:39,384 INFO radius: 0.99
2021-09-03 20:23:39,384 INFO leaky: 0.3
2021-09-03 20:23:39,384 INFO learning_rate: 0.001
2021-09-03 20:24:02,021 INFO validation_loss: 0.03905224800109863

2021-09-03 20:24:33,995 INFO normalized prediction error: 0.03
2021-09-03 20:24:35,046 INFO Channel Stats: TP: 3  FP: 1  FN: 0 TN: 3
2021-09-03 20:24:35,046 INFO Total true positives: 46
2021-09-03 20:24:35,046 INFO Total false positives: 18
2021-09-03 20:24:35,046 INFO Total false negatives: 13
2021-09-03 20:24:35,046 INFO Total true negatives: 88

2021-09-03 20:24:35,056 INFO Stream # 46: P-7
2021-09-03 20:24:35,785 INFO units: 800
2021-09-03 20:24:35,785 INFO input_scaling: 0.6
2021-09-03 20:24:35,785 INFO radius: 0.99
2021-09-03 20:24:35,785 INFO leaky: 0.4
2021-09-03 20:24:35,785 INFO learning_rate: 0.0001
2021-09-03 20:25:47,252 INFO validation_loss: 0.007764535024762154

2021-09-03 20:26:14,707 INFO normalized prediction error: 0.03
2021-09-03 20:26:15,250 INFO Channel Stats: TP: 1  FP: 1  FN: 0 TN: 1
2021-09-03 20:26:15,251 INFO Total true positives: 47
2021-09-03 20:26:15,251 INFO Total false positives: 19
2021-09-03 20:26:15,251 INFO Total false negatives: 13
2021-09-03 20:26:15,251 INFO Total true negatives: 89

2021-09-03 20:26:15,265 INFO Stream # 47: R-1
2021-09-03 20:26:15,947 INFO units: 700
2021-09-03 20:26:15,948 INFO input_scaling: 0.6
2021-09-03 20:26:15,948 INFO radius: 0.1
2021-09-03 20:26:15,948 INFO leaky: 0.1
2021-09-03 20:26:15,948 INFO learning_rate: 0.001
2021-09-03 20:27:08,563 INFO validation_loss: 4.727842720591386e-15

2021-09-03 20:27:30,920 INFO normalized prediction error: 0.00
2021-09-03 20:27:31,540 INFO Channel Stats: TP: 0  FP: 0  FN: 1 TN: 2
2021-09-03 20:27:31,540 INFO Total true positives: 47
2021-09-03 20:27:31,540 INFO Total false positives: 19
2021-09-03 20:27:31,541 INFO Total false negatives: 14
2021-09-03 20:27:31,541 INFO Total true negatives: 91

2021-09-03 20:27:31,550 INFO Stream # 48: A-5
2021-09-03 20:27:31,850 INFO units: 900
2021-09-03 20:27:31,850 INFO input_scaling: 0.9
2021-09-03 20:27:31,850 INFO radius: 0.3
2021-09-03 20:27:31,850 INFO leaky: 0.2
2021-09-03 20:27:31,851 INFO learning_rate: 0.0001
2021-09-03 20:29:10,662 INFO validation_loss: 0.002330777468159795

2021-09-03 20:29:28,955 INFO normalized prediction error: 0.17
2021-09-03 20:29:29,230 INFO Channel Stats: TP: 1  FP: 0  FN: 0 TN: 2
2021-09-03 20:29:29,230 INFO Total true positives: 48
2021-09-03 20:29:29,230 INFO Total false positives: 19
2021-09-03 20:29:29,231 INFO Total false negatives: 14
2021-09-03 20:29:29,231 INFO Total true negatives: 93

2021-09-03 20:29:29,243 INFO Stream # 49: A-6
2021-09-03 20:29:29,579 INFO units: 700
2021-09-03 20:29:29,580 INFO input_scaling: 0.6
2021-09-03 20:29:29,580 INFO radius: 0.1
2021-09-03 20:29:29,580 INFO leaky: 0.1
2021-09-03 20:29:29,580 INFO learning_rate: 0.001
2021-09-03 20:30:22,957 INFO validation_loss: 0.0014023580588400364

2021-09-03 20:30:39,262 INFO normalized prediction error: 0.19
2021-09-03 20:30:39,544 INFO Channel Stats: TP: 1  FP: 0  FN: 0 TN: 2
2021-09-03 20:30:39,544 INFO Total true positives: 49
2021-09-03 20:30:39,544 INFO Total false positives: 19
2021-09-03 20:30:39,544 INFO Total false negatives: 14
2021-09-03 20:30:39,544 INFO Total true negatives: 95

2021-09-03 20:30:39,553 INFO Stream # 50: A-7
2021-09-03 20:30:40,363 INFO units: 800
2021-09-03 20:30:40,363 INFO input_scaling: 1.0
2021-09-03 20:30:40,363 INFO radius: 0.7
2021-09-03 20:30:40,363 INFO leaky: 0.8
2021-09-03 20:30:40,363 INFO learning_rate: 0.0001
2021-09-03 20:31:58,916 INFO validation_loss: 0.03925033286213875

2021-09-03 20:32:32,657 INFO normalized prediction error: 0.12
2021-09-03 20:32:33,322 INFO Channel Stats: TP: 1  FP: 0  FN: 0 TN: 2
2021-09-03 20:32:33,322 INFO Total true positives: 50
2021-09-03 20:32:33,322 INFO Total false positives: 19
2021-09-03 20:32:33,322 INFO Total false negatives: 14
2021-09-03 20:32:33,322 INFO Total true negatives: 97

2021-09-03 20:32:33,332 INFO Stream # 51: D-13
2021-09-03 20:32:33,821 INFO units: 900
2021-09-03 20:32:33,821 INFO input_scaling: 0.6
2021-09-03 20:32:33,821 INFO radius: 0.7
2021-09-03 20:32:33,821 INFO leaky: 0.2
2021-09-03 20:32:33,822 INFO learning_rate: 0.01
2021-09-03 20:34:13,530 INFO validation_loss: 4.0264088077394695e-15

2021-09-03 20:34:45,025 INFO normalized prediction error: 0.19
2021-09-03 20:34:45,744 INFO Channel Stats: TP: 1  FP: 0  FN: 0 TN: 2
2021-09-03 20:34:45,744 INFO Total true positives: 51
2021-09-03 20:34:45,744 INFO Total false positives: 19
2021-09-03 20:34:45,744 INFO Total false negatives: 14
2021-09-03 20:34:45,744 INFO Total true negatives: 99

2021-09-03 20:34:45,759 INFO Stream # 52: P-2
2021-09-03 20:34:46,453 INFO units: 700
2021-09-03 20:34:46,454 INFO input_scaling: 0.6
2021-09-03 20:34:46,454 INFO radius: 0.1
2021-09-03 20:34:46,454 INFO leaky: 0.1
2021-09-03 20:34:46,454 INFO learning_rate: 0.001
2021-09-03 20:35:39,075 INFO validation_loss: 0.0007430209661833942

2021-09-03 20:36:10,279 INFO normalized prediction error: 0.05
2021-09-03 20:36:10,851 INFO Channel Stats: TP: 1  FP: 0  FN: 0 TN: 2
2021-09-03 20:36:10,851 INFO Total true positives: 52
2021-09-03 20:36:10,851 INFO Total false positives: 19
2021-09-03 20:36:10,851 INFO Total false negatives: 14
2021-09-03 20:36:10,851 INFO Total true negatives: 101

2021-09-03 20:36:10,861 INFO Stream # 53: A-8
2021-09-03 20:36:11,257 INFO units: 900
2021-09-03 20:36:11,257 INFO input_scaling: 0.8
2021-09-03 20:36:11,257 INFO radius: 0.3
2021-09-03 20:36:11,257 INFO leaky: 0.5
2021-09-03 20:36:11,257 INFO learning_rate: 0.01
2021-09-03 20:37:52,273 INFO validation_loss: 2.286601784362574e-06

2021-09-03 20:38:24,497 INFO normalized prediction error: 0.01
2021-09-03 20:38:24,933 INFO Channel Stats: TP: 0  FP: 0  FN: 1 TN: 2
2021-09-03 20:38:24,933 INFO Total true positives: 52
2021-09-03 20:38:24,934 INFO Total false positives: 19
2021-09-03 20:38:24,934 INFO Total false negatives: 15
2021-09-03 20:38:24,934 INFO Total true negatives: 103

2021-09-03 20:38:24,948 INFO Stream # 54: A-9
2021-09-03 20:38:25,376 INFO units: 900
2021-09-03 20:38:25,377 INFO input_scaling: 0.9
2021-09-03 20:38:25,377 INFO radius: 0.3
2021-09-03 20:38:25,377 INFO leaky: 0.2
2021-09-03 20:38:25,377 INFO learning_rate: 0.0001
2021-09-03 20:40:05,933 INFO validation_loss: 1.2785918990232403e-09

2021-09-03 20:40:38,874 INFO normalized prediction error: 0.00
2021-09-03 20:40:39,668 INFO Channel Stats: TP: 0  FP: 0  FN: 1 TN: 2
2021-09-03 20:40:39,669 INFO Total true positives: 52
2021-09-03 20:40:39,669 INFO Total false positives: 19
2021-09-03 20:40:39,669 INFO Total false negatives: 16
2021-09-03 20:40:39,669 INFO Total true negatives: 105

2021-09-03 20:40:39,686 INFO Stream # 55: F-3
2021-09-03 20:40:40,416 INFO units: 700
2021-09-03 20:40:40,417 INFO input_scaling: 0.6
2021-09-03 20:40:40,417 INFO radius: 0.1
2021-09-03 20:40:40,417 INFO leaky: 0.1
2021-09-03 20:40:40,417 INFO learning_rate: 0.001
2021-09-03 20:41:32,905 INFO validation_loss: 1.0716361430240795e-05

2021-09-03 20:42:05,404 INFO normalized prediction error: 0.00
2021-09-03 20:42:06,129 INFO Channel Stats: TP: 0  FP: 0  FN: 1 TN: 2
2021-09-03 20:42:06,129 INFO Total true positives: 52
2021-09-03 20:42:06,129 INFO Total false positives: 19
2021-09-03 20:42:06,129 INFO Total false negatives: 17
2021-09-03 20:42:06,129 INFO Total true negatives: 107

2021-09-03 20:42:06,141 INFO Stream # 56: M-6
2021-09-03 20:42:06,749 INFO units: 700
2021-09-03 20:42:06,750 INFO input_scaling: 0.6
2021-09-03 20:42:06,750 INFO radius: 0.1
2021-09-03 20:42:06,750 INFO leaky: 0.1
2021-09-03 20:42:06,750 INFO learning_rate: 0.001
2021-09-03 20:43:00,177 INFO validation_loss: 0.0005117421969771385

2021-09-03 20:43:07,075 INFO normalized prediction error: 0.05
2021-09-03 20:43:07,088 INFO Channel Stats: TP: 1  FP: 0  FN: 0 TN: 2
2021-09-03 20:43:07,088 INFO Total true positives: 53
2021-09-03 20:43:07,088 INFO Total false positives: 19
2021-09-03 20:43:07,088 INFO Total false negatives: 17
2021-09-03 20:43:07,088 INFO Total true negatives: 109

2021-09-03 20:43:07,098 INFO Stream # 57: M-1
2021-09-03 20:43:08,019 INFO units: 800
2021-09-03 20:43:08,019 INFO input_scaling: 0.8
2021-09-03 20:43:08,020 INFO radius: 0.99
2021-09-03 20:43:08,020 INFO leaky: 0.2
2021-09-03 20:43:08,020 INFO learning_rate: 0.0001
2021-09-03 20:44:23,283 INFO validation_loss: 0.302603155374527

2021-09-03 20:44:31,643 INFO normalized prediction error: 0.10
2021-09-03 20:44:31,649 INFO Channel Stats: TP: 0  FP: 0  FN: 1 TN: 2
2021-09-03 20:44:31,649 INFO Total true positives: 53
2021-09-03 20:44:31,649 INFO Total false positives: 19
2021-09-03 20:44:31,649 INFO Total false negatives: 18
2021-09-03 20:44:31,649 INFO Total true negatives: 111

2021-09-03 20:44:31,657 INFO Stream # 58: M-2
2021-09-03 20:44:32,741 INFO units: 700
2021-09-03 20:44:32,741 INFO input_scaling: 0.6
2021-09-03 20:44:32,741 INFO radius: 0.1
2021-09-03 20:44:32,741 INFO leaky: 0.1
2021-09-03 20:44:32,741 INFO learning_rate: 0.001
2021-09-03 20:45:23,384 INFO validation_loss: 0.016878632828593254

2021-09-03 20:45:32,426 INFO normalized prediction error: 0.13
2021-09-03 20:45:32,432 INFO Channel Stats: TP: 0  FP: 0  FN: 1 TN: 2
2021-09-03 20:45:32,432 INFO Total true positives: 53
2021-09-03 20:45:32,432 INFO Total false positives: 19
2021-09-03 20:45:32,432 INFO Total false negatives: 19
2021-09-03 20:45:32,432 INFO Total true negatives: 113

2021-09-03 20:45:32,441 INFO Stream # 59: S-2
2021-09-03 20:45:32,894 INFO units: 700
2021-09-03 20:45:32,894 INFO input_scaling: 0.6
2021-09-03 20:45:32,894 INFO radius: 0.1
2021-09-03 20:45:32,894 INFO leaky: 0.1
2021-09-03 20:45:32,894 INFO learning_rate: 0.001
2021-09-03 20:46:27,072 INFO validation_loss: 5.47098861716222e-05

2021-09-03 20:46:34,129 INFO normalized prediction error: 0.01
2021-09-03 20:46:34,141 INFO Channel Stats: TP: 1  FP: 0  FN: 0 TN: 2
2021-09-03 20:46:34,141 INFO Total true positives: 54
2021-09-03 20:46:34,141 INFO Total false positives: 19
2021-09-03 20:46:34,141 INFO Total false negatives: 19
2021-09-03 20:46:34,141 INFO Total true negatives: 115

2021-09-03 20:46:34,152 INFO Stream # 60: P-10
2021-09-03 20:46:35,935 INFO units: 900
2021-09-03 20:46:35,935 INFO input_scaling: 0.8
2021-09-03 20:46:35,935 INFO radius: 0.1
2021-09-03 20:46:35,935 INFO leaky: 0.5
2021-09-03 20:46:35,935 INFO learning_rate: 0.0001
2021-09-03 20:48:20,780 INFO validation_loss: 0.002451089210808277

2021-09-03 20:48:45,126 INFO normalized prediction error: 0.08
2021-09-03 20:48:45,512 INFO Channel Stats: TP: 1  FP: 0  FN: 0 TN: 2
2021-09-03 20:48:45,512 INFO Total true positives: 55
2021-09-03 20:48:45,512 INFO Total false positives: 19
2021-09-03 20:48:45,512 INFO Total false negatives: 19
2021-09-03 20:48:45,512 INFO Total true negatives: 117

2021-09-03 20:48:45,523 INFO Stream # 61: T-4
2021-09-03 20:48:46,494 INFO units: 1000
2021-09-03 20:48:46,494 INFO input_scaling: 0.9
2021-09-03 20:48:46,494 INFO radius: 0.6
2021-09-03 20:48:46,494 INFO leaky: 0.1
2021-09-03 20:48:46,494 INFO learning_rate: 0.01
2021-09-03 20:51:00,105 INFO validation_loss: 0.15641306340694427

2021-09-03 20:51:08,522 INFO normalized prediction error: 0.16
2021-09-03 20:51:08,532 INFO Channel Stats: TP: 0  FP: 0  FN: 1 TN: 2
2021-09-03 20:51:08,532 INFO Total true positives: 55
2021-09-03 20:51:08,532 INFO Total false positives: 19
2021-09-03 20:51:08,533 INFO Total false negatives: 20
2021-09-03 20:51:08,533 INFO Total true negatives: 119

2021-09-03 20:51:08,543 INFO Stream # 62: T-5
2021-09-03 20:51:09,432 INFO units: 700
2021-09-03 20:51:09,432 INFO input_scaling: 0.6
2021-09-03 20:51:09,432 INFO radius: 0.1
2021-09-03 20:51:09,432 INFO leaky: 0.1
2021-09-03 20:51:09,433 INFO learning_rate: 0.001
2021-09-03 20:52:03,207 INFO validation_loss: 0.00017589342314749956

2021-09-03 20:52:11,995 INFO normalized prediction error: 0.01
2021-09-03 20:52:12,013 INFO Channel Stats: TP: 1  FP: 0  FN: 0 TN: 2
2021-09-03 20:52:12,013 INFO Total true positives: 56
2021-09-03 20:52:12,013 INFO Total false positives: 19
2021-09-03 20:52:12,013 INFO Total false negatives: 20
2021-09-03 20:52:12,013 INFO Total true negatives: 121

2021-09-03 20:52:12,023 INFO Stream # 63: F-7
2021-09-03 20:52:13,179 INFO units: 400
2021-09-03 20:52:13,179 INFO input_scaling: 0.5
2021-09-03 20:52:13,179 INFO radius: 0.3
2021-09-03 20:52:13,179 INFO leaky: 0.8
2021-09-03 20:52:13,179 INFO learning_rate: 0.0001
2021-09-03 20:52:33,330 INFO validation_loss: 0.4243038296699524

2021-09-03 20:52:52,541 INFO normalized prediction error: 0.21
2021-09-03 20:52:52,793 INFO Channel Stats: TP: 0  FP: 0  FN: 3 TN: 4
2021-09-03 20:52:52,794 INFO Total true positives: 56
2021-09-03 20:52:52,794 INFO Total false positives: 19
2021-09-03 20:52:52,794 INFO Total false negatives: 23
2021-09-03 20:52:52,794 INFO Total true negatives: 125

2021-09-03 20:52:52,803 INFO Stream # 64: M-3
2021-09-03 20:52:53,602 INFO units: 300
2021-09-03 20:52:53,602 INFO input_scaling: 0.7
2021-09-03 20:52:53,603 INFO radius: 0.5
2021-09-03 20:52:53,603 INFO leaky: 0.1
2021-09-03 20:52:53,603 INFO learning_rate: 0.01
2021-09-03 20:53:11,032 INFO validation_loss: 0.1661534458398819

2021-09-03 20:53:18,598 INFO normalized prediction error: 0.08
2021-09-03 20:53:18,608 INFO Channel Stats: TP: 0  FP: 0  FN: 1 TN: 2
2021-09-03 20:53:18,608 INFO Total true positives: 56
2021-09-03 20:53:18,608 INFO Total false positives: 19
2021-09-03 20:53:18,608 INFO Total false negatives: 24
2021-09-03 20:53:18,608 INFO Total true negatives: 127

2021-09-03 20:53:18,617 INFO Stream # 65: M-4
2021-09-03 20:53:19,395 INFO units: 600
2021-09-03 20:53:19,395 INFO input_scaling: 0.9
2021-09-03 20:53:19,395 INFO radius: 0.4
2021-09-03 20:53:19,395 INFO leaky: 0.6
2021-09-03 20:53:19,396 INFO learning_rate: 0.0001
2021-09-03 20:53:59,036 INFO validation_loss: 0.005493654869496822

2021-09-03 20:54:06,211 INFO normalized prediction error: 0.09
2021-09-03 20:54:06,217 INFO Channel Stats: TP: 0  FP: 0  FN: 1 TN: 2
2021-09-03 20:54:06,217 INFO Total true positives: 56
2021-09-03 20:54:06,217 INFO Total false positives: 19
2021-09-03 20:54:06,217 INFO Total false negatives: 25
2021-09-03 20:54:06,217 INFO Total true negatives: 129

2021-09-03 20:54:06,226 INFO Stream # 66: M-5
2021-09-03 20:54:07,338 INFO units: 400
2021-09-03 20:54:07,338 INFO input_scaling: 0.9
2021-09-03 20:54:07,339 INFO radius: 0.99
2021-09-03 20:54:07,339 INFO leaky: 0.3
2021-09-03 20:54:07,339 INFO learning_rate: 0.001
2021-09-03 20:54:28,116 INFO validation_loss: 0.3214442729949951

2021-09-03 20:54:36,200 INFO normalized prediction error: 0.16
2021-09-03 20:54:36,212 INFO Channel Stats: TP: 0  FP: 1  FN: 1 TN: 1
2021-09-03 20:54:36,212 INFO Total true positives: 56
2021-09-03 20:54:36,212 INFO Total false positives: 20
2021-09-03 20:54:36,212 INFO Total false negatives: 26
2021-09-03 20:54:36,212 INFO Total true negatives: 130

2021-09-03 20:54:36,223 INFO Stream # 67: P-15
2021-09-03 20:54:37,795 INFO units: 1000
2021-09-03 20:54:37,795 INFO input_scaling: 0.9
2021-09-03 20:54:37,795 INFO radius: 0.6
2021-09-03 20:54:37,796 INFO leaky: 0.1
2021-09-03 20:54:37,796 INFO learning_rate: 0.01
2021-09-03 20:56:52,099 INFO validation_loss: 0.0005848711589351296

2021-09-03 20:57:05,382 INFO normalized prediction error: 0.13
2021-09-03 20:57:05,413 INFO Channel Stats: TP: 0  FP: 0  FN: 1 TN: 2
2021-09-03 20:57:05,414 INFO Total true positives: 56
2021-09-03 20:57:05,414 INFO Total false positives: 20
2021-09-03 20:57:05,414 INFO Total false negatives: 27
2021-09-03 20:57:05,414 INFO Total true negatives: 132

2021-09-03 20:57:05,427 INFO Stream # 68: C-1
2021-09-03 20:57:06,328 INFO units: 1000
2021-09-03 20:57:06,328 INFO input_scaling: 0.9
2021-09-03 20:57:06,328 INFO radius: 0.6
2021-09-03 20:57:06,328 INFO leaky: 0.1
2021-09-03 20:57:06,328 INFO learning_rate: 0.01
2021-09-03 20:59:19,197 INFO validation_loss: 0.26649218797683716

2021-09-03 20:59:30,074 INFO normalized prediction error: 0.05
2021-09-03 20:59:30,091 INFO Channel Stats: TP: 1  FP: 0  FN: 1 TN: 3
2021-09-03 20:59:30,091 INFO Total true positives: 57
2021-09-03 20:59:30,091 INFO Total false positives: 20
2021-09-03 20:59:30,091 INFO Total false negatives: 28
2021-09-03 20:59:30,091 INFO Total true negatives: 135

2021-09-03 20:59:30,104 INFO Stream # 69: C-2
2021-09-03 20:59:30,466 INFO units: 900
2021-09-03 20:59:30,466 INFO input_scaling: 0.9
2021-09-03 20:59:30,466 INFO radius: 0.3
2021-09-03 20:59:30,466 INFO leaky: 0.2
2021-09-03 20:59:30,466 INFO learning_rate: 0.0001
2021-09-03 21:01:12,110 INFO validation_loss: 0.00034120306372642517

2021-09-03 21:01:20,060 INFO normalized prediction error: 0.15
2021-09-03 21:01:20,069 INFO Channel Stats: TP: 1  FP: 0  FN: 1 TN: 3
2021-09-03 21:01:20,069 INFO Total true positives: 58
2021-09-03 21:01:20,069 INFO Total false positives: 20
2021-09-03 21:01:20,069 INFO Total false negatives: 29
2021-09-03 21:01:20,069 INFO Total true negatives: 138

2021-09-03 21:01:20,079 INFO Stream # 70: T-12
2021-09-03 21:01:20,583 INFO units: 500
2021-09-03 21:01:20,583 INFO input_scaling: 0.8
2021-09-03 21:01:20,583 INFO radius: 0.4
2021-09-03 21:01:20,583 INFO leaky: 0.3
2021-09-03 21:01:20,583 INFO learning_rate: 0.001
2021-09-03 21:01:48,661 INFO validation_loss: 9.066045458894223e-05

2021-09-03 21:01:57,379 INFO normalized prediction error: 0.02
2021-09-03 21:01:57,409 INFO Channel Stats: TP: 1  FP: 0  FN: 0 TN: 2
2021-09-03 21:01:57,409 INFO Total true positives: 59
2021-09-03 21:01:57,409 INFO Total false positives: 20
2021-09-03 21:01:57,409 INFO Total false negatives: 29
2021-09-03 21:01:57,409 INFO Total true negatives: 140

2021-09-03 21:01:57,421 INFO Stream # 71: T-13
2021-09-03 21:01:57,951 INFO units: 900
2021-09-03 21:01:57,951 INFO input_scaling: 0.9
2021-09-03 21:01:57,951 INFO radius: 0.3
2021-09-03 21:01:57,951 INFO leaky: 0.2
2021-09-03 21:01:57,951 INFO learning_rate: 0.0001
2021-09-03 21:03:39,643 INFO validation_loss: 1.2574787433550227e-07

2021-09-03 21:03:48,265 INFO normalized prediction error: 0.00
2021-09-03 21:03:48,285 INFO Channel Stats: TP: 0  FP: 0  FN: 2 TN: 3
2021-09-03 21:03:48,285 INFO Total true positives: 59
2021-09-03 21:03:48,286 INFO Total false positives: 20
2021-09-03 21:03:48,286 INFO Total false negatives: 31
2021-09-03 21:03:48,286 INFO Total true negatives: 143

2021-09-03 21:03:48,302 INFO Stream # 72: F-4
2021-09-03 21:03:49,177 INFO units: 700
2021-09-03 21:03:49,177 INFO input_scaling: 0.6
2021-09-03 21:03:49,177 INFO radius: 0.1
2021-09-03 21:03:49,178 INFO leaky: 0.1
2021-09-03 21:03:49,178 INFO learning_rate: 0.001
2021-09-03 21:04:41,904 INFO validation_loss: 0.07209580391645432

2021-09-03 21:04:55,687 INFO normalized prediction error: 0.03
2021-09-03 21:04:55,822 INFO Channel Stats: TP: 0  FP: 2  FN: 1 TN: 0
2021-09-03 21:04:55,822 INFO Total true positives: 59
2021-09-03 21:04:55,823 INFO Total false positives: 22
2021-09-03 21:04:55,823 INFO Total false negatives: 32
2021-09-03 21:04:55,823 INFO Total true negatives: 143

2021-09-03 21:04:55,834 INFO Stream # 73: F-5
2021-09-03 21:04:57,192 INFO units: 300
2021-09-03 21:04:57,192 INFO input_scaling: 0.5
2021-09-03 21:04:57,192 INFO radius: 0.8
2021-09-03 21:04:57,192 INFO leaky: 0.5
2021-09-03 21:04:57,192 INFO learning_rate: 0.0001
2021-09-03 21:05:13,997 INFO validation_loss: 0.67978435754776

2021-09-03 21:05:28,453 INFO normalized prediction error: 0.05
2021-09-03 21:05:28,718 INFO Channel Stats: TP: 1  FP: 0  FN: 0 TN: 2
2021-09-03 21:05:28,718 INFO Total true positives: 60
2021-09-03 21:05:28,719 INFO Total false positives: 22
2021-09-03 21:05:28,719 INFO Total false negatives: 32
2021-09-03 21:05:28,719 INFO Total true negatives: 145

2021-09-03 21:05:28,729 INFO Stream # 74: D-14
2021-09-03 21:05:30,041 INFO units: 700
2021-09-03 21:05:30,041 INFO input_scaling: 0.6
2021-09-03 21:05:30,041 INFO radius: 0.1
2021-09-03 21:05:30,042 INFO leaky: 0.1
2021-09-03 21:05:30,042 INFO learning_rate: 0.001
2021-09-03 21:06:23,113 INFO validation_loss: 4.5317392505239695e-05

2021-09-03 21:06:32,877 INFO normalized prediction error: 0.05
2021-09-03 21:06:32,923 INFO Channel Stats: TP: 1  FP: 0  FN: 1 TN: 3
2021-09-03 21:06:32,923 INFO Total true positives: 61
2021-09-03 21:06:32,923 INFO Total false positives: 22
2021-09-03 21:06:32,923 INFO Total false negatives: 33
2021-09-03 21:06:32,923 INFO Total true negatives: 148

2021-09-03 21:06:32,935 INFO Stream # 75: T-9
2021-09-03 21:06:33,157 INFO units: 700
2021-09-03 21:06:33,157 INFO input_scaling: 0.6
2021-09-03 21:06:33,157 INFO radius: 0.1
2021-09-03 21:06:33,157 INFO leaky: 0.1
2021-09-03 21:06:33,157 INFO learning_rate: 0.001
2021-09-03 21:07:21,242 INFO validation_loss: 0.005243438296020031

2021-09-03 21:07:24,996 INFO normalized prediction error: 0.19
2021-09-03 21:07:25,003 INFO Channel Stats: TP: 0  FP: 0  FN: 2 TN: 3
2021-09-03 21:07:25,003 INFO Total true positives: 61
2021-09-03 21:07:25,003 INFO Total false positives: 22
2021-09-03 21:07:25,003 INFO Total false negatives: 35
2021-09-03 21:07:25,003 INFO Total true negatives: 151

2021-09-03 21:07:25,014 INFO Stream # 76: P-14
2021-09-03 21:07:26,660 INFO units: 700
2021-09-03 21:07:26,661 INFO input_scaling: 0.6
2021-09-03 21:07:26,661 INFO radius: 0.1
2021-09-03 21:07:26,661 INFO leaky: 0.1
2021-09-03 21:07:26,661 INFO learning_rate: 0.001
2021-09-03 21:08:19,878 INFO validation_loss: 1.8018009768638876e-06

2021-09-03 21:08:45,413 INFO normalized prediction error: 0.11
2021-09-03 21:08:45,845 INFO Channel Stats: TP: 1  FP: 0  FN: 0 TN: 2
2021-09-03 21:08:45,845 INFO Total true positives: 62
2021-09-03 21:08:45,845 INFO Total false positives: 22
2021-09-03 21:08:45,846 INFO Total false negatives: 35
2021-09-03 21:08:45,846 INFO Total true negatives: 153

2021-09-03 21:08:45,856 INFO Stream # 77: T-8
2021-09-03 21:08:46,303 INFO units: 700
2021-09-03 21:08:46,304 INFO input_scaling: 0.6
2021-09-03 21:08:46,304 INFO radius: 0.1
2021-09-03 21:08:46,317 INFO leaky: 0.1
2021-09-03 21:08:46,317 INFO learning_rate: 0.001
2021-09-03 21:09:39,370 INFO validation_loss: 0.13091973960399628

2021-09-03 21:09:44,681 INFO normalized prediction error: 0.02
2021-09-03 21:09:44,694 INFO Channel Stats: TP: 2  FP: 0  FN: 0 TN: 3
2021-09-03 21:09:44,694 INFO Total true positives: 64
2021-09-03 21:09:44,694 INFO Total false positives: 22
2021-09-03 21:09:44,694 INFO Total false negatives: 35
2021-09-03 21:09:44,694 INFO Total true negatives: 156

2021-09-03 21:09:44,706 INFO Stream # 78: P-11
2021-09-03 21:09:46,335 INFO units: 1000
2021-09-03 21:09:46,336 INFO input_scaling: 0.5
2021-09-03 21:09:46,336 INFO radius: 0.2
2021-09-03 21:09:46,336 INFO leaky: 1.0
2021-09-03 21:09:46,336 INFO learning_rate: 0.01
2021-09-03 21:12:06,500 INFO validation_loss: 0.003195642726495862

2021-09-03 21:12:20,824 INFO normalized prediction error: 0.03
2021-09-03 21:12:20,980 INFO Channel Stats: TP: 2  FP: 0  FN: 0 TN: 3
2021-09-03 21:12:20,980 INFO Total true positives: 66
2021-09-03 21:12:20,980 INFO Total false positives: 22
2021-09-03 21:12:20,980 INFO Total false negatives: 35
2021-09-03 21:12:20,980 INFO Total true negatives: 159

2021-09-03 21:12:20,991 INFO Stream # 79: D-15
2021-09-03 21:12:21,793 INFO units: 600
2021-09-03 21:12:21,794 INFO input_scaling: 0.9
2021-09-03 21:12:21,794 INFO radius: 0.7
2021-09-03 21:12:21,794 INFO leaky: 0.4
2021-09-03 21:12:21,794 INFO learning_rate: 0.01
2021-09-03 21:13:00,672 INFO validation_loss: 0.7041283249855042

2021-09-03 21:13:08,979 INFO normalized prediction error: 0.17
2021-09-03 21:13:08,987 INFO Channel Stats: TP: 0  FP: 0  FN: 1 TN: 2
2021-09-03 21:13:08,987 INFO Total true positives: 66
2021-09-03 21:13:08,987 INFO Total false positives: 22
2021-09-03 21:13:08,987 INFO Total false negatives: 36
2021-09-03 21:13:08,988 INFO Total true negatives: 161

2021-09-03 21:13:08,999 INFO Stream # 80: D-16
2021-09-03 21:13:09,613 INFO units: 500
2021-09-03 21:13:09,613 INFO input_scaling: 0.8
2021-09-03 21:13:09,613 INFO radius: 0.4
2021-09-03 21:13:09,613 INFO leaky: 0.3
2021-09-03 21:13:09,613 INFO learning_rate: 0.001
2021-09-03 21:13:37,863 INFO validation_loss: 4.389665126800537

2021-09-03 21:13:45,437 INFO normalized prediction error: 0.31
2021-09-03 21:13:45,443 INFO Channel Stats: TP: 0  FP: 0  FN: 1 TN: 2
2021-09-03 21:13:45,444 INFO Total true positives: 66
2021-09-03 21:13:45,444 INFO Total false positives: 22
2021-09-03 21:13:45,444 INFO Total false negatives: 37
2021-09-03 21:13:45,444 INFO Total true negatives: 163

2021-09-03 21:13:45,456 INFO Stream # 81: M-7
2021-09-03 21:13:46,041 INFO units: 700
2021-09-03 21:13:46,041 INFO input_scaling: 0.6
2021-09-03 21:13:46,041 INFO radius: 0.1
2021-09-03 21:13:46,041 INFO leaky: 0.1
2021-09-03 21:13:46,041 INFO learning_rate: 0.001
2021-09-03 21:14:40,501 INFO validation_loss: 0.000644432264380157

2021-09-03 21:14:48,485 INFO normalized prediction error: 0.03
2021-09-03 21:14:48,500 INFO Channel Stats: TP: 1  FP: 0  FN: 0 TN: 2
2021-09-03 21:14:48,500 INFO Total true positives: 67
2021-09-03 21:14:48,500 INFO Total false positives: 22
2021-09-03 21:14:48,500 INFO Total false negatives: 37
2021-09-03 21:14:48,500 INFO Total true negatives: 165

2021-09-03 21:14:48,510 INFO Stream # 82: F-8
2021-09-03 21:14:49,810 INFO units: 600
2021-09-03 21:14:49,810 INFO input_scaling: 0.9
2021-09-03 21:14:49,810 INFO radius: 0.7
2021-09-03 21:14:49,810 INFO leaky: 0.4
2021-09-03 21:14:49,810 INFO learning_rate: 0.01
2021-09-03 21:15:29,307 INFO validation_loss: 0.27451983094215393

2021-09-03 21:15:38,564 INFO normalized prediction error: 0.14
2021-09-03 21:15:38,584 INFO Channel Stats: TP: 1  FP: 0  FN: 0 TN: 2
2021-09-03 21:15:38,585 INFO Total true positives: 68
2021-09-03 21:15:38,585 INFO Total false positives: 22
2021-09-03 21:15:38,585 INFO Total false negatives: 37
2021-09-03 21:15:38,585 INFO Total true negatives: 167

2021-09-03 21:15:38,595 INFO Final Totals:
2021-09-03 21:15:38,595 INFO -----------------
2021-09-03 21:15:38,595 INFO True Positives: 68
2021-09-03 21:15:38,595 INFO False Positives: 22
2021-09-03 21:15:38,596 INFO False Negatives: 37
2021-09-03 21:15:38,596 INFO True Negatives: 167

2021-09-03 21:15:38,596 INFO Precision: 0.76
2021-09-03 21:15:38,596 INFO Recall: 0.65

