2021-09-03 21:22:31,447 INFO 82 channels found for processing.
2021-09-03 21:22:31,447 INFO Execution mode: train_and_predict

2021-09-03 21:22:31,448 INFO Stream # 1: P-1
2021-09-03 21:22:32,392 INFO units: 700
2021-09-03 21:22:32,393 INFO input_scaling: 0.8
2021-09-03 21:22:32,393 INFO radius: 0.99
2021-09-03 21:22:32,393 INFO leaky: 0.1
2021-09-03 21:22:32,393 INFO learning_rate: 0.0001
2021-09-03 21:24:19,484 INFO validation_loss: 0.15286897122859955

2021-09-03 21:25:31,060 INFO normalized prediction error: 0.13
2021-09-03 21:25:31,969 INFO Channel Stats: TP: 2  FP: 0  FN: 1 TN: 4
2021-09-03 21:25:31,969 INFO Total true positives: 2
2021-09-03 21:25:31,970 INFO Total false positives: 0
2021-09-03 21:25:31,970 INFO Total false negatives: 1
2021-09-03 21:25:31,970 INFO Total true negatives: 4

2021-09-03 21:25:31,978 INFO Stream # 2: S-1
2021-09-03 21:25:32,686 INFO units: 800
2021-09-03 21:25:32,687 INFO input_scaling: 0.8
2021-09-03 21:25:32,687 INFO radius: 0.9
2021-09-03 21:25:32,687 INFO leaky: 0.3
2021-09-03 21:25:32,687 INFO learning_rate: 0.001
2021-09-03 21:27:59,915 INFO validation_loss: 0.28667962551116943

2021-09-03 21:29:12,928 INFO normalized prediction error: 0.18
2021-09-03 21:29:13,671 INFO Channel Stats: TP: 1  FP: 0  FN: 0 TN: 2
2021-09-03 21:29:13,671 INFO Total true positives: 3
2021-09-03 21:29:13,671 INFO Total false positives: 0
2021-09-03 21:29:13,671 INFO Total false negatives: 1
2021-09-03 21:29:13,672 INFO Total true negatives: 6

2021-09-03 21:29:13,677 INFO Stream # 3: E-1
2021-09-03 21:29:14,434 INFO units: 800
2021-09-03 21:29:14,434 INFO input_scaling: 0.8
2021-09-03 21:29:14,434 INFO radius: 0.99
2021-09-03 21:29:14,434 INFO leaky: 0.2
2021-09-03 21:29:14,434 INFO learning_rate: 0.0001
2021-09-03 21:31:42,858 INFO validation_loss: 0.5436686873435974

2021-09-03 21:32:56,800 INFO normalized prediction error: 0.16
2021-09-03 21:32:57,471 INFO Channel Stats: TP: 2  FP: 0  FN: 0 TN: 3
2021-09-03 21:32:57,471 INFO Total true positives: 5
2021-09-03 21:32:57,471 INFO Total false positives: 0
2021-09-03 21:32:57,471 INFO Total false negatives: 1
2021-09-03 21:32:57,471 INFO Total true negatives: 9

2021-09-03 21:32:57,477 INFO Stream # 4: E-2
2021-09-03 21:32:58,212 INFO units: 800
2021-09-03 21:32:58,212 INFO input_scaling: 0.6
2021-09-03 21:32:58,212 INFO radius: 0.99
2021-09-03 21:32:58,212 INFO leaky: 0.4
2021-09-03 21:32:58,212 INFO learning_rate: 0.0001
2021-09-03 21:35:28,645 INFO validation_loss: 0.080508753657341

2021-09-03 21:36:46,461 INFO normalized prediction error: 0.11
2021-09-03 21:36:47,220 INFO Channel Stats: TP: 1  FP: 1  FN: 0 TN: 1
2021-09-03 21:36:47,221 INFO Total true positives: 6
2021-09-03 21:36:47,221 INFO Total false positives: 1
2021-09-03 21:36:47,221 INFO Total false negatives: 1
2021-09-03 21:36:47,221 INFO Total true negatives: 10

2021-09-03 21:36:47,237 INFO Stream # 5: E-3
2021-09-03 21:36:48,021 INFO units: 900
2021-09-03 21:36:48,021 INFO input_scaling: 0.6
2021-09-03 21:36:48,021 INFO radius: 0.7
2021-09-03 21:36:48,022 INFO leaky: 0.2
2021-09-03 21:36:48,022 INFO learning_rate: 0.01
2021-09-03 21:40:12,057 INFO validation_loss: 0.010615899227559566

2021-09-03 21:41:26,144 INFO normalized prediction error: 0.02
2021-09-03 21:41:26,974 INFO Channel Stats: TP: 1  FP: 3  FN: 0 TN: 0
2021-09-03 21:41:26,975 INFO Total true positives: 7
2021-09-03 21:41:26,975 INFO Total false positives: 4
2021-09-03 21:41:26,975 INFO Total false negatives: 1
2021-09-03 21:41:26,975 INFO Total true negatives: 10

2021-09-03 21:41:26,981 INFO Stream # 6: E-4
2021-09-03 21:41:27,862 INFO units: 300
2021-09-03 21:41:27,862 INFO input_scaling: 1.0
2021-09-03 21:41:27,862 INFO radius: 0.99
2021-09-03 21:41:27,862 INFO leaky: 0.3
2021-09-03 21:41:27,862 INFO learning_rate: 0.001
2021-09-03 21:41:59,887 INFO validation_loss: 0.03993213176727295

2021-09-03 21:43:13,904 INFO normalized prediction error: 0.07
2021-09-03 21:43:14,484 INFO Channel Stats: TP: 1  FP: 0  FN: 0 TN: 2
2021-09-03 21:43:14,485 INFO Total true positives: 8
2021-09-03 21:43:14,485 INFO Total false positives: 4
2021-09-03 21:43:14,485 INFO Total false negatives: 1
2021-09-03 21:43:14,485 INFO Total true negatives: 12

2021-09-03 21:43:14,491 INFO Stream # 7: E-5
2021-09-03 21:43:15,262 INFO units: 800
2021-09-03 21:43:15,263 INFO input_scaling: 0.8
2021-09-03 21:43:15,263 INFO radius: 0.99
2021-09-03 21:43:15,263 INFO leaky: 0.2
2021-09-03 21:43:15,263 INFO learning_rate: 0.0001
2021-09-03 21:45:43,871 INFO validation_loss: 0.32360661029815674

2021-09-03 21:47:03,733 INFO normalized prediction error: 0.21
2021-09-03 21:47:04,365 INFO Channel Stats: TP: 0  FP: 0  FN: 1 TN: 2
2021-09-03 21:47:04,365 INFO Total true positives: 8
2021-09-03 21:47:04,365 INFO Total false positives: 4
2021-09-03 21:47:04,365 INFO Total false negatives: 2
2021-09-03 21:47:04,365 INFO Total true negatives: 14

2021-09-03 21:47:04,372 INFO Stream # 8: E-6
2021-09-03 21:47:05,100 INFO units: 700
2021-09-03 21:47:05,100 INFO input_scaling: 0.6
2021-09-03 21:47:05,100 INFO radius: 0.1
2021-09-03 21:47:05,100 INFO leaky: 0.1
2021-09-03 21:47:05,100 INFO learning_rate: 0.001
2021-09-03 21:48:49,622 INFO validation_loss: 0.00018921327136922628

2021-09-03 21:50:05,580 INFO normalized prediction error: 0.00
2021-09-03 21:50:06,464 INFO Channel Stats: TP: 1  FP: 0  FN: 0 TN: 2
2021-09-03 21:50:06,464 INFO Total true positives: 9
2021-09-03 21:50:06,464 INFO Total false positives: 4
2021-09-03 21:50:06,464 INFO Total false negatives: 2
2021-09-03 21:50:06,465 INFO Total true negatives: 16

2021-09-03 21:50:06,470 INFO Stream # 9: E-7
2021-09-03 21:50:07,470 INFO units: 700
2021-09-03 21:50:07,470 INFO input_scaling: 0.6
2021-09-03 21:50:07,470 INFO radius: 0.1
2021-09-03 21:50:07,470 INFO leaky: 0.1
2021-09-03 21:50:07,470 INFO learning_rate: 0.001
2021-09-03 21:51:59,225 INFO validation_loss: 0.0018092130776494741

2021-09-03 21:53:05,544 INFO normalized prediction error: 0.02
2021-09-03 21:53:06,532 INFO Channel Stats: TP: 1  FP: 0  FN: 0 TN: 2
2021-09-03 21:53:06,532 INFO Total true positives: 10
2021-09-03 21:53:06,533 INFO Total false positives: 4
2021-09-03 21:53:06,533 INFO Total false negatives: 2
2021-09-03 21:53:06,533 INFO Total true negatives: 18

2021-09-03 21:53:06,545 INFO Stream # 10: E-8
2021-09-03 21:53:07,356 INFO units: 900
2021-09-03 21:53:07,356 INFO input_scaling: 0.9
2021-09-03 21:53:07,356 INFO radius: 0.3
2021-09-03 21:53:07,356 INFO leaky: 0.2
2021-09-03 21:53:07,356 INFO learning_rate: 0.0001
2021-09-03 21:56:31,281 INFO validation_loss: 0.052516717463731766

2021-09-03 21:57:45,920 INFO normalized prediction error: 0.05
2021-09-03 21:57:46,567 INFO Channel Stats: TP: 1  FP: 0  FN: 0 TN: 2
2021-09-03 21:57:46,568 INFO Total true positives: 11
2021-09-03 21:57:46,568 INFO Total false positives: 4
2021-09-03 21:57:46,568 INFO Total false negatives: 2
2021-09-03 21:57:46,568 INFO Total true negatives: 20

2021-09-03 21:57:46,573 INFO Stream # 11: E-9
2021-09-03 21:57:47,297 INFO units: 1000
2021-09-03 21:57:47,297 INFO input_scaling: 0.9
2021-09-03 21:57:47,297 INFO radius: 0.6
2021-09-03 21:57:47,297 INFO leaky: 0.1
2021-09-03 21:57:47,297 INFO learning_rate: 0.01
2021-09-03 22:02:14,802 INFO validation_loss: 0.009607904590666294

2021-09-03 22:03:27,342 INFO normalized prediction error: 0.06
2021-09-03 22:03:27,901 INFO Channel Stats: TP: 1  FP: 1  FN: 0 TN: 1
2021-09-03 22:03:27,901 INFO Total true positives: 12
2021-09-03 22:03:27,901 INFO Total false positives: 5
2021-09-03 22:03:27,901 INFO Total false negatives: 2
2021-09-03 22:03:27,901 INFO Total true negatives: 21

2021-09-03 22:03:27,908 INFO Stream # 12: E-10
2021-09-03 22:03:28,674 INFO units: 800
2021-09-03 22:03:28,674 INFO input_scaling: 0.8
2021-09-03 22:03:28,674 INFO radius: 0.99
2021-09-03 22:03:28,674 INFO leaky: 0.2
2021-09-03 22:03:28,674 INFO learning_rate: 0.0001
2021-09-03 22:05:57,374 INFO validation_loss: 0.08187001943588257

2021-09-03 22:07:15,457 INFO normalized prediction error: 0.25
2021-09-03 22:07:16,315 INFO Channel Stats: TP: 2  FP: 0  FN: 0 TN: 3
2021-09-03 22:07:16,315 INFO Total true positives: 14
2021-09-03 22:07:16,315 INFO Total false positives: 5
2021-09-03 22:07:16,315 INFO Total false negatives: 2
2021-09-03 22:07:16,315 INFO Total true negatives: 24

2021-09-03 22:07:16,326 INFO Stream # 13: E-11
2021-09-03 22:07:17,171 INFO units: 800
2021-09-03 22:07:17,171 INFO input_scaling: 0.8
2021-09-03 22:07:17,172 INFO radius: 0.99
2021-09-03 22:07:17,172 INFO leaky: 0.2
2021-09-03 22:07:17,172 INFO learning_rate: 0.0001
2021-09-03 22:09:46,229 INFO validation_loss: 0.7956806421279907

2021-09-03 22:10:58,032 INFO normalized prediction error: 0.20
2021-09-03 22:10:58,782 INFO Channel Stats: TP: 2  FP: 0  FN: 0 TN: 3
2021-09-03 22:10:58,783 INFO Total true positives: 16
2021-09-03 22:10:58,783 INFO Total false positives: 5
2021-09-03 22:10:58,783 INFO Total false negatives: 2
2021-09-03 22:10:58,783 INFO Total true negatives: 27

2021-09-03 22:10:58,792 INFO Stream # 14: E-12
2021-09-03 22:10:59,545 INFO units: 800
2021-09-03 22:10:59,545 INFO input_scaling: 0.8
2021-09-03 22:10:59,545 INFO radius: 0.99
2021-09-03 22:10:59,545 INFO leaky: 0.2
2021-09-03 22:10:59,545 INFO learning_rate: 0.0001
2021-09-03 22:13:31,082 INFO validation_loss: 0.44833165407180786

2021-09-03 22:14:47,849 INFO normalized prediction error: 0.18
2021-09-03 22:14:48,387 INFO Channel Stats: TP: 2  FP: 0  FN: 0 TN: 3
2021-09-03 22:14:48,387 INFO Total true positives: 18
2021-09-03 22:14:48,387 INFO Total false positives: 5
2021-09-03 22:14:48,387 INFO Total false negatives: 2
2021-09-03 22:14:48,388 INFO Total true negatives: 30

2021-09-03 22:14:48,394 INFO Stream # 15: E-13
2021-09-03 22:14:49,119 INFO units: 800
2021-09-03 22:14:49,119 INFO input_scaling: 0.8
2021-09-03 22:14:49,119 INFO radius: 0.99
2021-09-03 22:14:49,119 INFO leaky: 0.2
2021-09-03 22:14:49,119 INFO learning_rate: 0.0001
2021-09-03 22:17:11,309 INFO validation_loss: 0.0902317464351654

2021-09-03 22:18:05,825 INFO normalized prediction error: 0.11
2021-09-03 22:18:06,459 INFO Channel Stats: TP: 1  FP: 0  FN: 2 TN: 4
2021-09-03 22:18:06,459 INFO Total true positives: 19
2021-09-03 22:18:06,459 INFO Total false positives: 5
2021-09-03 22:18:06,459 INFO Total false negatives: 4
2021-09-03 22:18:06,459 INFO Total true negatives: 34

2021-09-03 22:18:06,466 INFO Stream # 16: A-1
2021-09-03 22:18:07,236 INFO units: 700
2021-09-03 22:18:07,237 INFO input_scaling: 0.6
2021-09-03 22:18:07,237 INFO radius: 0.1
2021-09-03 22:18:07,237 INFO leaky: 0.1
2021-09-03 22:18:07,237 INFO learning_rate: 0.001
2021-09-03 22:19:51,620 INFO validation_loss: 0.00018733997421804816

2021-09-03 22:21:01,032 INFO normalized prediction error: 0.00
2021-09-03 22:21:01,753 INFO Channel Stats: TP: 0  FP: 0  FN: 1 TN: 2
2021-09-03 22:21:01,753 INFO Total true positives: 19
2021-09-03 22:21:01,753 INFO Total false positives: 5
2021-09-03 22:21:01,753 INFO Total false negatives: 5
2021-09-03 22:21:01,753 INFO Total true negatives: 36

2021-09-03 22:21:01,760 INFO Stream # 17: D-1
2021-09-03 22:21:02,581 INFO units: 700
2021-09-03 22:21:02,581 INFO input_scaling: 0.6
2021-09-03 22:21:02,581 INFO radius: 0.1
2021-09-03 22:21:02,581 INFO leaky: 0.1
2021-09-03 22:21:02,581 INFO learning_rate: 0.001
2021-09-03 22:22:46,477 INFO validation_loss: 0.004111662041395903

2021-09-03 22:23:51,359 INFO normalized prediction error: 0.15
2021-09-03 22:23:52,117 INFO Channel Stats: TP: 1  FP: 1  FN: 0 TN: 1
2021-09-03 22:23:52,118 INFO Total true positives: 20
2021-09-03 22:23:52,118 INFO Total false positives: 6
2021-09-03 22:23:52,118 INFO Total false negatives: 5
2021-09-03 22:23:52,118 INFO Total true negatives: 37

2021-09-03 22:23:52,125 INFO Stream # 18: P-2
2021-09-03 22:23:52,871 INFO units: 700
2021-09-03 22:23:52,871 INFO input_scaling: 0.6
2021-09-03 22:23:52,871 INFO radius: 0.1
2021-09-03 22:23:52,871 INFO leaky: 0.1
2021-09-03 22:23:52,871 INFO learning_rate: 0.001
2021-09-03 22:25:36,805 INFO validation_loss: 0.0007479127962142229

2021-09-03 22:26:22,211 INFO normalized prediction error: 0.06
2021-09-03 22:26:22,667 INFO Channel Stats: TP: 1  FP: 0  FN: 0 TN: 2
2021-09-03 22:26:22,667 INFO Total true positives: 21
2021-09-03 22:26:22,667 INFO Total false positives: 6
2021-09-03 22:26:22,667 INFO Total false negatives: 5
2021-09-03 22:26:22,667 INFO Total true negatives: 39

2021-09-03 22:26:22,675 INFO Stream # 19: P-3
2021-09-03 22:26:23,324 INFO units: 300
2021-09-03 22:26:23,324 INFO input_scaling: 0.7
2021-09-03 22:26:23,324 INFO radius: 0.5
2021-09-03 22:26:23,324 INFO leaky: 0.1
2021-09-03 22:26:23,324 INFO learning_rate: 0.01
2021-09-03 22:26:53,849 INFO validation_loss: 0.010404614731669426

2021-09-03 22:27:56,477 INFO normalized prediction error: 0.03
2021-09-03 22:27:57,178 INFO Channel Stats: TP: 1  FP: 0  FN: 0 TN: 2
2021-09-03 22:27:57,178 INFO Total true positives: 22
2021-09-03 22:27:57,178 INFO Total false positives: 6
2021-09-03 22:27:57,178 INFO Total false negatives: 5
2021-09-03 22:27:57,178 INFO Total true negatives: 41

2021-09-03 22:27:57,183 INFO Stream # 20: D-2
2021-09-03 22:27:57,920 INFO units: 700
2021-09-03 22:27:57,920 INFO input_scaling: 0.6
2021-09-03 22:27:57,920 INFO radius: 0.1
2021-09-03 22:27:57,920 INFO leaky: 0.1
2021-09-03 22:27:57,920 INFO learning_rate: 0.001
2021-09-03 22:29:44,067 INFO validation_loss: 3.123058922938071e-05

2021-09-03 22:31:02,003 INFO normalized prediction error: 0.32
2021-09-03 22:31:02,683 INFO Channel Stats: TP: 1  FP: 0  FN: 0 TN: 2
2021-09-03 22:31:02,684 INFO Total true positives: 23
2021-09-03 22:31:02,684 INFO Total false positives: 6
2021-09-03 22:31:02,684 INFO Total false negatives: 5
2021-09-03 22:31:02,684 INFO Total true negatives: 43

2021-09-03 22:31:02,690 INFO Stream # 21: D-3
2021-09-03 22:31:03,839 INFO units: 700
2021-09-03 22:31:03,839 INFO input_scaling: 0.6
2021-09-03 22:31:03,839 INFO radius: 0.1
2021-09-03 22:31:03,839 INFO leaky: 0.1
2021-09-03 22:31:03,839 INFO learning_rate: 0.001
2021-09-03 22:32:53,132 INFO validation_loss: 0.00027009641053155065

2021-09-03 22:34:16,956 INFO normalized prediction error: 0.16
2021-09-03 22:34:17,448 INFO Channel Stats: TP: 1  FP: 0  FN: 0 TN: 2
2021-09-03 22:34:17,449 INFO Total true positives: 24
2021-09-03 22:34:17,449 INFO Total false positives: 6
2021-09-03 22:34:17,449 INFO Total false negatives: 5
2021-09-03 22:34:17,449 INFO Total true negatives: 45

2021-09-03 22:34:17,455 INFO Stream # 22: D-4
2021-09-03 22:34:18,169 INFO units: 700
2021-09-03 22:34:18,169 INFO input_scaling: 0.6
2021-09-03 22:34:18,169 INFO radius: 0.1
2021-09-03 22:34:18,169 INFO leaky: 0.1
2021-09-03 22:34:18,169 INFO learning_rate: 0.001
2021-09-03 22:36:08,623 INFO validation_loss: 6.595875311177224e-05

2021-09-03 22:37:14,005 INFO normalized prediction error: 0.15
2021-09-03 22:37:14,568 INFO Channel Stats: TP: 1  FP: 0  FN: 0 TN: 2
2021-09-03 22:37:14,569 INFO Total true positives: 25
2021-09-03 22:37:14,569 INFO Total false positives: 6
2021-09-03 22:37:14,569 INFO Total false negatives: 5
2021-09-03 22:37:14,569 INFO Total true negatives: 47

2021-09-03 22:37:14,575 INFO Stream # 23: A-2
2021-09-03 22:37:15,268 INFO units: 900
2021-09-03 22:37:15,268 INFO input_scaling: 0.9
2021-09-03 22:37:15,268 INFO radius: 0.3
2021-09-03 22:37:15,268 INFO leaky: 0.2
2021-09-03 22:37:15,268 INFO learning_rate: 0.0001
2021-09-03 22:40:41,985 INFO validation_loss: 0.08411901444196701

2021-09-03 22:41:58,134 INFO normalized prediction error: 0.10
2021-09-03 22:41:58,709 INFO Channel Stats: TP: 0  FP: 0  FN: 1 TN: 2
2021-09-03 22:41:58,709 INFO Total true positives: 25
2021-09-03 22:41:58,709 INFO Total false positives: 6
2021-09-03 22:41:58,709 INFO Total false negatives: 6
2021-09-03 22:41:58,709 INFO Total true negatives: 49

2021-09-03 22:41:58,717 INFO Stream # 24: A-3
2021-09-03 22:41:59,713 INFO units: 800
2021-09-03 22:41:59,713 INFO input_scaling: 0.8
2021-09-03 22:41:59,713 INFO radius: 0.9
2021-09-03 22:41:59,714 INFO leaky: 0.3
2021-09-03 22:41:59,714 INFO learning_rate: 0.001
2021-09-03 22:44:31,980 INFO validation_loss: 0.03598310053348541

2021-09-03 22:45:45,421 INFO normalized prediction error: 0.06
2021-09-03 22:45:46,201 INFO Channel Stats: TP: 1  FP: 2  FN: 0 TN: 0
2021-09-03 22:45:46,201 INFO Total true positives: 26
2021-09-03 22:45:46,202 INFO Total false positives: 8
2021-09-03 22:45:46,202 INFO Total false negatives: 6
2021-09-03 22:45:46,202 INFO Total true negatives: 49

2021-09-03 22:45:46,210 INFO Stream # 25: A-4
2021-09-03 22:45:46,930 INFO units: 200
2021-09-03 22:45:46,930 INFO input_scaling: 0.6
2021-09-03 22:45:46,930 INFO radius: 0.99
2021-09-03 22:45:46,930 INFO leaky: 0.2
2021-09-03 22:45:46,930 INFO learning_rate: 0.01
2021-09-03 22:46:14,261 INFO validation_loss: 0.034362390637397766

2021-09-03 22:47:28,358 INFO normalized prediction error: 0.07
2021-09-03 22:47:29,109 INFO Channel Stats: TP: 1  FP: 1  FN: 0 TN: 1
2021-09-03 22:47:29,110 INFO Total true positives: 27
2021-09-03 22:47:29,110 INFO Total false positives: 9
2021-09-03 22:47:29,110 INFO Total false negatives: 6
2021-09-03 22:47:29,110 INFO Total true negatives: 50

2021-09-03 22:47:29,117 INFO Stream # 26: G-1
2021-09-03 22:47:29,858 INFO units: 200
2021-09-03 22:47:29,858 INFO input_scaling: 0.6
2021-09-03 22:47:29,858 INFO radius: 0.99
2021-09-03 22:47:29,858 INFO leaky: 0.2
2021-09-03 22:47:29,859 INFO learning_rate: 0.01
2021-09-03 22:48:00,663 INFO validation_loss: 0.039370182901620865

2021-09-03 22:49:17,324 INFO normalized prediction error: 0.05
2021-09-03 22:49:17,940 INFO Channel Stats: TP: 0  FP: 2  FN: 1 TN: 0
2021-09-03 22:49:17,940 INFO Total true positives: 27
2021-09-03 22:49:17,941 INFO Total false positives: 11
2021-09-03 22:49:17,941 INFO Total false negatives: 7
2021-09-03 22:49:17,941 INFO Total true negatives: 50

2021-09-03 22:49:17,952 INFO Stream # 27: G-2
2021-09-03 22:49:18,679 INFO units: 700
2021-09-03 22:49:18,679 INFO input_scaling: 0.6
2021-09-03 22:49:18,679 INFO radius: 0.1
2021-09-03 22:49:18,679 INFO leaky: 0.1
2021-09-03 22:49:18,679 INFO learning_rate: 0.001
2021-09-03 22:51:03,958 INFO validation_loss: 0.0003781087580136955

2021-09-03 22:52:13,479 INFO normalized prediction error: 0.00
2021-09-03 22:52:14,172 INFO Channel Stats: TP: 0  FP: 0  FN: 1 TN: 2
2021-09-03 22:52:14,173 INFO Total true positives: 27
2021-09-03 22:52:14,173 INFO Total false positives: 11
2021-09-03 22:52:14,173 INFO Total false negatives: 8
2021-09-03 22:52:14,173 INFO Total true negatives: 52

2021-09-03 22:52:14,182 INFO Stream # 28: D-5
2021-09-03 22:52:14,988 INFO units: 700
2021-09-03 22:52:14,988 INFO input_scaling: 0.6
2021-09-03 22:52:14,988 INFO radius: 0.1
2021-09-03 22:52:14,989 INFO leaky: 0.1
2021-09-03 22:52:14,989 INFO learning_rate: 0.001
2021-09-03 22:54:05,288 INFO validation_loss: 0.0005948523175902665

2021-09-03 22:55:17,772 INFO normalized prediction error: 0.63
2021-09-03 22:55:18,701 INFO Channel Stats: TP: 0  FP: 0  FN: 1 TN: 2
2021-09-03 22:55:18,701 INFO Total true positives: 27
2021-09-03 22:55:18,701 INFO Total false positives: 11
2021-09-03 22:55:18,701 INFO Total false negatives: 9
2021-09-03 22:55:18,701 INFO Total true negatives: 54

2021-09-03 22:55:18,708 INFO Stream # 29: D-6
2021-09-03 22:55:19,412 INFO units: 700
2021-09-03 22:55:19,413 INFO input_scaling: 0.6
2021-09-03 22:55:19,413 INFO radius: 0.1
2021-09-03 22:55:19,413 INFO leaky: 0.1
2021-09-03 22:55:19,413 INFO learning_rate: 0.001
2021-09-03 22:57:01,868 INFO validation_loss: 0.03916610777378082

2021-09-03 22:58:03,791 INFO normalized prediction error: 0.04
2021-09-03 22:58:04,791 INFO Channel Stats: TP: 1  FP: 2  FN: 0 TN: 0
2021-09-03 22:58:04,792 INFO Total true positives: 28
2021-09-03 22:58:04,792 INFO Total false positives: 13
2021-09-03 22:58:04,792 INFO Total false negatives: 9
2021-09-03 22:58:04,792 INFO Total true negatives: 54

2021-09-03 22:58:04,800 INFO Stream # 30: D-7
2021-09-03 22:58:05,716 INFO units: 700
2021-09-03 22:58:05,716 INFO input_scaling: 0.6
2021-09-03 22:58:05,716 INFO radius: 0.1
2021-09-03 22:58:05,716 INFO leaky: 0.1
2021-09-03 22:58:05,716 INFO learning_rate: 0.001
2021-09-03 23:00:00,432 INFO validation_loss: 4.9595975724514574e-05

2021-09-03 23:01:05,746 INFO normalized prediction error: 0.14
2021-09-03 23:01:06,268 INFO Channel Stats: TP: 1  FP: 0  FN: 0 TN: 2
2021-09-03 23:01:06,268 INFO Total true positives: 29
2021-09-03 23:01:06,268 INFO Total false positives: 13
2021-09-03 23:01:06,269 INFO Total false negatives: 9
2021-09-03 23:01:06,269 INFO Total true negatives: 56

2021-09-03 23:01:06,281 INFO Stream # 31: F-1
2021-09-03 23:01:07,350 INFO units: 500
2021-09-03 23:01:07,350 INFO input_scaling: 0.6
2021-09-03 23:01:07,350 INFO radius: 0.3
2021-09-03 23:01:07,350 INFO leaky: 0.3
2021-09-03 23:01:07,350 INFO learning_rate: 0.0001
2021-09-03 23:02:01,998 INFO validation_loss: 0.05794093385338783

2021-09-03 23:03:24,758 INFO normalized prediction error: 0.07
2021-09-03 23:03:25,545 INFO Channel Stats: TP: 0  FP: 1  FN: 1 TN: 1
2021-09-03 23:03:25,546 INFO Total true positives: 29
2021-09-03 23:03:25,546 INFO Total false positives: 14
2021-09-03 23:03:25,546 INFO Total false negatives: 10
2021-09-03 23:03:25,546 INFO Total true negatives: 57

2021-09-03 23:03:25,554 INFO Stream # 32: P-4
2021-09-03 23:03:26,311 INFO units: 1000
2021-09-03 23:03:26,311 INFO input_scaling: 0.5
2021-09-03 23:03:26,311 INFO radius: 0.2
2021-09-03 23:03:26,311 INFO leaky: 1.0
2021-09-03 23:03:26,311 INFO learning_rate: 0.01
2021-09-03 23:08:20,568 INFO validation_loss: 0.06923181563615799

2021-09-03 23:09:18,037 INFO normalized prediction error: 0.00
2021-09-03 23:09:19,097 INFO Channel Stats: TP: 3  FP: 0  FN: 0 TN: 4
2021-09-03 23:09:19,097 INFO Total true positives: 32
2021-09-03 23:09:19,097 INFO Total false positives: 14
2021-09-03 23:09:19,097 INFO Total false negatives: 10
2021-09-03 23:09:19,097 INFO Total true negatives: 61

2021-09-03 23:09:19,105 INFO Stream # 33: G-3
2021-09-03 23:09:19,914 INFO units: 700
2021-09-03 23:09:19,914 INFO input_scaling: 0.6
2021-09-03 23:09:19,914 INFO radius: 0.1
2021-09-03 23:09:19,914 INFO leaky: 0.1
2021-09-03 23:09:19,915 INFO learning_rate: 0.001
2021-09-03 23:11:02,745 INFO validation_loss: 0.00013189471792429686

2021-09-03 23:12:06,614 INFO normalized prediction error: 0.00
2021-09-03 23:12:07,429 INFO Channel Stats: TP: 0  FP: 0  FN: 1 TN: 2
2021-09-03 23:12:07,429 INFO Total true positives: 32
2021-09-03 23:12:07,429 INFO Total false positives: 14
2021-09-03 23:12:07,429 INFO Total false negatives: 11
2021-09-03 23:12:07,430 INFO Total true negatives: 63

2021-09-03 23:12:07,442 INFO Stream # 34: T-1
2021-09-03 23:12:08,298 INFO units: 800
2021-09-03 23:12:08,298 INFO input_scaling: 0.6
2021-09-03 23:12:08,298 INFO radius: 0.99
2021-09-03 23:12:08,298 INFO leaky: 0.4
2021-09-03 23:12:08,299 INFO learning_rate: 0.0001
2021-09-03 23:14:46,533 INFO validation_loss: 0.036450739949941635

2021-09-03 23:16:11,236 INFO normalized prediction error: 0.25
2021-09-03 23:16:11,735 INFO Channel Stats: TP: 1  FP: 0  FN: 1 TN: 3
2021-09-03 23:16:11,736 INFO Total true positives: 33
2021-09-03 23:16:11,736 INFO Total false positives: 14
2021-09-03 23:16:11,736 INFO Total false negatives: 12
2021-09-03 23:16:11,736 INFO Total true negatives: 66

2021-09-03 23:16:11,743 INFO Stream # 35: T-2
2021-09-03 23:16:12,432 INFO units: 400
2021-09-03 23:16:12,432 INFO input_scaling: 0.9
2021-09-03 23:16:12,432 INFO radius: 0.99
2021-09-03 23:16:12,432 INFO leaky: 0.3
2021-09-03 23:16:12,432 INFO learning_rate: 0.001
2021-09-03 23:16:52,215 INFO validation_loss: 0.044428691267967224

2021-09-03 23:18:09,513 INFO normalized prediction error: 0.30
2021-09-03 23:18:09,946 INFO Channel Stats: TP: 1  FP: 0  FN: 0 TN: 2
2021-09-03 23:18:09,946 INFO Total true positives: 34
2021-09-03 23:18:09,946 INFO Total false positives: 14
2021-09-03 23:18:09,946 INFO Total false negatives: 12
2021-09-03 23:18:09,946 INFO Total true negatives: 68

2021-09-03 23:18:09,953 INFO Stream # 36: D-8
2021-09-03 23:18:10,675 INFO units: 300
2021-09-03 23:18:10,676 INFO input_scaling: 0.8
2021-09-03 23:18:10,676 INFO radius: 0.1
2021-09-03 23:18:10,676 INFO leaky: 1.0
2021-09-03 23:18:10,676 INFO learning_rate: 0.01
2021-09-03 23:18:40,859 INFO validation_loss: 0.001108533120714128

2021-09-03 23:19:37,804 INFO normalized prediction error: 0.00
2021-09-03 23:19:38,800 INFO Channel Stats: TP: 1  FP: 0  FN: 0 TN: 2
2021-09-03 23:19:38,800 INFO Total true positives: 35
2021-09-03 23:19:38,800 INFO Total false positives: 14
2021-09-03 23:19:38,801 INFO Total false negatives: 12
2021-09-03 23:19:38,801 INFO Total true negatives: 70

2021-09-03 23:19:38,811 INFO Stream # 37: D-9
2021-09-03 23:19:39,529 INFO units: 300
2021-09-03 23:19:39,529 INFO input_scaling: 0.8
2021-09-03 23:19:39,529 INFO radius: 0.1
2021-09-03 23:19:39,529 INFO leaky: 1.0
2021-09-03 23:19:39,529 INFO learning_rate: 0.01
2021-09-03 23:20:09,851 INFO validation_loss: 0.2873699963092804

2021-09-03 23:21:04,915 INFO normalized prediction error: 0.02
2021-09-03 23:21:05,419 INFO Channel Stats: TP: 1  FP: 0  FN: 0 TN: 2
2021-09-03 23:21:05,419 INFO Total true positives: 36
2021-09-03 23:21:05,420 INFO Total false positives: 14
2021-09-03 23:21:05,420 INFO Total false negatives: 12
2021-09-03 23:21:05,420 INFO Total true negatives: 72

2021-09-03 23:21:05,427 INFO Stream # 38: F-2
2021-09-03 23:21:06,199 INFO units: 1000
2021-09-03 23:21:06,200 INFO input_scaling: 0.9
2021-09-03 23:21:06,200 INFO radius: 0.6
2021-09-03 23:21:06,200 INFO leaky: 0.1
2021-09-03 23:21:06,200 INFO learning_rate: 0.01
2021-09-03 23:25:42,358 INFO validation_loss: 0.028903778642416

2021-09-03 23:26:56,051 INFO normalized prediction error: 0.05
2021-09-03 23:26:56,697 INFO Channel Stats: TP: 1  FP: 0  FN: 0 TN: 2
2021-09-03 23:26:56,697 INFO Total true positives: 37
2021-09-03 23:26:56,697 INFO Total false positives: 14
2021-09-03 23:26:56,697 INFO Total false negatives: 12
2021-09-03 23:26:56,697 INFO Total true negatives: 74

2021-09-03 23:26:56,705 INFO Stream # 39: G-4
2021-09-03 23:26:57,275 INFO units: 300
2021-09-03 23:26:57,275 INFO input_scaling: 0.8
2021-09-03 23:26:57,275 INFO radius: 0.1
2021-09-03 23:26:57,275 INFO leaky: 1.0
2021-09-03 23:26:57,275 INFO learning_rate: 0.01
2021-09-03 23:27:28,233 INFO validation_loss: 0.001998684136196971

2021-09-03 23:28:32,115 INFO normalized prediction error: 0.00
2021-09-03 23:28:32,881 INFO Channel Stats: TP: 1  FP: 0  FN: 0 TN: 2
2021-09-03 23:28:32,881 INFO Total true positives: 38
2021-09-03 23:28:32,881 INFO Total false positives: 14
2021-09-03 23:28:32,881 INFO Total false negatives: 12
2021-09-03 23:28:32,881 INFO Total true negatives: 76

2021-09-03 23:28:32,893 INFO Stream # 40: T-3
2021-09-03 23:28:33,714 INFO units: 300
2021-09-03 23:28:33,715 INFO input_scaling: 0.5
2021-09-03 23:28:33,715 INFO radius: 0.1
2021-09-03 23:28:33,715 INFO leaky: 1.0
2021-09-03 23:28:33,715 INFO learning_rate: 0.0001
2021-09-03 23:29:04,512 INFO validation_loss: 0.00017148729239124805

2021-09-03 23:30:20,335 INFO normalized prediction error: 0.01
2021-09-03 23:30:21,375 INFO Channel Stats: TP: 1  FP: 0  FN: 1 TN: 3
2021-09-03 23:30:21,375 INFO Total true positives: 39
2021-09-03 23:30:21,375 INFO Total false positives: 14
2021-09-03 23:30:21,375 INFO Total false negatives: 13
2021-09-03 23:30:21,375 INFO Total true negatives: 79

2021-09-03 23:30:21,385 INFO Stream # 41: D-11
2021-09-03 23:30:22,058 INFO units: 300
2021-09-03 23:30:22,058 INFO input_scaling: 0.7
2021-09-03 23:30:22,058 INFO radius: 0.5
2021-09-03 23:30:22,058 INFO leaky: 0.1
2021-09-03 23:30:22,058 INFO learning_rate: 0.01
2021-09-03 23:30:52,983 INFO validation_loss: 0.00023494439665228128

2021-09-03 23:31:33,592 INFO normalized prediction error: 0.00
2021-09-03 23:31:34,143 INFO Channel Stats: TP: 1  FP: 0  FN: 0 TN: 2
2021-09-03 23:31:34,144 INFO Total true positives: 40
2021-09-03 23:31:34,144 INFO Total false positives: 14
2021-09-03 23:31:34,144 INFO Total false negatives: 13
2021-09-03 23:31:34,144 INFO Total true negatives: 81

2021-09-03 23:31:34,150 INFO Stream # 42: D-12
2021-09-03 23:31:34,426 INFO units: 1000
2021-09-03 23:31:34,427 INFO input_scaling: 0.7
2021-09-03 23:31:34,427 INFO radius: 0.9
2021-09-03 23:31:34,427 INFO leaky: 0.3
2021-09-03 23:31:34,427 INFO learning_rate: 0.001
2021-09-03 23:34:50,522 INFO validation_loss: 1.6006949455152353e-13

2021-09-03 23:35:39,549 INFO normalized prediction error: 0.12
2021-09-03 23:35:39,959 INFO Channel Stats: TP: 1  FP: 0  FN: 0 TN: 2
2021-09-03 23:35:39,959 INFO Total true positives: 41
2021-09-03 23:35:39,959 INFO Total false positives: 14
2021-09-03 23:35:39,959 INFO Total false negatives: 13
2021-09-03 23:35:39,959 INFO Total true negatives: 83

2021-09-03 23:35:39,966 INFO Stream # 43: B-1
2021-09-03 23:35:40,538 INFO units: 300
2021-09-03 23:35:40,538 INFO input_scaling: 0.8
2021-09-03 23:35:40,538 INFO radius: 0.1
2021-09-03 23:35:40,538 INFO leaky: 1.0
2021-09-03 23:35:40,538 INFO learning_rate: 0.01
2021-09-03 23:36:04,582 INFO validation_loss: 3.356603460891866e-13

2021-09-03 23:36:46,850 INFO normalized prediction error: 0.19
2021-09-03 23:36:47,283 INFO Channel Stats: TP: 1  FP: 0  FN: 0 TN: 2
2021-09-03 23:36:47,283 INFO Total true positives: 42
2021-09-03 23:36:47,283 INFO Total false positives: 14
2021-09-03 23:36:47,283 INFO Total false negatives: 13
2021-09-03 23:36:47,283 INFO Total true negatives: 85

2021-09-03 23:36:47,289 INFO Stream # 44: G-6
2021-09-03 23:36:47,886 INFO units: 700
2021-09-03 23:36:47,886 INFO input_scaling: 0.6
2021-09-03 23:36:47,887 INFO radius: 0.1
2021-09-03 23:36:47,887 INFO leaky: 0.1
2021-09-03 23:36:47,887 INFO learning_rate: 0.001
2021-09-03 23:38:14,972 INFO validation_loss: 4.860645219650905e-10

2021-09-03 23:39:13,006 INFO normalized prediction error: 0.00
2021-09-03 23:39:13,606 INFO Channel Stats: TP: 1  FP: 0  FN: 0 TN: 2
2021-09-03 23:39:13,606 INFO Total true positives: 43
2021-09-03 23:39:13,606 INFO Total false positives: 14
2021-09-03 23:39:13,606 INFO Total false negatives: 13
2021-09-03 23:39:13,606 INFO Total true negatives: 87

2021-09-03 23:39:13,612 INFO Stream # 45: G-7
2021-09-03 23:39:14,128 INFO units: 100
2021-09-03 23:39:14,128 INFO input_scaling: 1.0
2021-09-03 23:39:14,128 INFO radius: 0.2
2021-09-03 23:39:14,128 INFO leaky: 0.9
2021-09-03 23:39:14,129 INFO learning_rate: 0.0001
2021-09-03 23:39:32,267 INFO validation_loss: 0.001871622633188963

2021-09-03 23:40:16,990 INFO normalized prediction error: 0.02
2021-09-03 23:40:17,784 INFO Channel Stats: TP: 3  FP: 0  FN: 0 TN: 4
2021-09-03 23:40:17,784 INFO Total true positives: 46
2021-09-03 23:40:17,784 INFO Total false positives: 14
2021-09-03 23:40:17,785 INFO Total false negatives: 13
2021-09-03 23:40:17,785 INFO Total true negatives: 91

2021-09-03 23:40:17,791 INFO Stream # 46: P-7
2021-09-03 23:40:18,362 INFO units: 500
2021-09-03 23:40:18,362 INFO input_scaling: 0.8
2021-09-03 23:40:18,362 INFO radius: 0.9
2021-09-03 23:40:18,362 INFO leaky: 0.6
2021-09-03 23:40:18,362 INFO learning_rate: 0.0001
2021-09-03 23:41:03,822 INFO validation_loss: 0.0077874851413071156

2021-09-03 23:41:56,750 INFO normalized prediction error: 0.03
2021-09-03 23:41:57,143 INFO Channel Stats: TP: 1  FP: 0  FN: 0 TN: 2
2021-09-03 23:41:57,143 INFO Total true positives: 47
2021-09-03 23:41:57,143 INFO Total false positives: 14
2021-09-03 23:41:57,143 INFO Total false negatives: 13
2021-09-03 23:41:57,143 INFO Total true negatives: 93

2021-09-03 23:41:57,150 INFO Stream # 47: R-1
2021-09-03 23:41:57,700 INFO units: 1000
2021-09-03 23:41:57,701 INFO input_scaling: 0.5
2021-09-03 23:41:57,701 INFO radius: 0.2
2021-09-03 23:41:57,701 INFO leaky: 1.0
2021-09-03 23:41:57,701 INFO learning_rate: 0.01
2021-09-03 23:45:48,269 INFO validation_loss: 1.2769939550238973e-09

2021-09-03 23:46:32,196 INFO normalized prediction error: 0.00
2021-09-03 23:46:32,720 INFO Channel Stats: TP: 1  FP: 0  FN: 0 TN: 2
2021-09-03 23:46:32,720 INFO Total true positives: 48
2021-09-03 23:46:32,720 INFO Total false positives: 14
2021-09-03 23:46:32,720 INFO Total false negatives: 13
2021-09-03 23:46:32,721 INFO Total true negatives: 95

2021-09-03 23:46:32,727 INFO Stream # 48: A-5
2021-09-03 23:46:32,945 INFO units: 1000
2021-09-03 23:46:32,945 INFO input_scaling: 0.7
2021-09-03 23:46:32,945 INFO radius: 0.2
2021-09-03 23:46:32,945 INFO leaky: 0.9
2021-09-03 23:46:32,945 INFO learning_rate: 0.0001
2021-09-03 23:50:14,500 INFO validation_loss: 2.0169721892671078e-07

2021-09-03 23:50:44,756 INFO normalized prediction error: 0.10
2021-09-03 23:50:44,932 INFO Channel Stats: TP: 1  FP: 0  FN: 0 TN: 2
2021-09-03 23:50:44,932 INFO Total true positives: 49
2021-09-03 23:50:44,932 INFO Total false positives: 14
2021-09-03 23:50:44,932 INFO Total false negatives: 13
2021-09-03 23:50:44,932 INFO Total true negatives: 97

2021-09-03 23:50:44,939 INFO Stream # 49: A-6
2021-09-03 23:50:45,120 INFO units: 200
2021-09-03 23:50:45,120 INFO input_scaling: 0.5
2021-09-03 23:50:45,120 INFO radius: 0.6
2021-09-03 23:50:45,120 INFO leaky: 0.3
2021-09-03 23:50:45,120 INFO learning_rate: 0.001
2021-09-03 23:51:06,713 INFO validation_loss: 0.0003511618124321103

2021-09-03 23:51:25,872 INFO normalized prediction error: 0.23
2021-09-03 23:51:26,044 INFO Channel Stats: TP: 1  FP: 0  FN: 0 TN: 2
2021-09-03 23:51:26,044 INFO Total true positives: 50
2021-09-03 23:51:26,045 INFO Total false positives: 14
2021-09-03 23:51:26,045 INFO Total false negatives: 13
2021-09-03 23:51:26,045 INFO Total true negatives: 99

2021-09-03 23:51:26,051 INFO Stream # 50: A-7
2021-09-03 23:51:26,644 INFO units: 700
2021-09-03 23:51:26,644 INFO input_scaling: 0.9
2021-09-03 23:51:26,644 INFO radius: 0.5
2021-09-03 23:51:26,644 INFO leaky: 0.5
2021-09-03 23:51:26,644 INFO learning_rate: 0.01
2021-09-03 23:52:55,654 INFO validation_loss: 0.07985606789588928

2021-09-03 23:53:49,290 INFO normalized prediction error: 0.15
2021-09-03 23:53:49,788 INFO Channel Stats: TP: 1  FP: 0  FN: 0 TN: 2
2021-09-03 23:53:49,788 INFO Total true positives: 51
2021-09-03 23:53:49,788 INFO Total false positives: 14
2021-09-03 23:53:49,788 INFO Total false negatives: 13
2021-09-03 23:53:49,788 INFO Total true negatives: 101

2021-09-03 23:53:49,795 INFO Stream # 51: D-13
2021-09-03 23:53:50,346 INFO units: 1000
2021-09-03 23:53:50,347 INFO input_scaling: 0.7
2021-09-03 23:53:50,347 INFO radius: 0.9
2021-09-03 23:53:50,347 INFO leaky: 0.3
2021-09-03 23:53:50,347 INFO learning_rate: 0.001
2021-09-03 23:57:35,766 INFO validation_loss: 7.827812291590075e-14

2021-09-03 23:58:22,751 INFO normalized prediction error: 0.26
2021-09-03 23:58:23,230 INFO Channel Stats: TP: 1  FP: 0  FN: 0 TN: 2
2021-09-03 23:58:23,230 INFO Total true positives: 52
2021-09-03 23:58:23,230 INFO Total false positives: 14
2021-09-03 23:58:23,230 INFO Total false negatives: 13
2021-09-03 23:58:23,231 INFO Total true negatives: 103

2021-09-03 23:58:23,237 INFO Stream # 52: P-2
2021-09-03 23:58:23,810 INFO units: 700
2021-09-03 23:58:23,811 INFO input_scaling: 0.6
2021-09-03 23:58:23,811 INFO radius: 0.1
2021-09-03 23:58:23,811 INFO leaky: 0.1
2021-09-03 23:58:23,811 INFO learning_rate: 0.001
2021-09-03 23:59:50,498 INFO validation_loss: 0.0008362861117348075

2021-09-04 00:00:44,744 INFO normalized prediction error: 0.05
2021-09-04 00:00:45,140 INFO Channel Stats: TP: 1  FP: 0  FN: 0 TN: 2
2021-09-04 00:00:45,141 INFO Total true positives: 53
2021-09-04 00:00:45,141 INFO Total false positives: 14
2021-09-04 00:00:45,141 INFO Total false negatives: 13
2021-09-04 00:00:45,141 INFO Total true negatives: 105

2021-09-04 00:00:45,148 INFO Stream # 53: A-8
2021-09-04 00:00:45,549 INFO units: 700
2021-09-04 00:00:45,549 INFO input_scaling: 0.7
2021-09-04 00:00:45,549 INFO radius: 0.9
2021-09-04 00:00:45,550 INFO leaky: 0.2
2021-09-04 00:00:45,550 INFO learning_rate: 0.001
2021-09-04 00:02:14,507 INFO validation_loss: 4.08211718649909e-07

2021-09-04 00:03:08,611 INFO normalized prediction error: 0.24
2021-09-04 00:03:08,997 INFO Channel Stats: TP: 1  FP: 0  FN: 0 TN: 2
2021-09-04 00:03:08,997 INFO Total true positives: 54
2021-09-04 00:03:08,997 INFO Total false positives: 14
2021-09-04 00:03:08,997 INFO Total false negatives: 13
2021-09-04 00:03:08,997 INFO Total true negatives: 107

2021-09-04 00:03:09,004 INFO Stream # 54: A-9
2021-09-04 00:03:09,319 INFO units: 1000
2021-09-04 00:03:09,319 INFO input_scaling: 0.7
2021-09-04 00:03:09,320 INFO radius: 0.99
2021-09-04 00:03:09,320 INFO leaky: 1.0
2021-09-04 00:03:09,320 INFO learning_rate: 0.001
2021-09-04 00:07:08,936 INFO validation_loss: 7.909499981906265e-05

2021-09-04 00:07:58,136 INFO normalized prediction error: 0.91
2021-09-04 00:07:58,641 INFO Channel Stats: TP: 0  FP: 0  FN: 1 TN: 2
2021-09-04 00:07:58,641 INFO Total true positives: 54
2021-09-04 00:07:58,642 INFO Total false positives: 14
2021-09-04 00:07:58,642 INFO Total false negatives: 14
2021-09-04 00:07:58,642 INFO Total true negatives: 109

2021-09-04 00:07:58,649 INFO Stream # 55: F-3
2021-09-04 00:07:59,264 INFO units: 700
2021-09-04 00:07:59,264 INFO input_scaling: 0.6
2021-09-04 00:07:59,264 INFO radius: 0.1
2021-09-04 00:07:59,264 INFO leaky: 0.1
2021-09-04 00:07:59,264 INFO learning_rate: 0.001
2021-09-04 00:09:29,414 INFO validation_loss: 0.0011762342182919383

2021-09-04 00:10:20,376 INFO normalized prediction error: 0.00
2021-09-04 00:10:20,925 INFO Channel Stats: TP: 0  FP: 0  FN: 1 TN: 2
2021-09-04 00:10:20,926 INFO Total true positives: 54
2021-09-04 00:10:20,926 INFO Total false positives: 14
2021-09-04 00:10:20,926 INFO Total false negatives: 15
2021-09-04 00:10:20,926 INFO Total true negatives: 111

2021-09-04 00:10:20,934 INFO Stream # 56: M-6
2021-09-04 00:10:21,559 INFO units: 700
2021-09-04 00:10:21,559 INFO input_scaling: 0.6
2021-09-04 00:10:21,559 INFO radius: 0.1
2021-09-04 00:10:21,559 INFO leaky: 0.1
2021-09-04 00:10:21,559 INFO learning_rate: 0.001
2021-09-04 00:11:49,852 INFO validation_loss: 5.136941763339564e-05

2021-09-04 00:12:03,491 INFO normalized prediction error: 0.05
2021-09-04 00:12:03,503 INFO Channel Stats: TP: 1  FP: 0  FN: 0 TN: 2
2021-09-04 00:12:03,504 INFO Total true positives: 55
2021-09-04 00:12:03,504 INFO Total false positives: 14
2021-09-04 00:12:03,504 INFO Total false negatives: 15
2021-09-04 00:12:03,504 INFO Total true negatives: 113

2021-09-04 00:12:03,514 INFO Stream # 57: M-1
2021-09-04 00:12:04,394 INFO units: 200
2021-09-04 00:12:04,394 INFO input_scaling: 0.6
2021-09-04 00:12:04,394 INFO radius: 0.99
2021-09-04 00:12:04,394 INFO leaky: 0.2
2021-09-04 00:12:04,394 INFO learning_rate: 0.01
2021-09-04 00:12:24,499 INFO validation_loss: 0.1408056616783142

2021-09-04 00:12:33,899 INFO normalized prediction error: 0.08
2021-09-04 00:12:33,904 INFO Channel Stats: TP: 0  FP: 0  FN: 1 TN: 2
2021-09-04 00:12:33,904 INFO Total true positives: 55
2021-09-04 00:12:33,904 INFO Total false positives: 14
2021-09-04 00:12:33,904 INFO Total false negatives: 16
2021-09-04 00:12:33,904 INFO Total true negatives: 115

2021-09-04 00:12:33,914 INFO Stream # 58: M-2
2021-09-04 00:12:35,002 INFO units: 700
2021-09-04 00:12:35,002 INFO input_scaling: 0.6
2021-09-04 00:12:35,002 INFO radius: 0.1
2021-09-04 00:12:35,003 INFO leaky: 0.1
2021-09-04 00:12:35,003 INFO learning_rate: 0.001
2021-09-04 00:14:02,625 INFO validation_loss: 0.04116688668727875

2021-09-04 00:14:15,455 INFO normalized prediction error: 0.24
2021-09-04 00:14:15,461 INFO Channel Stats: TP: 0  FP: 0  FN: 1 TN: 2
2021-09-04 00:14:15,461 INFO Total true positives: 55
2021-09-04 00:14:15,461 INFO Total false positives: 14
2021-09-04 00:14:15,461 INFO Total false negatives: 17
2021-09-04 00:14:15,461 INFO Total true negatives: 117

2021-09-04 00:14:15,471 INFO Stream # 59: S-2
2021-09-04 00:14:15,954 INFO units: 700
2021-09-04 00:14:15,954 INFO input_scaling: 0.6
2021-09-04 00:14:15,954 INFO radius: 0.1
2021-09-04 00:14:15,954 INFO leaky: 0.1
2021-09-04 00:14:15,954 INFO learning_rate: 0.001
2021-09-04 00:15:44,195 INFO validation_loss: 0.00011104615987278521

2021-09-04 00:15:52,936 INFO normalized prediction error: 0.01
2021-09-04 00:15:52,947 INFO Channel Stats: TP: 1  FP: 0  FN: 0 TN: 2
2021-09-04 00:15:52,948 INFO Total true positives: 56
2021-09-04 00:15:52,948 INFO Total false positives: 14
2021-09-04 00:15:52,948 INFO Total false negatives: 17
2021-09-04 00:15:52,948 INFO Total true negatives: 119

2021-09-04 00:15:52,955 INFO Stream # 60: P-10
2021-09-04 00:15:54,431 INFO units: 700
2021-09-04 00:15:54,431 INFO input_scaling: 0.6
2021-09-04 00:15:54,431 INFO radius: 0.1
2021-09-04 00:15:54,431 INFO leaky: 0.1
2021-09-04 00:15:54,431 INFO learning_rate: 0.001
2021-09-04 00:17:24,755 INFO validation_loss: 7.633902896486688e-06

2021-09-04 00:17:57,807 INFO normalized prediction error: 0.14
2021-09-04 00:17:58,121 INFO Channel Stats: TP: 1  FP: 0  FN: 0 TN: 2
2021-09-04 00:17:58,121 INFO Total true positives: 57
2021-09-04 00:17:58,121 INFO Total false positives: 14
2021-09-04 00:17:58,121 INFO Total false negatives: 17
2021-09-04 00:17:58,121 INFO Total true negatives: 121

2021-09-04 00:17:58,128 INFO Stream # 61: T-4
2021-09-04 00:17:58,863 INFO units: 700
2021-09-04 00:17:58,863 INFO input_scaling: 0.6
2021-09-04 00:17:58,863 INFO radius: 0.1
2021-09-04 00:17:58,863 INFO leaky: 0.1
2021-09-04 00:17:58,863 INFO learning_rate: 0.001
2021-09-04 00:19:28,817 INFO validation_loss: 0.27420902252197266

2021-09-04 00:19:42,065 INFO normalized prediction error: 0.18
2021-09-04 00:19:42,074 INFO Channel Stats: TP: 0  FP: 0  FN: 1 TN: 2
2021-09-04 00:19:42,074 INFO Total true positives: 57
2021-09-04 00:19:42,074 INFO Total false positives: 14
2021-09-04 00:19:42,074 INFO Total false negatives: 18
2021-09-04 00:19:42,074 INFO Total true negatives: 123

2021-09-04 00:19:42,081 INFO Stream # 62: T-5
2021-09-04 00:19:42,803 INFO units: 700
2021-09-04 00:19:42,804 INFO input_scaling: 0.6
2021-09-04 00:19:42,804 INFO radius: 0.1
2021-09-04 00:19:42,804 INFO leaky: 0.1
2021-09-04 00:19:42,804 INFO learning_rate: 0.001
2021-09-04 00:21:12,195 INFO validation_loss: 5.926378435106017e-05

2021-09-04 00:21:23,535 INFO normalized prediction error: 0.00
2021-09-04 00:21:23,548 INFO Channel Stats: TP: 1  FP: 0  FN: 0 TN: 2
2021-09-04 00:21:23,548 INFO Total true positives: 58
2021-09-04 00:21:23,548 INFO Total false positives: 14
2021-09-04 00:21:23,548 INFO Total false negatives: 18
2021-09-04 00:21:23,548 INFO Total true negatives: 125

2021-09-04 00:21:23,555 INFO Stream # 63: F-7
2021-09-04 00:21:24,503 INFO units: 900
2021-09-04 00:21:24,503 INFO input_scaling: 1.0
2021-09-04 00:21:24,504 INFO radius: 0.4
2021-09-04 00:21:24,504 INFO leaky: 0.4
2021-09-04 00:21:24,504 INFO learning_rate: 0.001
2021-09-04 00:24:10,118 INFO validation_loss: 0.7220417261123657

2021-09-04 00:24:37,610 INFO normalized prediction error: 0.22
2021-09-04 00:24:37,831 INFO Channel Stats: TP: 3  FP: 1  FN: 0 TN: 3
2021-09-04 00:24:37,831 INFO Total true positives: 61
2021-09-04 00:24:37,831 INFO Total false positives: 15
2021-09-04 00:24:37,831 INFO Total false negatives: 18
2021-09-04 00:24:37,832 INFO Total true negatives: 128

2021-09-04 00:24:37,839 INFO Stream # 64: M-3
2021-09-04 00:24:38,484 INFO units: 200
2021-09-04 00:24:38,484 INFO input_scaling: 0.5
2021-09-04 00:24:38,484 INFO radius: 0.6
2021-09-04 00:24:38,484 INFO leaky: 0.3
2021-09-04 00:24:38,484 INFO learning_rate: 0.001
2021-09-04 00:24:58,454 INFO validation_loss: 0.5629319548606873

2021-09-04 00:25:08,747 INFO normalized prediction error: 0.12
2021-09-04 00:25:08,757 INFO Channel Stats: TP: 1  FP: 1  FN: 0 TN: 1
2021-09-04 00:25:08,758 INFO Total true positives: 62
2021-09-04 00:25:08,758 INFO Total false positives: 16
2021-09-04 00:25:08,758 INFO Total false negatives: 18
2021-09-04 00:25:08,758 INFO Total true negatives: 129

2021-09-04 00:25:08,766 INFO Stream # 65: M-4
2021-09-04 00:25:09,605 INFO units: 100
2021-09-04 00:25:09,605 INFO input_scaling: 0.8
2021-09-04 00:25:09,605 INFO radius: 0.7
2021-09-04 00:25:09,605 INFO leaky: 0.4
2021-09-04 00:25:09,605 INFO learning_rate: 0.0001
2021-09-04 00:25:28,000 INFO validation_loss: 0.04336317628622055

2021-09-04 00:25:37,016 INFO normalized prediction error: 0.10
2021-09-04 00:25:37,022 INFO Channel Stats: TP: 1  FP: 0  FN: 0 TN: 2
2021-09-04 00:25:37,022 INFO Total true positives: 63
2021-09-04 00:25:37,022 INFO Total false positives: 16
2021-09-04 00:25:37,022 INFO Total false negatives: 18
2021-09-04 00:25:37,023 INFO Total true negatives: 131

2021-09-04 00:25:37,030 INFO Stream # 66: M-5
2021-09-04 00:25:37,691 INFO units: 1000
2021-09-04 00:25:37,691 INFO input_scaling: 0.7
2021-09-04 00:25:37,691 INFO radius: 0.2
2021-09-04 00:25:37,691 INFO leaky: 0.9
2021-09-04 00:25:37,691 INFO learning_rate: 0.0001
2021-09-04 00:29:35,764 INFO validation_loss: 0.5279495120048523

2021-09-04 00:29:48,569 INFO normalized prediction error: 0.14
2021-09-04 00:29:48,579 INFO Channel Stats: TP: 1  FP: 0  FN: 0 TN: 2
2021-09-04 00:29:48,580 INFO Total true positives: 64
2021-09-04 00:29:48,580 INFO Total false positives: 16
2021-09-04 00:29:48,580 INFO Total false negatives: 18
2021-09-04 00:29:48,580 INFO Total true negatives: 133

2021-09-04 00:29:48,587 INFO Stream # 67: P-15
2021-09-04 00:29:49,743 INFO units: 1000
2021-09-04 00:29:49,743 INFO input_scaling: 0.7
2021-09-04 00:29:49,743 INFO radius: 0.2
2021-09-04 00:29:49,743 INFO leaky: 0.9
2021-09-04 00:29:49,743 INFO learning_rate: 0.0001
2021-09-04 00:33:42,279 INFO validation_loss: 0.08176039159297943

2021-09-04 00:33:57,659 INFO normalized prediction error: 0.13
2021-09-04 00:33:57,695 INFO Channel Stats: TP: 0  FP: 0  FN: 1 TN: 2
2021-09-04 00:33:57,695 INFO Total true positives: 64
2021-09-04 00:33:57,695 INFO Total false positives: 16
2021-09-04 00:33:57,695 INFO Total false negatives: 19
2021-09-04 00:33:57,695 INFO Total true negatives: 135

2021-09-04 00:33:57,704 INFO Stream # 68: C-1
2021-09-04 00:33:58,401 INFO units: 700
2021-09-04 00:33:58,401 INFO input_scaling: 0.6
2021-09-04 00:33:58,401 INFO radius: 0.1
2021-09-04 00:33:58,401 INFO leaky: 0.1
2021-09-04 00:33:58,401 INFO learning_rate: 0.001
2021-09-04 00:35:27,884 INFO validation_loss: 0.015741175040602684

2021-09-04 00:35:39,321 INFO normalized prediction error: 0.07
2021-09-04 00:35:39,330 INFO Channel Stats: TP: 1  FP: 0  FN: 1 TN: 3
2021-09-04 00:35:39,330 INFO Total true positives: 65
2021-09-04 00:35:39,330 INFO Total false positives: 16
2021-09-04 00:35:39,330 INFO Total false negatives: 20
2021-09-04 00:35:39,330 INFO Total true negatives: 138

2021-09-04 00:35:39,337 INFO Stream # 69: C-2
2021-09-04 00:35:39,693 INFO units: 700
2021-09-04 00:35:39,693 INFO input_scaling: 0.6
2021-09-04 00:35:39,694 INFO radius: 0.1
2021-09-04 00:35:39,694 INFO leaky: 0.1
2021-09-04 00:35:39,694 INFO learning_rate: 0.001
2021-09-04 00:37:09,493 INFO validation_loss: 3.621209543780424e-05

2021-09-04 00:37:20,015 INFO normalized prediction error: 0.20
2021-09-04 00:37:20,022 INFO Channel Stats: TP: 1  FP: 0  FN: 1 TN: 3
2021-09-04 00:37:20,023 INFO Total true positives: 66
2021-09-04 00:37:20,023 INFO Total false positives: 16
2021-09-04 00:37:20,023 INFO Total false negatives: 21
2021-09-04 00:37:20,023 INFO Total true negatives: 141

2021-09-04 00:37:20,030 INFO Stream # 70: T-12
2021-09-04 00:37:20,430 INFO units: 300
2021-09-04 00:37:20,430 INFO input_scaling: 0.9
2021-09-04 00:37:20,430 INFO radius: 0.2
2021-09-04 00:37:20,430 INFO leaky: 0.2
2021-09-04 00:37:20,430 INFO learning_rate: 0.0001
2021-09-04 00:37:43,325 INFO validation_loss: 0.017334505915641785

2021-09-04 00:37:53,763 INFO normalized prediction error: 0.03
2021-09-04 00:37:53,780 INFO Channel Stats: TP: 1  FP: 0  FN: 0 TN: 2
2021-09-04 00:37:53,780 INFO Total true positives: 67
2021-09-04 00:37:53,780 INFO Total false positives: 16
2021-09-04 00:37:53,780 INFO Total false negatives: 21
2021-09-04 00:37:53,780 INFO Total true negatives: 143

2021-09-04 00:37:53,788 INFO Stream # 71: T-13
2021-09-04 00:37:54,204 INFO units: 900
2021-09-04 00:37:54,205 INFO input_scaling: 0.6
2021-09-04 00:37:54,205 INFO radius: 0.7
2021-09-04 00:37:54,205 INFO leaky: 0.2
2021-09-04 00:37:54,205 INFO learning_rate: 0.01
2021-09-04 00:40:45,604 INFO validation_loss: 0.014336194843053818

2021-09-04 00:40:58,272 INFO normalized prediction error: 0.01
2021-09-04 00:40:58,282 INFO Channel Stats: TP: 0  FP: 0  FN: 2 TN: 3
2021-09-04 00:40:58,282 INFO Total true positives: 67
2021-09-04 00:40:58,282 INFO Total false positives: 16
2021-09-04 00:40:58,282 INFO Total false negatives: 23
2021-09-04 00:40:58,282 INFO Total true negatives: 146

2021-09-04 00:40:58,290 INFO Stream # 72: F-4
2021-09-04 00:40:59,057 INFO units: 700
2021-09-04 00:40:59,057 INFO input_scaling: 0.6
2021-09-04 00:40:59,057 INFO radius: 0.1
2021-09-04 00:40:59,058 INFO leaky: 0.1
2021-09-04 00:40:59,058 INFO learning_rate: 0.001
2021-09-04 00:42:30,562 INFO validation_loss: 0.0916544497013092

2021-09-04 00:42:47,560 INFO normalized prediction error: 0.07
2021-09-04 00:42:47,659 INFO Channel Stats: TP: 0  FP: 1  FN: 1 TN: 1
2021-09-04 00:42:47,659 INFO Total true positives: 67
2021-09-04 00:42:47,659 INFO Total false positives: 17
2021-09-04 00:42:47,659 INFO Total false negatives: 24
2021-09-04 00:42:47,659 INFO Total true negatives: 147

2021-09-04 00:42:47,667 INFO Stream # 73: F-5
2021-09-04 00:42:48,582 INFO units: 900
2021-09-04 00:42:48,582 INFO input_scaling: 0.9
2021-09-04 00:42:48,582 INFO radius: 0.3
2021-09-04 00:42:48,582 INFO leaky: 0.2
2021-09-04 00:42:48,582 INFO learning_rate: 0.0001
2021-09-04 00:45:41,785 INFO validation_loss: 0.0075955926440656185

2021-09-04 00:46:03,185 INFO normalized prediction error: 0.02
2021-09-04 00:46:03,349 INFO Channel Stats: TP: 1  FP: 0  FN: 0 TN: 2
2021-09-04 00:46:03,350 INFO Total true positives: 68
2021-09-04 00:46:03,350 INFO Total false positives: 17
2021-09-04 00:46:03,350 INFO Total false negatives: 24
2021-09-04 00:46:03,350 INFO Total true negatives: 149

2021-09-04 00:46:03,357 INFO Stream # 74: D-14
2021-09-04 00:46:04,435 INFO units: 700
2021-09-04 00:46:04,435 INFO input_scaling: 0.6
2021-09-04 00:46:04,435 INFO radius: 0.1
2021-09-04 00:46:04,435 INFO leaky: 0.1
2021-09-04 00:46:04,435 INFO learning_rate: 0.001
2021-09-04 00:47:34,681 INFO validation_loss: 2.8976348403375596e-05

2021-09-04 00:47:47,817 INFO normalized prediction error: 0.06
2021-09-04 00:47:47,860 INFO Channel Stats: TP: 1  FP: 0  FN: 1 TN: 3
2021-09-04 00:47:47,860 INFO Total true positives: 69
2021-09-04 00:47:47,860 INFO Total false positives: 17
2021-09-04 00:47:47,860 INFO Total false negatives: 25
2021-09-04 00:47:47,860 INFO Total true negatives: 152

2021-09-04 00:47:47,867 INFO Stream # 75: T-9
2021-09-04 00:47:48,004 INFO units: 700
2021-09-04 00:47:48,004 INFO input_scaling: 0.6
2021-09-04 00:47:48,004 INFO radius: 0.1
2021-09-04 00:47:48,004 INFO leaky: 0.1
2021-09-04 00:47:48,004 INFO learning_rate: 0.001
2021-09-04 00:49:08,215 INFO validation_loss: 0.005005111917853355

2021-09-04 00:49:13,418 INFO normalized prediction error: 0.19
2021-09-04 00:49:13,422 INFO Channel Stats: TP: 0  FP: 0  FN: 2 TN: 3
2021-09-04 00:49:13,422 INFO Total true positives: 69
2021-09-04 00:49:13,422 INFO Total false positives: 17
2021-09-04 00:49:13,422 INFO Total false negatives: 27
2021-09-04 00:49:13,422 INFO Total true negatives: 155

2021-09-04 00:49:13,429 INFO Stream # 76: P-14
2021-09-04 00:49:14,532 INFO units: 700
2021-09-04 00:49:14,532 INFO input_scaling: 0.6
2021-09-04 00:49:14,532 INFO radius: 0.1
2021-09-04 00:49:14,532 INFO leaky: 0.1
2021-09-04 00:49:14,532 INFO learning_rate: 0.001
2021-09-04 00:50:43,739 INFO validation_loss: 1.5471026699742652e-06

2021-09-04 00:51:18,073 INFO normalized prediction error: 0.15
2021-09-04 00:51:18,440 INFO Channel Stats: TP: 1  FP: 0  FN: 0 TN: 2
2021-09-04 00:51:18,440 INFO Total true positives: 70
2021-09-04 00:51:18,440 INFO Total false positives: 17
2021-09-04 00:51:18,440 INFO Total false negatives: 27
2021-09-04 00:51:18,440 INFO Total true negatives: 157

2021-09-04 00:51:18,448 INFO Stream # 77: T-8
2021-09-04 00:51:18,732 INFO units: 200
2021-09-04 00:51:18,732 INFO input_scaling: 0.9
2021-09-04 00:51:18,732 INFO radius: 0.8
2021-09-04 00:51:18,732 INFO leaky: 0.6
2021-09-04 00:51:18,732 INFO learning_rate: 0.0001
2021-09-04 00:51:39,082 INFO validation_loss: 0.37261098623275757

2021-09-04 00:51:44,878 INFO normalized prediction error: 0.07
2021-09-04 00:51:44,886 INFO Channel Stats: TP: 2  FP: 0  FN: 0 TN: 3
2021-09-04 00:51:44,886 INFO Total true positives: 72
2021-09-04 00:51:44,886 INFO Total false positives: 17
2021-09-04 00:51:44,886 INFO Total false negatives: 27
2021-09-04 00:51:44,886 INFO Total true negatives: 160

2021-09-04 00:51:44,894 INFO Stream # 78: P-11
2021-09-04 00:51:46,082 INFO units: 1000
2021-09-04 00:51:46,082 INFO input_scaling: 0.9
2021-09-04 00:51:46,082 INFO radius: 0.6
2021-09-04 00:51:46,082 INFO leaky: 0.1
2021-09-04 00:51:46,083 INFO learning_rate: 0.01
2021-09-04 00:55:35,016 INFO validation_loss: 0.0055074975825846195

2021-09-04 00:55:56,027 INFO normalized prediction error: 0.03
2021-09-04 00:55:56,163 INFO Channel Stats: TP: 1  FP: 0  FN: 1 TN: 3
2021-09-04 00:55:56,163 INFO Total true positives: 73
2021-09-04 00:55:56,163 INFO Total false positives: 17
2021-09-04 00:55:56,163 INFO Total false negatives: 28
2021-09-04 00:55:56,163 INFO Total true negatives: 163

2021-09-04 00:55:56,172 INFO Stream # 79: D-15
2021-09-04 00:55:56,912 INFO units: 300
2021-09-04 00:55:56,912 INFO input_scaling: 0.7
2021-09-04 00:55:56,912 INFO radius: 0.5
2021-09-04 00:55:56,912 INFO leaky: 0.1
2021-09-04 00:55:56,912 INFO learning_rate: 0.01
2021-09-04 00:56:20,829 INFO validation_loss: 0.5243924856185913

2021-09-04 00:56:30,069 INFO normalized prediction error: 0.16
2021-09-04 00:56:30,073 INFO Channel Stats: TP: 0  FP: 0  FN: 1 TN: 2
2021-09-04 00:56:30,073 INFO Total true positives: 73
2021-09-04 00:56:30,073 INFO Total false positives: 17
2021-09-04 00:56:30,073 INFO Total false negatives: 29
2021-09-04 00:56:30,073 INFO Total true negatives: 165

2021-09-04 00:56:30,082 INFO Stream # 80: D-16
2021-09-04 00:56:30,556 INFO units: 200
2021-09-04 00:56:30,556 INFO input_scaling: 0.6
2021-09-04 00:56:30,556 INFO radius: 0.99
2021-09-04 00:56:30,556 INFO leaky: 0.2
2021-09-04 00:56:30,556 INFO learning_rate: 0.01
2021-09-04 00:56:50,017 INFO validation_loss: 0.2920320928096771

2021-09-04 00:56:59,585 INFO normalized prediction error: 0.18
2021-09-04 00:56:59,593 INFO Channel Stats: TP: 1  FP: 0  FN: 0 TN: 2
2021-09-04 00:56:59,593 INFO Total true positives: 74
2021-09-04 00:56:59,593 INFO Total false positives: 17
2021-09-04 00:56:59,593 INFO Total false negatives: 29
2021-09-04 00:56:59,593 INFO Total true negatives: 167

2021-09-04 00:56:59,601 INFO Stream # 81: M-7
2021-09-04 00:57:00,131 INFO units: 1000
2021-09-04 00:57:00,131 INFO input_scaling: 0.5
2021-09-04 00:57:00,131 INFO radius: 0.2
2021-09-04 00:57:00,131 INFO leaky: 1.0
2021-09-04 00:57:00,131 INFO learning_rate: 0.01
2021-09-04 01:00:48,411 INFO validation_loss: 0.01450235117226839

2021-09-04 01:00:59,224 INFO normalized prediction error: 0.04
2021-09-04 01:00:59,238 INFO Channel Stats: TP: 1  FP: 0  FN: 0 TN: 2
2021-09-04 01:00:59,238 INFO Total true positives: 75
2021-09-04 01:00:59,238 INFO Total false positives: 17
2021-09-04 01:00:59,238 INFO Total false negatives: 29
2021-09-04 01:00:59,238 INFO Total true negatives: 169

2021-09-04 01:00:59,246 INFO Stream # 82: F-8
2021-09-04 01:01:00,341 INFO units: 300
2021-09-04 01:01:00,341 INFO input_scaling: 0.7
2021-09-04 01:01:00,341 INFO radius: 0.5
2021-09-04 01:01:00,341 INFO leaky: 0.1
2021-09-04 01:01:00,341 INFO learning_rate: 0.01
2021-09-04 01:01:36,392 INFO validation_loss: 0.2371709793806076

2021-09-04 01:01:47,681 INFO normalized prediction error: 0.10
2021-09-04 01:01:47,702 INFO Channel Stats: TP: 1  FP: 0  FN: 0 TN: 2
2021-09-04 01:01:47,702 INFO Total true positives: 76
2021-09-04 01:01:47,702 INFO Total false positives: 17
2021-09-04 01:01:47,702 INFO Total false negatives: 29
2021-09-04 01:01:47,702 INFO Total true negatives: 171

2021-09-04 01:01:47,712 INFO Final Totals:
2021-09-04 01:01:47,712 INFO -----------------
2021-09-04 01:01:47,712 INFO True Positives: 76
2021-09-04 01:01:47,712 INFO False Positives: 17
2021-09-04 01:01:47,712 INFO False Negatives: 29
2021-09-04 01:01:47,712 INFO True Negatives: 171

2021-09-04 01:01:47,712 INFO Precision: 0.82
2021-09-04 01:01:47,712 INFO Recall: 0.72

