2021-09-03 17:42:33,620 INFO 82 channels found for processing.
2021-09-03 17:42:33,620 INFO Execution mode: train_and_predict

2021-09-03 17:42:33,621 INFO Stream # 1: P-1
2021-09-03 17:42:34,530 INFO units: 35
2021-09-03 17:42:34,530 INFO dropout: 0.2
2021-09-03 17:42:34,531 INFO learning_rate: 0.01
2021-09-03 17:42:34,531 INFO layers: 1
2021-09-03 17:43:15,754 INFO validation_loss: 0.04791376739740372

2021-09-03 17:43:21,751 INFO normalized prediction error: 0.10
2021-09-03 17:43:22,278 INFO Channel Stats: TP: 1  FP: 0  FN: 2 TN: 4
2021-09-03 17:43:22,278 INFO Total true positives: 1
2021-09-03 17:43:22,278 INFO Total false positives: 0
2021-09-03 17:43:22,278 INFO Total false negatives: 2
2021-09-03 17:43:22,278 INFO Total true negatives: 4

2021-09-03 17:43:22,283 INFO Stream # 2: S-1
2021-09-03 17:43:22,871 INFO units: 30
2021-09-03 17:43:22,871 INFO dropout: 0.15
2021-09-03 17:43:22,871 INFO learning_rate: 0.01
2021-09-03 17:43:22,871 INFO layers: 1
2021-09-03 17:43:52,773 INFO validation_loss: 0.12666773796081543

2021-09-03 17:43:57,785 INFO normalized prediction error: 0.17
2021-09-03 17:43:58,356 INFO Channel Stats: TP: 1  FP: 0  FN: 0 TN: 2
2021-09-03 17:43:58,356 INFO Total true positives: 2
2021-09-03 17:43:58,356 INFO Total false positives: 0
2021-09-03 17:43:58,356 INFO Total false negatives: 2
2021-09-03 17:43:58,356 INFO Total true negatives: 6

2021-09-03 17:43:58,360 INFO Stream # 3: E-1
2021-09-03 17:43:58,944 INFO units: 35
2021-09-03 17:43:58,944 INFO dropout: 0.15
2021-09-03 17:43:58,944 INFO learning_rate: 0.01
2021-09-03 17:43:58,944 INFO layers: 1
2021-09-03 17:44:22,049 INFO validation_loss: 0.24853423237800598

2021-09-03 17:44:27,892 INFO normalized prediction error: 0.16
2021-09-03 17:44:28,443 INFO Channel Stats: TP: 2  FP: 1  FN: 0 TN: 2
2021-09-03 17:44:28,443 INFO Total true positives: 4
2021-09-03 17:44:28,443 INFO Total false positives: 1
2021-09-03 17:44:28,443 INFO Total false negatives: 2
2021-09-03 17:44:28,443 INFO Total true negatives: 8

2021-09-03 17:44:28,447 INFO Stream # 4: E-2
2021-09-03 17:44:29,047 INFO units: 30
2021-09-03 17:44:29,047 INFO dropout: 0.15
2021-09-03 17:44:29,047 INFO learning_rate: 0.01
2021-09-03 17:44:29,047 INFO layers: 1
2021-09-03 17:44:43,960 INFO validation_loss: 0.07207697629928589

2021-09-03 17:44:49,618 INFO normalized prediction error: 0.10
2021-09-03 17:44:50,226 INFO Channel Stats: TP: 1  FP: 2  FN: 0 TN: 0
2021-09-03 17:44:50,227 INFO Total true positives: 5
2021-09-03 17:44:50,227 INFO Total false positives: 3
2021-09-03 17:44:50,227 INFO Total false negatives: 2
2021-09-03 17:44:50,227 INFO Total true negatives: 8

2021-09-03 17:44:50,231 INFO Stream # 5: E-3
2021-09-03 17:44:50,816 INFO units: 38
2021-09-03 17:44:50,816 INFO dropout: 0.15
2021-09-03 17:44:50,816 INFO learning_rate: 0.01
2021-09-03 17:44:50,816 INFO layers: 1
2021-09-03 17:45:02,939 INFO validation_loss: 0.0025018041487783194

2021-09-03 17:45:08,287 INFO normalized prediction error: 0.03
2021-09-03 17:45:08,910 INFO Channel Stats: TP: 1  FP: 0  FN: 0 TN: 2
2021-09-03 17:45:08,911 INFO Total true positives: 6
2021-09-03 17:45:08,911 INFO Total false positives: 3
2021-09-03 17:45:08,911 INFO Total false negatives: 2
2021-09-03 17:45:08,911 INFO Total true negatives: 10

2021-09-03 17:45:08,914 INFO Stream # 6: E-4
2021-09-03 17:45:09,518 INFO units: 35
2021-09-03 17:45:09,518 INFO dropout: 0.15
2021-09-03 17:45:09,518 INFO learning_rate: 0.01
2021-09-03 17:45:09,518 INFO layers: 1
2021-09-03 17:45:25,843 INFO validation_loss: 0.02391510270535946

2021-09-03 17:45:32,067 INFO normalized prediction error: 0.05
2021-09-03 17:45:32,499 INFO Channel Stats: TP: 1  FP: 0  FN: 0 TN: 2
2021-09-03 17:45:32,499 INFO Total true positives: 7
2021-09-03 17:45:32,499 INFO Total false positives: 3
2021-09-03 17:45:32,499 INFO Total false negatives: 2
2021-09-03 17:45:32,499 INFO Total true negatives: 12

2021-09-03 17:45:32,502 INFO Stream # 7: E-5
2021-09-03 17:45:33,089 INFO units: 35
2021-09-03 17:45:33,089 INFO dropout: 0.15
2021-09-03 17:45:33,089 INFO learning_rate: 0.01
2021-09-03 17:45:33,089 INFO layers: 1
2021-09-03 17:46:05,939 INFO validation_loss: 0.21124111115932465

2021-09-03 17:46:11,511 INFO normalized prediction error: 0.11
2021-09-03 17:46:12,003 INFO Channel Stats: TP: 0  FP: 1  FN: 1 TN: 1
2021-09-03 17:46:12,004 INFO Total true positives: 7
2021-09-03 17:46:12,004 INFO Total false positives: 4
2021-09-03 17:46:12,004 INFO Total false negatives: 3
2021-09-03 17:46:12,004 INFO Total true negatives: 13

2021-09-03 17:46:12,008 INFO Stream # 8: E-6
2021-09-03 17:46:12,580 INFO units: 30
2021-09-03 17:46:12,580 INFO dropout: 0.35
2021-09-03 17:46:12,580 INFO learning_rate: 0.01
2021-09-03 17:46:12,580 INFO layers: 1
2021-09-03 17:46:21,376 INFO validation_loss: 0.000153720160597004

2021-09-03 17:46:27,052 INFO normalized prediction error: 0.01
2021-09-03 17:46:27,764 INFO Channel Stats: TP: 1  FP: 0  FN: 0 TN: 2
2021-09-03 17:46:27,765 INFO Total true positives: 8
2021-09-03 17:46:27,765 INFO Total false positives: 4
2021-09-03 17:46:27,765 INFO Total false negatives: 3
2021-09-03 17:46:27,765 INFO Total true negatives: 15

2021-09-03 17:46:27,769 INFO Stream # 9: E-7
2021-09-03 17:46:28,361 INFO units: 38
2021-09-03 17:46:28,361 INFO dropout: 0.15
2021-09-03 17:46:28,361 INFO learning_rate: 0.01
2021-09-03 17:46:28,361 INFO layers: 1
2021-09-03 17:46:38,102 INFO validation_loss: 0.0013778354041278362

2021-09-03 17:46:43,736 INFO normalized prediction error: 0.02
2021-09-03 17:46:44,396 INFO Channel Stats: TP: 1  FP: 0  FN: 0 TN: 2
2021-09-03 17:46:44,396 INFO Total true positives: 9
2021-09-03 17:46:44,396 INFO Total false positives: 4
2021-09-03 17:46:44,396 INFO Total false negatives: 3
2021-09-03 17:46:44,396 INFO Total true negatives: 17

2021-09-03 17:46:44,400 INFO Stream # 10: E-8
2021-09-03 17:46:45,020 INFO units: 35
2021-09-03 17:46:45,020 INFO dropout: 0.15
2021-09-03 17:46:45,020 INFO learning_rate: 0.01
2021-09-03 17:46:45,020 INFO layers: 1
2021-09-03 17:46:57,834 INFO validation_loss: 0.019123049452900887

2021-09-03 17:47:03,704 INFO normalized prediction error: 0.05
2021-09-03 17:47:04,262 INFO Channel Stats: TP: 1  FP: 0  FN: 0 TN: 2
2021-09-03 17:47:04,262 INFO Total true positives: 10
2021-09-03 17:47:04,262 INFO Total false positives: 4
2021-09-03 17:47:04,262 INFO Total false negatives: 3
2021-09-03 17:47:04,262 INFO Total true negatives: 19

2021-09-03 17:47:04,266 INFO Stream # 11: E-9
2021-09-03 17:47:04,842 INFO units: 38
2021-09-03 17:47:04,842 INFO dropout: 0.15
2021-09-03 17:47:04,842 INFO learning_rate: 0.01
2021-09-03 17:47:04,842 INFO layers: 1
2021-09-03 17:47:19,928 INFO validation_loss: 0.008857723325490952

2021-09-03 17:47:25,354 INFO normalized prediction error: 0.06
2021-09-03 17:47:25,715 INFO Channel Stats: TP: 0  FP: 0  FN: 1 TN: 2
2021-09-03 17:47:25,715 INFO Total true positives: 10
2021-09-03 17:47:25,715 INFO Total false positives: 4
2021-09-03 17:47:25,715 INFO Total false negatives: 4
2021-09-03 17:47:25,715 INFO Total true negatives: 21

2021-09-03 17:47:25,719 INFO Stream # 12: E-10
2021-09-03 17:47:26,332 INFO units: 38
2021-09-03 17:47:26,332 INFO dropout: 0.15
2021-09-03 17:47:26,332 INFO learning_rate: 0.01
2021-09-03 17:47:26,332 INFO layers: 1
2021-09-03 17:48:12,853 INFO validation_loss: 0.14681598544120789

2021-09-03 17:48:18,531 INFO normalized prediction error: 0.17
2021-09-03 17:48:19,142 INFO Channel Stats: TP: 2  FP: 4  FN: 0 TN: 0
2021-09-03 17:48:19,142 INFO Total true positives: 12
2021-09-03 17:48:19,142 INFO Total false positives: 8
2021-09-03 17:48:19,142 INFO Total false negatives: 4
2021-09-03 17:48:19,142 INFO Total true negatives: 21

2021-09-03 17:48:19,146 INFO Stream # 13: E-11
2021-09-03 17:48:19,720 INFO units: 35
2021-09-03 17:48:19,720 INFO dropout: 0.15
2021-09-03 17:48:19,720 INFO learning_rate: 0.01
2021-09-03 17:48:19,720 INFO layers: 1
2021-09-03 17:48:50,249 INFO validation_loss: 0.22290979325771332

2021-09-03 17:48:56,277 INFO normalized prediction error: 0.19
2021-09-03 17:48:56,787 INFO Channel Stats: TP: 2  FP: 0  FN: 0 TN: 3
2021-09-03 17:48:56,788 INFO Total true positives: 14
2021-09-03 17:48:56,788 INFO Total false positives: 8
2021-09-03 17:48:56,788 INFO Total false negatives: 4
2021-09-03 17:48:56,788 INFO Total true negatives: 24

2021-09-03 17:48:56,791 INFO Stream # 14: E-12
2021-09-03 17:48:57,355 INFO units: 35
2021-09-03 17:48:57,355 INFO dropout: 0.15
2021-09-03 17:48:57,355 INFO learning_rate: 0.01
2021-09-03 17:48:57,355 INFO layers: 1
2021-09-03 17:49:12,873 INFO validation_loss: 0.24863630533218384

2021-09-03 17:49:18,577 INFO normalized prediction error: 0.13
2021-09-03 17:49:19,001 INFO Channel Stats: TP: 1  FP: 1  FN: 1 TN: 2
2021-09-03 17:49:19,001 INFO Total true positives: 15
2021-09-03 17:49:19,001 INFO Total false positives: 9
2021-09-03 17:49:19,001 INFO Total false negatives: 5
2021-09-03 17:49:19,001 INFO Total true negatives: 26

2021-09-03 17:49:19,005 INFO Stream # 15: E-13
2021-09-03 17:49:19,570 INFO units: 38
2021-09-03 17:49:19,570 INFO dropout: 0.15
2021-09-03 17:49:19,570 INFO learning_rate: 0.01
2021-09-03 17:49:19,570 INFO layers: 1
2021-09-03 17:49:38,011 INFO validation_loss: 0.10025431960821152

2021-09-03 17:49:43,633 INFO normalized prediction error: 0.10
2021-09-03 17:49:44,134 INFO Channel Stats: TP: 1  FP: 0  FN: 2 TN: 4
2021-09-03 17:49:44,134 INFO Total true positives: 16
2021-09-03 17:49:44,134 INFO Total false positives: 9
2021-09-03 17:49:44,134 INFO Total false negatives: 7
2021-09-03 17:49:44,134 INFO Total true negatives: 30

2021-09-03 17:49:44,139 INFO Stream # 16: A-1
2021-09-03 17:49:44,724 INFO units: 38
2021-09-03 17:49:44,724 INFO dropout: 0.15
2021-09-03 17:49:44,724 INFO learning_rate: 0.01
2021-09-03 17:49:44,724 INFO layers: 1
2021-09-03 17:49:51,422 INFO validation_loss: 0.00020171099458821118

2021-09-03 17:49:57,401 INFO normalized prediction error: 0.01
2021-09-03 17:49:58,064 INFO Channel Stats: TP: 1  FP: 0  FN: 0 TN: 2
2021-09-03 17:49:58,064 INFO Total true positives: 17
2021-09-03 17:49:58,064 INFO Total false positives: 9
2021-09-03 17:49:58,064 INFO Total false negatives: 7
2021-09-03 17:49:58,064 INFO Total true negatives: 32

2021-09-03 17:49:58,068 INFO Stream # 17: D-1
2021-09-03 17:49:58,631 INFO units: 38
2021-09-03 17:49:58,631 INFO dropout: 0.15
2021-09-03 17:49:58,631 INFO learning_rate: 0.01
2021-09-03 17:49:58,631 INFO layers: 1
2021-09-03 17:50:06,851 INFO validation_loss: 0.002420127857476473

2021-09-03 17:50:12,508 INFO normalized prediction error: 0.11
2021-09-03 17:50:13,005 INFO Channel Stats: TP: 1  FP: 0  FN: 0 TN: 2
2021-09-03 17:50:13,005 INFO Total true positives: 18
2021-09-03 17:50:13,005 INFO Total false positives: 9
2021-09-03 17:50:13,005 INFO Total false negatives: 7
2021-09-03 17:50:13,005 INFO Total true negatives: 34

2021-09-03 17:50:13,010 INFO Stream # 18: P-2
2021-09-03 17:50:13,576 INFO units: 38
2021-09-03 17:50:13,576 INFO dropout: 0.15
2021-09-03 17:50:13,576 INFO learning_rate: 0.01
2021-09-03 17:50:13,576 INFO layers: 1
2021-09-03 17:50:20,754 INFO validation_loss: 0.0008259881287813187

2021-09-03 17:50:26,176 INFO normalized prediction error: 0.06
2021-09-03 17:50:26,557 INFO Channel Stats: TP: 1  FP: 0  FN: 0 TN: 2
2021-09-03 17:50:26,557 INFO Total true positives: 19
2021-09-03 17:50:26,558 INFO Total false positives: 9
2021-09-03 17:50:26,558 INFO Total false negatives: 7
2021-09-03 17:50:26,558 INFO Total true negatives: 36

2021-09-03 17:50:26,562 INFO Stream # 19: P-3
2021-09-03 17:50:27,353 INFO units: 38
2021-09-03 17:50:27,353 INFO dropout: 0.15
2021-09-03 17:50:27,353 INFO learning_rate: 0.01
2021-09-03 17:50:27,353 INFO layers: 1
2021-09-03 17:50:40,908 INFO validation_loss: 0.009812671691179276

2021-09-03 17:50:46,725 INFO normalized prediction error: 0.05
2021-09-03 17:50:47,254 INFO Channel Stats: TP: 1  FP: 0  FN: 0 TN: 2
2021-09-03 17:50:47,254 INFO Total true positives: 20
2021-09-03 17:50:47,254 INFO Total false positives: 9
2021-09-03 17:50:47,254 INFO Total false negatives: 7
2021-09-03 17:50:47,254 INFO Total true negatives: 38

2021-09-03 17:50:47,259 INFO Stream # 20: D-2
2021-09-03 17:50:47,846 INFO units: 38
2021-09-03 17:50:47,846 INFO dropout: 0.15
2021-09-03 17:50:47,846 INFO learning_rate: 0.01
2021-09-03 17:50:47,846 INFO layers: 1
2021-09-03 17:50:56,199 INFO validation_loss: 5.4577198170591146e-05

2021-09-03 17:51:01,883 INFO normalized prediction error: 0.31
2021-09-03 17:51:02,456 INFO Channel Stats: TP: 1  FP: 0  FN: 0 TN: 2
2021-09-03 17:51:02,456 INFO Total true positives: 21
2021-09-03 17:51:02,457 INFO Total false positives: 9
2021-09-03 17:51:02,457 INFO Total false negatives: 7
2021-09-03 17:51:02,457 INFO Total true negatives: 40

2021-09-03 17:51:02,461 INFO Stream # 21: D-3
2021-09-03 17:51:03,034 INFO units: 30
2021-09-03 17:51:03,034 INFO dropout: 0.35
2021-09-03 17:51:03,034 INFO learning_rate: 0.01
2021-09-03 17:51:03,034 INFO layers: 1
2021-09-03 17:51:11,622 INFO validation_loss: 0.00028008007211610675

2021-09-03 17:51:17,635 INFO normalized prediction error: 0.15
2021-09-03 17:51:18,019 INFO Channel Stats: TP: 1  FP: 0  FN: 0 TN: 2
2021-09-03 17:51:18,019 INFO Total true positives: 22
2021-09-03 17:51:18,019 INFO Total false positives: 9
2021-09-03 17:51:18,019 INFO Total false negatives: 7
2021-09-03 17:51:18,019 INFO Total true negatives: 42

2021-09-03 17:51:18,025 INFO Stream # 22: D-4
2021-09-03 17:51:18,822 INFO units: 35
2021-09-03 17:51:18,822 INFO dropout: 0.15
2021-09-03 17:51:18,822 INFO learning_rate: 0.01
2021-09-03 17:51:18,822 INFO layers: 1
2021-09-03 17:51:29,043 INFO validation_loss: 0.0002584794128779322

2021-09-03 17:51:34,876 INFO normalized prediction error: 0.17
2021-09-03 17:51:35,258 INFO Channel Stats: TP: 1  FP: 0  FN: 0 TN: 2
2021-09-03 17:51:35,258 INFO Total true positives: 23
2021-09-03 17:51:35,258 INFO Total false positives: 9
2021-09-03 17:51:35,258 INFO Total false negatives: 7
2021-09-03 17:51:35,258 INFO Total true negatives: 44

2021-09-03 17:51:35,263 INFO Stream # 23: A-2
2021-09-03 17:51:35,791 INFO units: 25
2021-09-03 17:51:35,791 INFO dropout: 0.15
2021-09-03 17:51:35,791 INFO learning_rate: 0.01
2021-09-03 17:51:35,791 INFO layers: 1
2021-09-03 17:51:47,836 INFO validation_loss: 0.02402324043214321

2021-09-03 17:51:52,911 INFO normalized prediction error: 0.08
2021-09-03 17:51:53,579 INFO Channel Stats: TP: 1  FP: 0  FN: 0 TN: 2
2021-09-03 17:51:53,580 INFO Total true positives: 24
2021-09-03 17:51:53,580 INFO Total false positives: 9
2021-09-03 17:51:53,580 INFO Total false negatives: 7
2021-09-03 17:51:53,580 INFO Total true negatives: 46

2021-09-03 17:51:53,585 INFO Stream # 24: A-3
2021-09-03 17:51:54,353 INFO units: 25
2021-09-03 17:51:54,354 INFO dropout: 0.35
2021-09-03 17:51:54,354 INFO learning_rate: 0.01
2021-09-03 17:51:54,354 INFO layers: 1
2021-09-03 17:52:08,639 INFO validation_loss: 0.01798003539443016

2021-09-03 17:52:14,208 INFO normalized prediction error: 0.06
2021-09-03 17:52:14,872 INFO Channel Stats: TP: 1  FP: 1  FN: 0 TN: 1
2021-09-03 17:52:14,873 INFO Total true positives: 25
2021-09-03 17:52:14,873 INFO Total false positives: 10
2021-09-03 17:52:14,873 INFO Total false negatives: 7
2021-09-03 17:52:14,873 INFO Total true negatives: 47

2021-09-03 17:52:14,880 INFO Stream # 25: A-4
2021-09-03 17:52:15,750 INFO units: 15
2021-09-03 17:52:15,751 INFO dropout: 0.45
2021-09-03 17:52:15,751 INFO learning_rate: 0.01
2021-09-03 17:52:15,751 INFO layers: 1
2021-09-03 17:52:28,371 INFO validation_loss: 0.02213469333946705

2021-09-03 17:52:33,690 INFO normalized prediction error: 0.06
2021-09-03 17:52:34,288 INFO Channel Stats: TP: 1  FP: 0  FN: 0 TN: 2
2021-09-03 17:52:34,288 INFO Total true positives: 26
2021-09-03 17:52:34,289 INFO Total false positives: 10
2021-09-03 17:52:34,289 INFO Total false negatives: 7
2021-09-03 17:52:34,289 INFO Total true negatives: 49

2021-09-03 17:52:34,294 INFO Stream # 26: G-1
2021-09-03 17:52:34,847 INFO units: 38
2021-09-03 17:52:34,847 INFO dropout: 0.15
2021-09-03 17:52:34,847 INFO learning_rate: 0.01
2021-09-03 17:52:34,848 INFO layers: 1
2021-09-03 17:52:48,032 INFO validation_loss: 0.021679973229765892

2021-09-03 17:52:53,613 INFO normalized prediction error: 0.10
2021-09-03 17:52:53,975 INFO Channel Stats: TP: 0  FP: 0  FN: 1 TN: 2
2021-09-03 17:52:53,975 INFO Total true positives: 26
2021-09-03 17:52:53,975 INFO Total false positives: 10
2021-09-03 17:52:53,975 INFO Total false negatives: 8
2021-09-03 17:52:53,975 INFO Total true negatives: 51

2021-09-03 17:52:53,980 INFO Stream # 27: G-2
2021-09-03 17:52:54,473 INFO units: 15
2021-09-03 17:52:54,473 INFO dropout: 0.1
2021-09-03 17:52:54,473 INFO learning_rate: 0.01
2021-09-03 17:52:54,473 INFO layers: 1
2021-09-03 17:53:01,107 INFO validation_loss: 0.00020616932306438684

2021-09-03 17:53:05,892 INFO normalized prediction error: 0.00
2021-09-03 17:53:06,406 INFO Channel Stats: TP: 0  FP: 0  FN: 1 TN: 2
2021-09-03 17:53:06,406 INFO Total true positives: 26
2021-09-03 17:53:06,406 INFO Total false positives: 10
2021-09-03 17:53:06,406 INFO Total false negatives: 9
2021-09-03 17:53:06,407 INFO Total true negatives: 53

2021-09-03 17:53:06,411 INFO Stream # 28: D-5
2021-09-03 17:53:06,917 INFO units: 38
2021-09-03 17:53:06,917 INFO dropout: 0.15
2021-09-03 17:53:06,917 INFO learning_rate: 0.01
2021-09-03 17:53:06,918 INFO layers: 1
2021-09-03 17:53:14,106 INFO validation_loss: 0.00016777782002463937

2021-09-03 17:53:19,568 INFO normalized prediction error: 0.91
2021-09-03 17:53:19,889 INFO Channel Stats: TP: 0  FP: 0  FN: 1 TN: 2
2021-09-03 17:53:19,889 INFO Total true positives: 26
2021-09-03 17:53:19,889 INFO Total false positives: 10
2021-09-03 17:53:19,889 INFO Total false negatives: 10
2021-09-03 17:53:19,889 INFO Total true negatives: 55

2021-09-03 17:53:19,894 INFO Stream # 29: D-6
2021-09-03 17:53:20,420 INFO units: 38
2021-09-03 17:53:20,420 INFO dropout: 0.15
2021-09-03 17:53:20,420 INFO learning_rate: 0.01
2021-09-03 17:53:20,420 INFO layers: 1
2021-09-03 17:53:30,311 INFO validation_loss: 0.017445987090468407

2021-09-03 17:53:35,880 INFO normalized prediction error: 0.04
2021-09-03 17:53:36,473 INFO Channel Stats: TP: 1  FP: 0  FN: 0 TN: 2
2021-09-03 17:53:36,473 INFO Total true positives: 27
2021-09-03 17:53:36,473 INFO Total false positives: 10
2021-09-03 17:53:36,473 INFO Total false negatives: 10
2021-09-03 17:53:36,473 INFO Total true negatives: 57

2021-09-03 17:53:36,477 INFO Stream # 30: D-7
2021-09-03 17:53:36,994 INFO units: 25
2021-09-03 17:53:36,994 INFO dropout: 0.15
2021-09-03 17:53:36,994 INFO learning_rate: 0.01
2021-09-03 17:53:36,994 INFO layers: 1
2021-09-03 17:53:43,243 INFO validation_loss: 0.00013619875244330615

2021-09-03 17:53:48,269 INFO normalized prediction error: 0.11
2021-09-03 17:53:48,610 INFO Channel Stats: TP: 1  FP: 0  FN: 0 TN: 2
2021-09-03 17:53:48,610 INFO Total true positives: 28
2021-09-03 17:53:48,610 INFO Total false positives: 10
2021-09-03 17:53:48,610 INFO Total false negatives: 10
2021-09-03 17:53:48,610 INFO Total true negatives: 59

2021-09-03 17:53:48,615 INFO Stream # 31: F-1
2021-09-03 17:53:49,188 INFO units: 38
2021-09-03 17:53:49,188 INFO dropout: 0.15
2021-09-03 17:53:49,188 INFO learning_rate: 0.01
2021-09-03 17:53:49,188 INFO layers: 1
2021-09-03 17:54:09,924 INFO validation_loss: 0.02458784729242325

2021-09-03 17:54:15,648 INFO normalized prediction error: 0.09
2021-09-03 17:54:16,055 INFO Channel Stats: TP: 0  FP: 0  FN: 1 TN: 2
2021-09-03 17:54:16,055 INFO Total true positives: 28
2021-09-03 17:54:16,055 INFO Total false positives: 10
2021-09-03 17:54:16,055 INFO Total false negatives: 11
2021-09-03 17:54:16,056 INFO Total true negatives: 61

2021-09-03 17:54:16,061 INFO Stream # 32: P-4
2021-09-03 17:54:16,579 INFO units: 30
2021-09-03 17:54:16,579 INFO dropout: 0.35
2021-09-03 17:54:16,579 INFO learning_rate: 0.01
2021-09-03 17:54:16,579 INFO layers: 1
2021-09-03 17:54:23,013 INFO validation_loss: 0.0001995224301936105

2021-09-03 17:54:28,523 INFO normalized prediction error: 0.01
2021-09-03 17:54:29,256 INFO Channel Stats: TP: 2  FP: 0  FN: 1 TN: 4
2021-09-03 17:54:29,256 INFO Total true positives: 30
2021-09-03 17:54:29,256 INFO Total false positives: 10
2021-09-03 17:54:29,256 INFO Total false negatives: 12
2021-09-03 17:54:29,256 INFO Total true negatives: 65

2021-09-03 17:54:29,261 INFO Stream # 33: G-3
2021-09-03 17:54:29,774 INFO units: 38
2021-09-03 17:54:29,775 INFO dropout: 0.15
2021-09-03 17:54:29,775 INFO learning_rate: 0.01
2021-09-03 17:54:29,775 INFO layers: 1
2021-09-03 17:54:44,122 INFO validation_loss: 0.004179277457296848

2021-09-03 17:54:49,336 INFO normalized prediction error: 0.00
2021-09-03 17:54:50,163 INFO Channel Stats: TP: 0  FP: 1  FN: 1 TN: 1
2021-09-03 17:54:50,163 INFO Total true positives: 30
2021-09-03 17:54:50,164 INFO Total false positives: 11
2021-09-03 17:54:50,164 INFO Total false negatives: 13
2021-09-03 17:54:50,164 INFO Total true negatives: 66

2021-09-03 17:54:50,169 INFO Stream # 34: T-1
2021-09-03 17:54:50,736 INFO units: 25
2021-09-03 17:54:50,737 INFO dropout: 0.15
2021-09-03 17:54:50,737 INFO learning_rate: 0.01
2021-09-03 17:54:50,737 INFO layers: 1
2021-09-03 17:55:11,148 INFO validation_loss: 0.0025495479349046946

2021-09-03 17:55:16,842 INFO normalized prediction error: 0.03
2021-09-03 17:55:17,369 INFO Channel Stats: TP: 1  FP: 0  FN: 1 TN: 3
2021-09-03 17:55:17,369 INFO Total true positives: 31
2021-09-03 17:55:17,369 INFO Total false positives: 11
2021-09-03 17:55:17,369 INFO Total false negatives: 14
2021-09-03 17:55:17,369 INFO Total true negatives: 69

2021-09-03 17:55:17,375 INFO Stream # 35: T-2
2021-09-03 17:55:17,949 INFO units: 15
2021-09-03 17:55:17,949 INFO dropout: 0.1
2021-09-03 17:55:17,949 INFO learning_rate: 0.01
2021-09-03 17:55:17,949 INFO layers: 1
2021-09-03 17:55:35,607 INFO validation_loss: 0.010181461460888386

2021-09-03 17:55:41,974 INFO normalized prediction error: 0.04
2021-09-03 17:55:42,378 INFO Channel Stats: TP: 0  FP: 0  FN: 1 TN: 2
2021-09-03 17:55:42,379 INFO Total true positives: 31
2021-09-03 17:55:42,379 INFO Total false positives: 11
2021-09-03 17:55:42,379 INFO Total false negatives: 15
2021-09-03 17:55:42,379 INFO Total true negatives: 71

2021-09-03 17:55:42,384 INFO Stream # 36: D-8
2021-09-03 17:55:42,915 INFO units: 30
2021-09-03 17:55:42,915 INFO dropout: 0.15
2021-09-03 17:55:42,915 INFO learning_rate: 0.01
2021-09-03 17:55:42,915 INFO layers: 1
2021-09-03 17:55:49,195 INFO validation_loss: 0.00014832349552307278

2021-09-03 17:55:54,324 INFO normalized prediction error: 0.01
2021-09-03 17:55:54,821 INFO Channel Stats: TP: 0  FP: 0  FN: 1 TN: 2
2021-09-03 17:55:54,822 INFO Total true positives: 31
2021-09-03 17:55:54,822 INFO Total false positives: 11
2021-09-03 17:55:54,822 INFO Total false negatives: 16
2021-09-03 17:55:54,822 INFO Total true negatives: 73

2021-09-03 17:55:54,827 INFO Stream # 37: D-9
2021-09-03 17:55:55,321 INFO units: 15
2021-09-03 17:55:55,321 INFO dropout: 0.1
2021-09-03 17:55:55,321 INFO learning_rate: 0.01
2021-09-03 17:55:55,321 INFO layers: 1
2021-09-03 17:56:02,328 INFO validation_loss: 0.00015908382192719728

2021-09-03 17:56:07,294 INFO normalized prediction error: 0.02
2021-09-03 17:56:07,619 INFO Channel Stats: TP: 1  FP: 0  FN: 0 TN: 2
2021-09-03 17:56:07,619 INFO Total true positives: 32
2021-09-03 17:56:07,619 INFO Total false positives: 11
2021-09-03 17:56:07,619 INFO Total false negatives: 16
2021-09-03 17:56:07,619 INFO Total true negatives: 75

2021-09-03 17:56:07,625 INFO Stream # 38: F-2
2021-09-03 17:56:08,192 INFO units: 15
2021-09-03 17:56:08,192 INFO dropout: 0.45
2021-09-03 17:56:08,192 INFO learning_rate: 0.01
2021-09-03 17:56:08,192 INFO layers: 1
2021-09-03 17:56:18,040 INFO validation_loss: 0.02726043574512005

2021-09-03 17:56:24,164 INFO normalized prediction error: 0.05
2021-09-03 17:56:24,836 INFO Channel Stats: TP: 1  FP: 0  FN: 0 TN: 2
2021-09-03 17:56:24,837 INFO Total true positives: 33
2021-09-03 17:56:24,837 INFO Total false positives: 11
2021-09-03 17:56:24,837 INFO Total false negatives: 16
2021-09-03 17:56:24,837 INFO Total true negatives: 77

2021-09-03 17:56:24,843 INFO Stream # 39: G-4
2021-09-03 17:56:25,359 INFO units: 35
2021-09-03 17:56:25,359 INFO dropout: 0.15
2021-09-03 17:56:25,359 INFO learning_rate: 0.01
2021-09-03 17:56:25,359 INFO layers: 1
2021-09-03 17:56:32,235 INFO validation_loss: 0.00011325658852001652

2021-09-03 17:56:37,530 INFO normalized prediction error: 0.01
2021-09-03 17:56:38,107 INFO Channel Stats: TP: 1  FP: 0  FN: 0 TN: 2
2021-09-03 17:56:38,108 INFO Total true positives: 34
2021-09-03 17:56:38,108 INFO Total false positives: 11
2021-09-03 17:56:38,108 INFO Total false negatives: 16
2021-09-03 17:56:38,108 INFO Total true negatives: 79

2021-09-03 17:56:38,112 INFO Stream # 40: T-3
2021-09-03 17:56:38,678 INFO units: 38
2021-09-03 17:56:38,678 INFO dropout: 0.15
2021-09-03 17:56:38,678 INFO learning_rate: 0.01
2021-09-03 17:56:38,678 INFO layers: 1
2021-09-03 17:56:46,033 INFO validation_loss: 0.00021149215172044933

2021-09-03 17:56:51,763 INFO normalized prediction error: 0.01
2021-09-03 17:56:52,476 INFO Channel Stats: TP: 2  FP: 0  FN: 0 TN: 3
2021-09-03 17:56:52,476 INFO Total true positives: 36
2021-09-03 17:56:52,476 INFO Total false positives: 11
2021-09-03 17:56:52,476 INFO Total false negatives: 16
2021-09-03 17:56:52,476 INFO Total true negatives: 82

2021-09-03 17:56:52,481 INFO Stream # 41: D-11
2021-09-03 17:56:52,988 INFO units: 30
2021-09-03 17:56:52,988 INFO dropout: 0.15
2021-09-03 17:56:52,988 INFO learning_rate: 0.01
2021-09-03 17:56:52,989 INFO layers: 1
2021-09-03 17:57:02,640 INFO validation_loss: 0.0010748914210125804

2021-09-03 17:57:07,558 INFO normalized prediction error: 0.01
2021-09-03 17:57:08,023 INFO Channel Stats: TP: 1  FP: 0  FN: 0 TN: 2
2021-09-03 17:57:08,023 INFO Total true positives: 37
2021-09-03 17:57:08,023 INFO Total false positives: 11
2021-09-03 17:57:08,023 INFO Total false negatives: 16
2021-09-03 17:57:08,023 INFO Total true negatives: 84

2021-09-03 17:57:08,029 INFO Stream # 42: D-12
2021-09-03 17:57:08,290 INFO units: 38
2021-09-03 17:57:08,290 INFO dropout: 0.15
2021-09-03 17:57:08,290 INFO learning_rate: 0.01
2021-09-03 17:57:08,290 INFO layers: 1
2021-09-03 17:57:10,620 INFO validation_loss: 0.0020793452858924866

2021-09-03 17:57:16,533 INFO normalized prediction error: 0.07
2021-09-03 17:57:16,890 INFO Channel Stats: TP: 1  FP: 0  FN: 0 TN: 2
2021-09-03 17:57:16,890 INFO Total true positives: 38
2021-09-03 17:57:16,890 INFO Total false positives: 11
2021-09-03 17:57:16,890 INFO Total false negatives: 16
2021-09-03 17:57:16,890 INFO Total true negatives: 86

2021-09-03 17:57:16,895 INFO Stream # 43: B-1
2021-09-03 17:57:17,411 INFO units: 30
2021-09-03 17:57:17,411 INFO dropout: 0.15
2021-09-03 17:57:17,411 INFO learning_rate: 0.01
2021-09-03 17:57:17,411 INFO layers: 1
2021-09-03 17:57:24,308 INFO validation_loss: 2.6946630896418355e-05

2021-09-03 17:57:29,686 INFO normalized prediction error: 0.10
2021-09-03 17:57:30,263 INFO Channel Stats: TP: 1  FP: 0  FN: 0 TN: 2
2021-09-03 17:57:30,263 INFO Total true positives: 39
2021-09-03 17:57:30,263 INFO Total false positives: 11
2021-09-03 17:57:30,263 INFO Total false negatives: 16
2021-09-03 17:57:30,263 INFO Total true negatives: 88

2021-09-03 17:57:30,269 INFO Stream # 44: G-6
2021-09-03 17:57:30,831 INFO units: 30
2021-09-03 17:57:30,831 INFO dropout: 0.25
2021-09-03 17:57:30,831 INFO learning_rate: 0.01
2021-09-03 17:57:30,831 INFO layers: 1
2021-09-03 17:57:37,871 INFO validation_loss: 0.0004974738112650812

2021-09-03 17:57:43,818 INFO normalized prediction error: 0.01
2021-09-03 17:57:44,522 INFO Channel Stats: TP: 1  FP: 0  FN: 0 TN: 2
2021-09-03 17:57:44,522 INFO Total true positives: 40
2021-09-03 17:57:44,523 INFO Total false positives: 11
2021-09-03 17:57:44,523 INFO Total false negatives: 16
2021-09-03 17:57:44,523 INFO Total true negatives: 90

2021-09-03 17:57:44,529 INFO Stream # 45: G-7
2021-09-03 17:57:45,030 INFO units: 15
2021-09-03 17:57:45,030 INFO dropout: 0.1
2021-09-03 17:57:45,030 INFO learning_rate: 0.01
2021-09-03 17:57:45,030 INFO layers: 1
2021-09-03 17:57:52,960 INFO validation_loss: 0.033103201538324356

2021-09-03 17:57:58,722 INFO normalized prediction error: 0.03
2021-09-03 17:57:59,564 INFO Channel Stats: TP: 3  FP: 3  FN: 0 TN: 1
2021-09-03 17:57:59,565 INFO Total true positives: 43
2021-09-03 17:57:59,565 INFO Total false positives: 14
2021-09-03 17:57:59,565 INFO Total false negatives: 16
2021-09-03 17:57:59,565 INFO Total true negatives: 91

2021-09-03 17:57:59,572 INFO Stream # 46: P-7
2021-09-03 17:58:00,134 INFO units: 30
2021-09-03 17:58:00,134 INFO dropout: 0.15
2021-09-03 17:58:00,134 INFO learning_rate: 0.01
2021-09-03 17:58:00,134 INFO layers: 1
2021-09-03 17:58:09,639 INFO validation_loss: 0.00602685147896409

2021-09-03 17:58:14,966 INFO normalized prediction error: 0.04
2021-09-03 17:58:15,324 INFO Channel Stats: TP: 1  FP: 0  FN: 0 TN: 2
2021-09-03 17:58:15,324 INFO Total true positives: 44
2021-09-03 17:58:15,324 INFO Total false positives: 14
2021-09-03 17:58:15,324 INFO Total false negatives: 16
2021-09-03 17:58:15,324 INFO Total true negatives: 93

2021-09-03 17:58:15,330 INFO Stream # 47: R-1
2021-09-03 17:58:15,850 INFO units: 38
2021-09-03 17:58:15,851 INFO dropout: 0.15
2021-09-03 17:58:15,851 INFO learning_rate: 0.01
2021-09-03 17:58:15,851 INFO layers: 1
2021-09-03 17:58:22,960 INFO validation_loss: 2.8571947041200474e-05

2021-09-03 17:58:27,929 INFO normalized prediction error: 0.00
2021-09-03 17:58:28,402 INFO Channel Stats: TP: 0  FP: 0  FN: 1 TN: 2
2021-09-03 17:58:28,402 INFO Total true positives: 44
2021-09-03 17:58:28,403 INFO Total false positives: 14
2021-09-03 17:58:28,403 INFO Total false negatives: 17
2021-09-03 17:58:28,403 INFO Total true negatives: 95

2021-09-03 17:58:28,409 INFO Stream # 48: A-5
2021-09-03 17:58:28,602 INFO units: 38
2021-09-03 17:58:28,602 INFO dropout: 0.15
2021-09-03 17:58:28,602 INFO learning_rate: 0.01
2021-09-03 17:58:28,602 INFO layers: 1
2021-09-03 17:58:32,704 INFO validation_loss: 6.107662920840085e-05

2021-09-03 17:58:36,272 INFO normalized prediction error: 0.28
2021-09-03 17:58:36,449 INFO Channel Stats: TP: 1  FP: 0  FN: 0 TN: 2
2021-09-03 17:58:36,450 INFO Total true positives: 45
2021-09-03 17:58:36,450 INFO Total false positives: 14
2021-09-03 17:58:36,450 INFO Total false negatives: 17
2021-09-03 17:58:36,450 INFO Total true negatives: 97

2021-09-03 17:58:36,455 INFO Stream # 49: A-6
2021-09-03 17:58:36,629 INFO units: 35
2021-09-03 17:58:36,629 INFO dropout: 0.15
2021-09-03 17:58:36,629 INFO learning_rate: 0.01
2021-09-03 17:58:36,629 INFO layers: 1
2021-09-03 17:58:45,168 INFO validation_loss: 0.02572961151599884

2021-09-03 17:58:48,168 INFO normalized prediction error: 0.14
2021-09-03 17:58:48,349 INFO Channel Stats: TP: 0  FP: 1  FN: 1 TN: 1
2021-09-03 17:58:48,349 INFO Total true positives: 45
2021-09-03 17:58:48,349 INFO Total false positives: 15
2021-09-03 17:58:48,349 INFO Total false negatives: 18
2021-09-03 17:58:48,349 INFO Total true negatives: 98

2021-09-03 17:58:48,355 INFO Stream # 50: A-7
2021-09-03 17:58:48,907 INFO units: 30
2021-09-03 17:58:48,907 INFO dropout: 0.15
2021-09-03 17:58:48,907 INFO learning_rate: 0.01
2021-09-03 17:58:48,907 INFO layers: 1
2021-09-03 17:59:06,845 INFO validation_loss: 0.0330105796456337

2021-09-03 17:59:12,626 INFO normalized prediction error: 0.12
2021-09-03 17:59:13,156 INFO Channel Stats: TP: 1  FP: 2  FN: 0 TN: 0
2021-09-03 17:59:13,156 INFO Total true positives: 46
2021-09-03 17:59:13,156 INFO Total false positives: 17
2021-09-03 17:59:13,156 INFO Total false negatives: 18
2021-09-03 17:59:13,156 INFO Total true negatives: 98

2021-09-03 17:59:13,162 INFO Stream # 51: D-13
2021-09-03 17:59:13,542 INFO units: 35
2021-09-03 17:59:13,542 INFO dropout: 0.15
2021-09-03 17:59:13,542 INFO learning_rate: 0.01
2021-09-03 17:59:13,542 INFO layers: 1
2021-09-03 17:59:18,455 INFO validation_loss: 0.00030304078245535493

2021-09-03 17:59:23,586 INFO normalized prediction error: 0.20
2021-09-03 17:59:23,983 INFO Channel Stats: TP: 1  FP: 1  FN: 0 TN: 1
2021-09-03 17:59:23,984 INFO Total true positives: 47
2021-09-03 17:59:23,984 INFO Total false positives: 18
2021-09-03 17:59:23,984 INFO Total false negatives: 18
2021-09-03 17:59:23,984 INFO Total true negatives: 99

2021-09-03 17:59:23,990 INFO Stream # 52: P-2
2021-09-03 17:59:24,548 INFO units: 38
2021-09-03 17:59:24,548 INFO dropout: 0.15
2021-09-03 17:59:24,548 INFO learning_rate: 0.01
2021-09-03 17:59:24,548 INFO layers: 1
2021-09-03 17:59:31,624 INFO validation_loss: 0.001754750031977892

2021-09-03 17:59:37,336 INFO normalized prediction error: 0.06
2021-09-03 17:59:37,707 INFO Channel Stats: TP: 1  FP: 0  FN: 0 TN: 2
2021-09-03 17:59:37,707 INFO Total true positives: 48
2021-09-03 17:59:37,708 INFO Total false positives: 18
2021-09-03 17:59:37,708 INFO Total false negatives: 18
2021-09-03 17:59:37,708 INFO Total true negatives: 101

2021-09-03 17:59:37,714 INFO Stream # 53: A-8
2021-09-03 17:59:38,029 INFO units: 35
2021-09-03 17:59:38,029 INFO dropout: 0.45
2021-09-03 17:59:38,029 INFO learning_rate: 0.01
2021-09-03 17:59:38,029 INFO layers: 1
2021-09-03 17:59:42,213 INFO validation_loss: 0.011890938505530357

2021-09-03 17:59:48,225 INFO normalized prediction error: 0.14
2021-09-03 17:59:48,662 INFO Channel Stats: TP: 1  FP: 0  FN: 0 TN: 2
2021-09-03 17:59:48,663 INFO Total true positives: 49
2021-09-03 17:59:48,663 INFO Total false positives: 18
2021-09-03 17:59:48,663 INFO Total false negatives: 18
2021-09-03 17:59:48,663 INFO Total true negatives: 103

2021-09-03 17:59:48,669 INFO Stream # 54: A-9
2021-09-03 17:59:48,984 INFO units: 38
2021-09-03 17:59:48,984 INFO dropout: 0.15
2021-09-03 17:59:48,984 INFO learning_rate: 0.01
2021-09-03 17:59:48,984 INFO layers: 1
2021-09-03 17:59:52,157 INFO validation_loss: 0.02297593094408512

2021-09-03 17:59:57,969 INFO normalized prediction error: 0.32
2021-09-03 17:59:58,381 INFO Channel Stats: TP: 0  FP: 0  FN: 1 TN: 2
2021-09-03 17:59:58,382 INFO Total true positives: 49
2021-09-03 17:59:58,382 INFO Total false positives: 18
2021-09-03 17:59:58,382 INFO Total false negatives: 19
2021-09-03 17:59:58,382 INFO Total true negatives: 105

2021-09-03 17:59:58,388 INFO Stream # 55: F-3
2021-09-03 17:59:59,083 INFO units: 15
2021-09-03 17:59:59,084 INFO dropout: 0.1
2021-09-03 17:59:59,084 INFO learning_rate: 0.01
2021-09-03 17:59:59,084 INFO layers: 1
2021-09-03 18:00:06,440 INFO validation_loss: 0.00045807973947376013

2021-09-03 18:00:11,993 INFO normalized prediction error: 0.01
2021-09-03 18:00:12,344 INFO Channel Stats: TP: 0  FP: 0  FN: 1 TN: 2
2021-09-03 18:00:12,344 INFO Total true positives: 49
2021-09-03 18:00:12,344 INFO Total false positives: 18
2021-09-03 18:00:12,344 INFO Total false negatives: 20
2021-09-03 18:00:12,344 INFO Total true negatives: 107

2021-09-03 18:00:12,351 INFO Stream # 56: M-6
2021-09-03 18:00:12,830 INFO units: 35
2021-09-03 18:00:12,830 INFO dropout: 0.15
2021-09-03 18:00:12,830 INFO learning_rate: 0.01
2021-09-03 18:00:12,830 INFO layers: 1
2021-09-03 18:00:18,330 INFO validation_loss: 0.00014862717944197357

2021-09-03 18:00:19,893 INFO normalized prediction error: 0.05
2021-09-03 18:00:19,906 INFO Channel Stats: TP: 1  FP: 0  FN: 0 TN: 2
2021-09-03 18:00:19,906 INFO Total true positives: 50
2021-09-03 18:00:19,906 INFO Total false positives: 18
2021-09-03 18:00:19,906 INFO Total false negatives: 20
2021-09-03 18:00:19,906 INFO Total true negatives: 109

2021-09-03 18:00:19,912 INFO Stream # 57: M-1
2021-09-03 18:00:20,575 INFO units: 38
2021-09-03 18:00:20,575 INFO dropout: 0.15
2021-09-03 18:00:20,575 INFO learning_rate: 0.01
2021-09-03 18:00:20,575 INFO layers: 1
2021-09-03 18:00:51,821 INFO validation_loss: 0.029348954558372498

2021-09-03 18:00:53,553 INFO normalized prediction error: 0.06
2021-09-03 18:00:53,561 INFO Channel Stats: TP: 0  FP: 1  FN: 1 TN: 1
2021-09-03 18:00:53,562 INFO Total true positives: 50
2021-09-03 18:00:53,562 INFO Total false positives: 19
2021-09-03 18:00:53,562 INFO Total false negatives: 21
2021-09-03 18:00:53,562 INFO Total true negatives: 110

2021-09-03 18:00:53,568 INFO Stream # 58: M-2
2021-09-03 18:00:54,223 INFO units: 38
2021-09-03 18:00:54,223 INFO dropout: 0.15
2021-09-03 18:00:54,223 INFO learning_rate: 0.01
2021-09-03 18:00:54,223 INFO layers: 1
2021-09-03 18:01:27,735 INFO validation_loss: 0.011288555338978767

2021-09-03 18:01:29,418 INFO normalized prediction error: 0.14
2021-09-03 18:01:29,422 INFO Channel Stats: TP: 0  FP: 0  FN: 1 TN: 2
2021-09-03 18:01:29,422 INFO Total true positives: 50
2021-09-03 18:01:29,422 INFO Total false positives: 19
2021-09-03 18:01:29,423 INFO Total false negatives: 22
2021-09-03 18:01:29,423 INFO Total true negatives: 112

2021-09-03 18:01:29,428 INFO Stream # 59: S-2
2021-09-03 18:01:29,729 INFO units: 35
2021-09-03 18:01:29,729 INFO dropout: 0.15
2021-09-03 18:01:29,729 INFO learning_rate: 0.01
2021-09-03 18:01:29,729 INFO layers: 1
2021-09-03 18:01:34,125 INFO validation_loss: 0.0004135865019634366

2021-09-03 18:01:35,431 INFO normalized prediction error: 0.01
2021-09-03 18:01:35,443 INFO Channel Stats: TP: 1  FP: 0  FN: 0 TN: 2
2021-09-03 18:01:35,443 INFO Total true positives: 51
2021-09-03 18:01:35,443 INFO Total false positives: 19
2021-09-03 18:01:35,443 INFO Total false negatives: 22
2021-09-03 18:01:35,443 INFO Total true negatives: 114

2021-09-03 18:01:35,449 INFO Stream # 60: P-10
2021-09-03 18:01:36,911 INFO units: 38
2021-09-03 18:01:36,911 INFO dropout: 0.15
2021-09-03 18:01:36,911 INFO learning_rate: 0.01
2021-09-03 18:01:36,911 INFO layers: 1
2021-09-03 18:01:47,472 INFO validation_loss: 2.4706669137231074e-05

2021-09-03 18:01:52,033 INFO normalized prediction error: 0.18
2021-09-03 18:01:52,386 INFO Channel Stats: TP: 1  FP: 0  FN: 0 TN: 2
2021-09-03 18:01:52,386 INFO Total true positives: 52
2021-09-03 18:01:52,386 INFO Total false positives: 19
2021-09-03 18:01:52,386 INFO Total false negatives: 22
2021-09-03 18:01:52,386 INFO Total true negatives: 116

2021-09-03 18:01:52,394 INFO Stream # 61: T-4
2021-09-03 18:01:53,572 INFO units: 25
2021-09-03 18:01:53,573 INFO dropout: 0.45
2021-09-03 18:01:53,573 INFO learning_rate: 0.01
2021-09-03 18:01:53,573 INFO layers: 1
2021-09-03 18:02:43,449 INFO validation_loss: 0.12584076821804047

2021-09-03 18:02:45,115 INFO normalized prediction error: 0.15
2021-09-03 18:02:45,120 INFO Channel Stats: TP: 0  FP: 0  FN: 1 TN: 2
2021-09-03 18:02:45,120 INFO Total true positives: 52
2021-09-03 18:02:45,120 INFO Total false positives: 19
2021-09-03 18:02:45,121 INFO Total false negatives: 23
2021-09-03 18:02:45,121 INFO Total true negatives: 118

2021-09-03 18:02:45,127 INFO Stream # 62: T-5
2021-09-03 18:02:45,819 INFO units: 25
2021-09-03 18:02:45,819 INFO dropout: 0.15
2021-09-03 18:02:45,819 INFO learning_rate: 0.01
2021-09-03 18:02:45,819 INFO layers: 1
2021-09-03 18:02:53,350 INFO validation_loss: 7.357794675044715e-05

2021-09-03 18:02:55,058 INFO normalized prediction error: 0.00
2021-09-03 18:02:55,072 INFO Channel Stats: TP: 1  FP: 0  FN: 0 TN: 2
2021-09-03 18:02:55,072 INFO Total true positives: 53
2021-09-03 18:02:55,072 INFO Total false positives: 19
2021-09-03 18:02:55,072 INFO Total false negatives: 23
2021-09-03 18:02:55,073 INFO Total true negatives: 120

2021-09-03 18:02:55,079 INFO Stream # 63: F-7
2021-09-03 18:02:56,068 INFO units: 35
2021-09-03 18:02:56,068 INFO dropout: 0.15
2021-09-03 18:02:56,068 INFO learning_rate: 0.01
2021-09-03 18:02:56,068 INFO layers: 1
2021-09-03 18:03:21,577 INFO validation_loss: 0.20060494542121887

2021-09-03 18:03:25,553 INFO normalized prediction error: 0.20
2021-09-03 18:03:25,698 INFO Channel Stats: TP: 0  FP: 0  FN: 3 TN: 4
2021-09-03 18:03:25,699 INFO Total true positives: 53
2021-09-03 18:03:25,699 INFO Total false positives: 19
2021-09-03 18:03:25,699 INFO Total false negatives: 26
2021-09-03 18:03:25,699 INFO Total true negatives: 124

2021-09-03 18:03:25,705 INFO Stream # 64: M-3
2021-09-03 18:03:26,373 INFO units: 38
2021-09-03 18:03:26,373 INFO dropout: 0.15
2021-09-03 18:03:26,373 INFO learning_rate: 0.01
2021-09-03 18:03:26,373 INFO layers: 1
2021-09-03 18:04:01,427 INFO validation_loss: 0.1463765799999237

2021-09-03 18:04:03,048 INFO normalized prediction error: 0.09
2021-09-03 18:04:03,054 INFO Channel Stats: TP: 0  FP: 0  FN: 1 TN: 2
2021-09-03 18:04:03,054 INFO Total true positives: 53
2021-09-03 18:04:03,054 INFO Total false positives: 19
2021-09-03 18:04:03,054 INFO Total false negatives: 27
2021-09-03 18:04:03,054 INFO Total true negatives: 126

2021-09-03 18:04:03,061 INFO Stream # 65: M-4
2021-09-03 18:04:03,698 INFO units: 30
2021-09-03 18:04:03,698 INFO dropout: 0.25
2021-09-03 18:04:03,698 INFO learning_rate: 0.01
2021-09-03 18:04:03,698 INFO layers: 1
2021-09-03 18:04:39,505 INFO validation_loss: 0.058492764830589294

2021-09-03 18:04:41,071 INFO normalized prediction error: 0.13
2021-09-03 18:04:41,082 INFO Channel Stats: TP: 1  FP: 0  FN: 0 TN: 2
2021-09-03 18:04:41,082 INFO Total true positives: 54
2021-09-03 18:04:41,082 INFO Total false positives: 19
2021-09-03 18:04:41,082 INFO Total false negatives: 27
2021-09-03 18:04:41,082 INFO Total true negatives: 128

2021-09-03 18:04:41,089 INFO Stream # 66: M-5
2021-09-03 18:04:41,781 INFO units: 35
2021-09-03 18:04:41,781 INFO dropout: 0.15
2021-09-03 18:04:41,782 INFO learning_rate: 0.01
2021-09-03 18:04:41,782 INFO layers: 1
2021-09-03 18:05:20,171 INFO validation_loss: 0.039590220898389816

2021-09-03 18:05:21,963 INFO normalized prediction error: 0.16
2021-09-03 18:05:21,975 INFO Channel Stats: TP: 1  FP: 0  FN: 0 TN: 2
2021-09-03 18:05:21,975 INFO Total true positives: 55
2021-09-03 18:05:21,975 INFO Total false positives: 19
2021-09-03 18:05:21,975 INFO Total false negatives: 27
2021-09-03 18:05:21,975 INFO Total true negatives: 130

2021-09-03 18:05:21,982 INFO Stream # 67: P-15
2021-09-03 18:05:23,810 INFO units: 38
2021-09-03 18:05:23,811 INFO dropout: 0.1
2021-09-03 18:05:23,811 INFO learning_rate: 0.001
2021-09-03 18:05:23,811 INFO layers: 1
2021-09-03 18:05:41,488 INFO validation_loss: 0.00025184775586239994

2021-09-03 18:05:43,652 INFO normalized prediction error: 0.18
2021-09-03 18:05:43,681 INFO Channel Stats: TP: 0  FP: 0  FN: 1 TN: 2
2021-09-03 18:05:43,681 INFO Total true positives: 55
2021-09-03 18:05:43,681 INFO Total false positives: 19
2021-09-03 18:05:43,681 INFO Total false negatives: 28
2021-09-03 18:05:43,681 INFO Total true negatives: 132

2021-09-03 18:05:43,688 INFO Stream # 68: C-1
2021-09-03 18:05:44,404 INFO units: 35
2021-09-03 18:05:44,404 INFO dropout: 0.15
2021-09-03 18:05:44,404 INFO learning_rate: 0.01
2021-09-03 18:05:44,404 INFO layers: 1
2021-09-03 18:05:57,677 INFO validation_loss: 0.015644555911421776

2021-09-03 18:05:59,495 INFO normalized prediction error: 0.04
2021-09-03 18:05:59,504 INFO Channel Stats: TP: 1  FP: 0  FN: 1 TN: 3
2021-09-03 18:05:59,504 INFO Total true positives: 56
2021-09-03 18:05:59,505 INFO Total false positives: 19
2021-09-03 18:05:59,505 INFO Total false negatives: 29
2021-09-03 18:05:59,505 INFO Total true negatives: 135

2021-09-03 18:05:59,512 INFO Stream # 69: C-2
2021-09-03 18:05:59,968 INFO units: 20
2021-09-03 18:05:59,968 INFO dropout: 0.2
2021-09-03 18:05:59,968 INFO learning_rate: 0.01
2021-09-03 18:05:59,968 INFO layers: 1
2021-09-03 18:06:03,949 INFO validation_loss: 0.000728605140466243

2021-09-03 18:06:05,550 INFO normalized prediction error: 0.25
2021-09-03 18:06:05,558 INFO Channel Stats: TP: 1  FP: 0  FN: 1 TN: 3
2021-09-03 18:06:05,558 INFO Total true positives: 57
2021-09-03 18:06:05,558 INFO Total false positives: 19
2021-09-03 18:06:05,558 INFO Total false negatives: 30
2021-09-03 18:06:05,558 INFO Total true negatives: 138

2021-09-03 18:06:05,565 INFO Stream # 70: T-12
2021-09-03 18:06:06,214 INFO units: 38
2021-09-03 18:06:06,215 INFO dropout: 0.15
2021-09-03 18:06:06,215 INFO learning_rate: 0.01
2021-09-03 18:06:06,215 INFO layers: 1
2021-09-03 18:06:12,079 INFO validation_loss: 0.009822464548051357

2021-09-03 18:06:14,213 INFO normalized prediction error: 0.02
2021-09-03 18:06:14,235 INFO Channel Stats: TP: 1  FP: 0  FN: 0 TN: 2
2021-09-03 18:06:14,235 INFO Total true positives: 58
2021-09-03 18:06:14,235 INFO Total false positives: 19
2021-09-03 18:06:14,235 INFO Total false negatives: 30
2021-09-03 18:06:14,235 INFO Total true negatives: 140

2021-09-03 18:06:14,243 INFO Stream # 71: T-13
2021-09-03 18:06:14,830 INFO units: 30
2021-09-03 18:06:14,830 INFO dropout: 0.25
2021-09-03 18:06:14,830 INFO learning_rate: 0.01
2021-09-03 18:06:14,830 INFO layers: 1
2021-09-03 18:06:19,335 INFO validation_loss: 0.0022157675120979548

2021-09-03 18:06:21,320 INFO normalized prediction error: 0.02
2021-09-03 18:06:21,330 INFO Channel Stats: TP: 0  FP: 0  FN: 2 TN: 3
2021-09-03 18:06:21,330 INFO Total true positives: 58
2021-09-03 18:06:21,330 INFO Total false positives: 19
2021-09-03 18:06:21,330 INFO Total false negatives: 32
2021-09-03 18:06:21,330 INFO Total true negatives: 143

2021-09-03 18:06:21,337 INFO Stream # 72: F-4
2021-09-03 18:06:22,116 INFO units: 35
2021-09-03 18:06:22,116 INFO dropout: 0.15
2021-09-03 18:06:22,116 INFO learning_rate: 0.01
2021-09-03 18:06:22,116 INFO layers: 1
2021-09-03 18:06:56,779 INFO validation_loss: 0.013715102337300777

2021-09-03 18:07:00,031 INFO normalized prediction error: 0.06
2021-09-03 18:07:00,201 INFO Channel Stats: TP: 0  FP: 1  FN: 1 TN: 1
2021-09-03 18:07:00,202 INFO Total true positives: 58
2021-09-03 18:07:00,202 INFO Total false positives: 20
2021-09-03 18:07:00,202 INFO Total false negatives: 33
2021-09-03 18:07:00,202 INFO Total true negatives: 144

2021-09-03 18:07:00,210 INFO Stream # 73: F-5
2021-09-03 18:07:01,243 INFO units: 30
2021-09-03 18:07:01,243 INFO dropout: 0.15
2021-09-03 18:07:01,243 INFO learning_rate: 0.01
2021-09-03 18:07:01,243 INFO layers: 1
2021-09-03 18:07:09,231 INFO validation_loss: 0.09075786918401718

2021-09-03 18:07:12,142 INFO normalized prediction error: 0.02
2021-09-03 18:07:12,319 INFO Channel Stats: TP: 1  FP: 0  FN: 0 TN: 2
2021-09-03 18:07:12,319 INFO Total true positives: 59
2021-09-03 18:07:12,319 INFO Total false positives: 20
2021-09-03 18:07:12,319 INFO Total false negatives: 33
2021-09-03 18:07:12,319 INFO Total true negatives: 146

2021-09-03 18:07:12,326 INFO Stream # 74: D-14
2021-09-03 18:07:13,424 INFO units: 15
2021-09-03 18:07:13,425 INFO dropout: 0.1
2021-09-03 18:07:13,425 INFO learning_rate: 0.01
2021-09-03 18:07:13,425 INFO layers: 1
2021-09-03 18:07:22,777 INFO validation_loss: 3.754670615307987e-05

2021-09-03 18:07:24,748 INFO normalized prediction error: 0.04
2021-09-03 18:07:24,791 INFO Channel Stats: TP: 1  FP: 0  FN: 1 TN: 3
2021-09-03 18:07:24,792 INFO Total true positives: 60
2021-09-03 18:07:24,792 INFO Total false positives: 20
2021-09-03 18:07:24,792 INFO Total false negatives: 34
2021-09-03 18:07:24,792 INFO Total true negatives: 149

2021-09-03 18:07:24,800 INFO Stream # 75: T-9
2021-09-03 18:07:24,950 INFO units: 38
2021-09-03 18:07:24,950 INFO dropout: 0.15
2021-09-03 18:07:24,950 INFO learning_rate: 0.01
2021-09-03 18:07:24,950 INFO layers: 1
2021-09-03 18:07:27,603 INFO validation_loss: 0.014065372757613659

2021-09-03 18:07:28,474 INFO normalized prediction error: 0.19
2021-09-03 18:07:28,477 INFO Channel Stats: TP: 0  FP: 0  FN: 2 TN: 3
2021-09-03 18:07:28,477 INFO Total true positives: 60
2021-09-03 18:07:28,477 INFO Total false positives: 20
2021-09-03 18:07:28,477 INFO Total false negatives: 36
2021-09-03 18:07:28,477 INFO Total true negatives: 152

2021-09-03 18:07:28,483 INFO Stream # 76: P-14
2021-09-03 18:07:29,600 INFO units: 30
2021-09-03 18:07:29,600 INFO dropout: 0.35
2021-09-03 18:07:29,601 INFO learning_rate: 0.01
2021-09-03 18:07:29,601 INFO layers: 1
2021-09-03 18:07:39,787 INFO validation_loss: 6.92525936756283e-05

2021-09-03 18:07:44,351 INFO normalized prediction error: 0.14
2021-09-03 18:07:44,685 INFO Channel Stats: TP: 1  FP: 0  FN: 0 TN: 2
2021-09-03 18:07:44,686 INFO Total true positives: 61
2021-09-03 18:07:44,686 INFO Total false positives: 20
2021-09-03 18:07:44,686 INFO Total false negatives: 36
2021-09-03 18:07:44,686 INFO Total true negatives: 154

2021-09-03 18:07:44,694 INFO Stream # 77: T-8
2021-09-03 18:07:44,983 INFO units: 38
2021-09-03 18:07:44,983 INFO dropout: 0.15
2021-09-03 18:07:44,983 INFO learning_rate: 0.01
2021-09-03 18:07:44,983 INFO layers: 1
2021-09-03 18:07:49,133 INFO validation_loss: 0.02888675592839718

2021-09-03 18:07:50,323 INFO normalized prediction error: 0.03
2021-09-03 18:07:50,333 INFO Channel Stats: TP: 2  FP: 0  FN: 0 TN: 3
2021-09-03 18:07:50,334 INFO Total true positives: 63
2021-09-03 18:07:50,334 INFO Total false positives: 20
2021-09-03 18:07:50,334 INFO Total false negatives: 36
2021-09-03 18:07:50,334 INFO Total true negatives: 157

2021-09-03 18:07:50,344 INFO Stream # 78: P-11
2021-09-03 18:07:51,812 INFO units: 25
2021-09-03 18:07:51,813 INFO dropout: 0.15
2021-09-03 18:07:51,813 INFO learning_rate: 0.01
2021-09-03 18:07:51,813 INFO layers: 1
2021-09-03 18:08:12,728 INFO validation_loss: 0.005070844665169716

2021-09-03 18:08:15,451 INFO normalized prediction error: 0.03
2021-09-03 18:08:15,564 INFO Channel Stats: TP: 2  FP: 0  FN: 0 TN: 3
2021-09-03 18:08:15,564 INFO Total true positives: 65
2021-09-03 18:08:15,564 INFO Total false positives: 20
2021-09-03 18:08:15,564 INFO Total false negatives: 36
2021-09-03 18:08:15,564 INFO Total true negatives: 160

2021-09-03 18:08:15,571 INFO Stream # 79: D-15
2021-09-03 18:08:16,231 INFO units: 38
2021-09-03 18:08:16,231 INFO dropout: 0.15
2021-09-03 18:08:16,231 INFO learning_rate: 0.01
2021-09-03 18:08:16,231 INFO layers: 1
2021-09-03 18:08:56,363 INFO validation_loss: 0.16163073480129242

2021-09-03 18:08:58,539 INFO normalized prediction error: 0.17
2021-09-03 18:08:58,546 INFO Channel Stats: TP: 0  FP: 0  FN: 1 TN: 2
2021-09-03 18:08:58,546 INFO Total true positives: 65
2021-09-03 18:08:58,546 INFO Total false positives: 20
2021-09-03 18:08:58,546 INFO Total false negatives: 37
2021-09-03 18:08:58,546 INFO Total true negatives: 162

2021-09-03 18:08:58,553 INFO Stream # 80: D-16
2021-09-03 18:08:59,028 INFO units: 38
2021-09-03 18:08:59,028 INFO dropout: 0.15
2021-09-03 18:08:59,028 INFO learning_rate: 0.01
2021-09-03 18:08:59,029 INFO layers: 1
2021-09-03 18:09:27,269 INFO validation_loss: 0.06699167937040329

2021-09-03 18:09:28,941 INFO normalized prediction error: 0.19
2021-09-03 18:09:28,945 INFO Channel Stats: TP: 0  FP: 0  FN: 1 TN: 2
2021-09-03 18:09:28,945 INFO Total true positives: 65
2021-09-03 18:09:28,945 INFO Total false positives: 20
2021-09-03 18:09:28,945 INFO Total false negatives: 38
2021-09-03 18:09:28,945 INFO Total true negatives: 164

2021-09-03 18:09:28,952 INFO Stream # 81: M-7
2021-09-03 18:09:29,472 INFO units: 25
2021-09-03 18:09:29,473 INFO dropout: 0.15
2021-09-03 18:09:29,473 INFO learning_rate: 0.01
2021-09-03 18:09:29,473 INFO layers: 1
2021-09-03 18:09:34,853 INFO validation_loss: 0.003693829057738185

2021-09-03 18:09:36,418 INFO normalized prediction error: 0.03
2021-09-03 18:09:36,430 INFO Channel Stats: TP: 1  FP: 0  FN: 0 TN: 2
2021-09-03 18:09:36,431 INFO Total true positives: 66
2021-09-03 18:09:36,431 INFO Total false positives: 20
2021-09-03 18:09:36,431 INFO Total false negatives: 38
2021-09-03 18:09:36,431 INFO Total true negatives: 166

2021-09-03 18:09:36,437 INFO Stream # 82: F-8
2021-09-03 18:09:37,424 INFO units: 38
2021-09-03 18:09:37,424 INFO dropout: 0.15
2021-09-03 18:09:37,424 INFO learning_rate: 0.01
2021-09-03 18:09:37,424 INFO layers: 1
2021-09-03 18:10:06,762 INFO validation_loss: 0.120419442653656

2021-09-03 18:10:08,657 INFO normalized prediction error: 0.12
2021-09-03 18:10:08,673 INFO Channel Stats: TP: 1  FP: 0  FN: 0 TN: 2
2021-09-03 18:10:08,674 INFO Total true positives: 67
2021-09-03 18:10:08,674 INFO Total false positives: 20
2021-09-03 18:10:08,674 INFO Total false negatives: 38
2021-09-03 18:10:08,674 INFO Total true negatives: 168

2021-09-03 18:10:08,680 INFO Final Totals:
2021-09-03 18:10:08,680 INFO -----------------
2021-09-03 18:10:08,680 INFO True Positives: 67
2021-09-03 18:10:08,680 INFO False Positives: 20
2021-09-03 18:10:08,680 INFO False Negatives: 38
2021-09-03 18:10:08,680 INFO True Negatives: 168

2021-09-03 18:10:08,681 INFO Precision: 0.77
2021-09-03 18:10:08,681 INFO Recall: 0.64

