2021-09-03 18:23:59,234 INFO 82 channels found for processing.
2021-09-03 18:23:59,234 INFO Execution mode: train_and_predict

2021-09-03 18:23:59,234 INFO Stream # 1: P-1
2021-09-03 18:23:59,814 INFO units: 25
2021-09-03 18:23:59,814 INFO dropout: 0.25
2021-09-03 18:23:59,814 INFO learning_rate: 0.01
2021-09-03 18:23:59,814 INFO layers: 2
2021-09-03 18:25:11,629 INFO validation_loss: 0.03486160933971405

2021-09-03 18:25:19,446 INFO normalized prediction error: 0.11
2021-09-03 18:25:19,863 INFO Channel Stats: TP: 3  FP: 1  FN: 0 TN: 3
2021-09-03 18:25:19,864 INFO Total true positives: 3
2021-09-03 18:25:19,864 INFO Total false positives: 1
2021-09-03 18:25:19,864 INFO Total false negatives: 0
2021-09-03 18:25:19,864 INFO Total true negatives: 3

2021-09-03 18:25:19,868 INFO Stream # 2: S-1
2021-09-03 18:25:20,424 INFO units: 20
2021-09-03 18:25:20,424 INFO dropout: 0.15
2021-09-03 18:25:20,424 INFO learning_rate: 0.01
2021-09-03 18:25:20,424 INFO layers: 2
2021-09-03 18:26:52,230 INFO validation_loss: 0.11746491491794586

2021-09-03 18:26:59,493 INFO normalized prediction error: 0.17
2021-09-03 18:26:59,977 INFO Channel Stats: TP: 1  FP: 0  FN: 0 TN: 2
2021-09-03 18:26:59,978 INFO Total true positives: 4
2021-09-03 18:26:59,978 INFO Total false positives: 1
2021-09-03 18:26:59,978 INFO Total false negatives: 0
2021-09-03 18:26:59,978 INFO Total true negatives: 5

2021-09-03 18:26:59,982 INFO Stream # 3: E-1
2021-09-03 18:27:00,607 INFO units: 20
2021-09-03 18:27:00,608 INFO dropout: 0.15
2021-09-03 18:27:00,608 INFO learning_rate: 0.01
2021-09-03 18:27:00,608 INFO layers: 2
2021-09-03 18:28:22,003 INFO validation_loss: 0.19596698880195618

2021-09-03 18:28:29,580 INFO normalized prediction error: 0.22
2021-09-03 18:28:30,002 INFO Channel Stats: TP: 2  FP: 1  FN: 0 TN: 2
2021-09-03 18:28:30,002 INFO Total true positives: 6
2021-09-03 18:28:30,002 INFO Total false positives: 2
2021-09-03 18:28:30,002 INFO Total false negatives: 0
2021-09-03 18:28:30,002 INFO Total true negatives: 7

2021-09-03 18:28:30,006 INFO Stream # 4: E-2
2021-09-03 18:28:30,605 INFO units: 20
2021-09-03 18:28:30,605 INFO dropout: 0.15
2021-09-03 18:28:30,605 INFO learning_rate: 0.01
2021-09-03 18:28:30,605 INFO layers: 2
2021-09-03 18:29:17,947 INFO validation_loss: 0.0605657696723938

2021-09-03 18:29:25,530 INFO normalized prediction error: 0.13
2021-09-03 18:29:26,065 INFO Channel Stats: TP: 1  FP: 1  FN: 0 TN: 1
2021-09-03 18:29:26,066 INFO Total true positives: 7
2021-09-03 18:29:26,066 INFO Total false positives: 3
2021-09-03 18:29:26,066 INFO Total false negatives: 0
2021-09-03 18:29:26,066 INFO Total true negatives: 8

2021-09-03 18:29:26,070 INFO Stream # 5: E-3
2021-09-03 18:29:26,644 INFO units: 20
2021-09-03 18:29:26,644 INFO dropout: 0.15
2021-09-03 18:29:26,644 INFO learning_rate: 0.01
2021-09-03 18:29:26,644 INFO layers: 2
2021-09-03 18:30:01,625 INFO validation_loss: 0.0016503804363310337

2021-09-03 18:30:09,056 INFO normalized prediction error: 0.04
2021-09-03 18:30:09,582 INFO Channel Stats: TP: 1  FP: 0  FN: 0 TN: 2
2021-09-03 18:30:09,582 INFO Total true positives: 8
2021-09-03 18:30:09,582 INFO Total false positives: 3
2021-09-03 18:30:09,582 INFO Total false negatives: 0
2021-09-03 18:30:09,582 INFO Total true negatives: 10

2021-09-03 18:30:09,588 INFO Stream # 6: E-4
2021-09-03 18:30:10,150 INFO units: 20
2021-09-03 18:30:10,150 INFO dropout: 0.15
2021-09-03 18:30:10,150 INFO learning_rate: 0.01
2021-09-03 18:30:10,150 INFO layers: 2
2021-09-03 18:30:43,427 INFO validation_loss: 0.02616107650101185

2021-09-03 18:30:50,796 INFO normalized prediction error: 0.09
2021-09-03 18:30:51,271 INFO Channel Stats: TP: 1  FP: 1  FN: 0 TN: 1
2021-09-03 18:30:51,272 INFO Total true positives: 9
2021-09-03 18:30:51,272 INFO Total false positives: 4
2021-09-03 18:30:51,272 INFO Total false negatives: 0
2021-09-03 18:30:51,272 INFO Total true negatives: 11

2021-09-03 18:30:51,276 INFO Stream # 7: E-5
2021-09-03 18:30:52,205 INFO units: 20
2021-09-03 18:30:52,205 INFO dropout: 0.15
2021-09-03 18:30:52,205 INFO learning_rate: 0.01
2021-09-03 18:30:52,205 INFO layers: 2
2021-09-03 18:31:58,636 INFO validation_loss: 0.15609563887119293

2021-09-03 18:32:06,253 INFO normalized prediction error: 0.25
2021-09-03 18:32:06,717 INFO Channel Stats: TP: 1  FP: 0  FN: 0 TN: 2
2021-09-03 18:32:06,717 INFO Total true positives: 10
2021-09-03 18:32:06,717 INFO Total false positives: 4
2021-09-03 18:32:06,717 INFO Total false negatives: 0
2021-09-03 18:32:06,717 INFO Total true negatives: 13

2021-09-03 18:32:06,721 INFO Stream # 8: E-6
2021-09-03 18:32:07,297 INFO units: 20
2021-09-03 18:32:07,297 INFO dropout: 0.15
2021-09-03 18:32:07,297 INFO learning_rate: 0.01
2021-09-03 18:32:07,297 INFO layers: 2
2021-09-03 18:32:21,795 INFO validation_loss: 0.00015329908637795597

2021-09-03 18:32:29,272 INFO normalized prediction error: 0.01
2021-09-03 18:32:29,886 INFO Channel Stats: TP: 1  FP: 0  FN: 0 TN: 2
2021-09-03 18:32:29,887 INFO Total true positives: 11
2021-09-03 18:32:29,887 INFO Total false positives: 4
2021-09-03 18:32:29,887 INFO Total false negatives: 0
2021-09-03 18:32:29,887 INFO Total true negatives: 15

2021-09-03 18:32:29,890 INFO Stream # 9: E-7
2021-09-03 18:32:30,443 INFO units: 25
2021-09-03 18:32:30,443 INFO dropout: 0.4
2021-09-03 18:32:30,443 INFO learning_rate: 0.01
2021-09-03 18:32:30,443 INFO layers: 2
2021-09-03 18:32:46,502 INFO validation_loss: 0.0012542124604806304

2021-09-03 18:32:53,756 INFO normalized prediction error: 0.02
2021-09-03 18:32:54,362 INFO Channel Stats: TP: 1  FP: 0  FN: 0 TN: 2
2021-09-03 18:32:54,362 INFO Total true positives: 12
2021-09-03 18:32:54,362 INFO Total false positives: 4
2021-09-03 18:32:54,362 INFO Total false negatives: 0
2021-09-03 18:32:54,362 INFO Total true negatives: 17

2021-09-03 18:32:54,366 INFO Stream # 10: E-8
2021-09-03 18:32:54,924 INFO units: 20
2021-09-03 18:32:54,925 INFO dropout: 0.15
2021-09-03 18:32:54,925 INFO learning_rate: 0.01
2021-09-03 18:32:54,925 INFO layers: 2
2021-09-03 18:33:12,577 INFO validation_loss: 0.014193042181432247

2021-09-03 18:33:20,048 INFO normalized prediction error: 0.07
2021-09-03 18:33:20,504 INFO Channel Stats: TP: 1  FP: 0  FN: 0 TN: 2
2021-09-03 18:33:20,505 INFO Total true positives: 13
2021-09-03 18:33:20,505 INFO Total false positives: 4
2021-09-03 18:33:20,505 INFO Total false negatives: 0
2021-09-03 18:33:20,505 INFO Total true negatives: 19

2021-09-03 18:33:20,509 INFO Stream # 11: E-9
2021-09-03 18:33:21,092 INFO units: 20
2021-09-03 18:33:21,092 INFO dropout: 0.15
2021-09-03 18:33:21,092 INFO learning_rate: 0.01
2021-09-03 18:33:21,093 INFO layers: 2
2021-09-03 18:33:42,310 INFO validation_loss: 0.010290787555277348

2021-09-03 18:33:49,554 INFO normalized prediction error: 0.06
2021-09-03 18:33:49,880 INFO Channel Stats: TP: 0  FP: 0  FN: 1 TN: 2
2021-09-03 18:33:49,881 INFO Total true positives: 13
2021-09-03 18:33:49,881 INFO Total false positives: 4
2021-09-03 18:33:49,881 INFO Total false negatives: 1
2021-09-03 18:33:49,881 INFO Total true negatives: 21

2021-09-03 18:33:49,884 INFO Stream # 12: E-10
2021-09-03 18:33:50,440 INFO units: 20
2021-09-03 18:33:50,440 INFO dropout: 0.15
2021-09-03 18:33:50,440 INFO learning_rate: 0.01
2021-09-03 18:33:50,440 INFO layers: 2
2021-09-03 18:34:10,992 INFO validation_loss: 0.241665780544281

2021-09-03 18:34:18,497 INFO normalized prediction error: 0.17
2021-09-03 18:34:19,084 INFO Channel Stats: TP: 2  FP: 1  FN: 0 TN: 2
2021-09-03 18:34:19,084 INFO Total true positives: 15
2021-09-03 18:34:19,084 INFO Total false positives: 5
2021-09-03 18:34:19,084 INFO Total false negatives: 1
2021-09-03 18:34:19,084 INFO Total true negatives: 23

2021-09-03 18:34:19,088 INFO Stream # 13: E-11
2021-09-03 18:34:19,658 INFO units: 20
2021-09-03 18:34:19,658 INFO dropout: 0.15
2021-09-03 18:34:19,658 INFO learning_rate: 0.01
2021-09-03 18:34:19,658 INFO layers: 2
2021-09-03 18:35:25,936 INFO validation_loss: 0.11596628278493881

2021-09-03 18:35:33,356 INFO normalized prediction error: 0.19
2021-09-03 18:35:33,880 INFO Channel Stats: TP: 2  FP: 2  FN: 0 TN: 1
2021-09-03 18:35:33,880 INFO Total true positives: 17
2021-09-03 18:35:33,880 INFO Total false positives: 7
2021-09-03 18:35:33,880 INFO Total false negatives: 1
2021-09-03 18:35:33,881 INFO Total true negatives: 24

2021-09-03 18:35:33,885 INFO Stream # 14: E-12
2021-09-03 18:35:34,451 INFO units: 20
2021-09-03 18:35:34,451 INFO dropout: 0.15
2021-09-03 18:35:34,451 INFO learning_rate: 0.01
2021-09-03 18:35:34,451 INFO layers: 2
2021-09-03 18:36:51,258 INFO validation_loss: 0.13519956171512604

2021-09-03 18:36:58,675 INFO normalized prediction error: 0.16
2021-09-03 18:36:59,158 INFO Channel Stats: TP: 2  FP: 1  FN: 0 TN: 2
2021-09-03 18:36:59,158 INFO Total true positives: 19
2021-09-03 18:36:59,158 INFO Total false positives: 8
2021-09-03 18:36:59,159 INFO Total false negatives: 1
2021-09-03 18:36:59,159 INFO Total true negatives: 26

2021-09-03 18:36:59,163 INFO Stream # 15: E-13
2021-09-03 18:36:59,749 INFO units: 25
2021-09-03 18:36:59,749 INFO dropout: 0.35
2021-09-03 18:36:59,749 INFO learning_rate: 0.01
2021-09-03 18:36:59,749 INFO layers: 2
2021-09-03 18:37:44,162 INFO validation_loss: 0.0836561918258667

2021-09-03 18:37:51,738 INFO normalized prediction error: 0.09
2021-09-03 18:37:52,374 INFO Channel Stats: TP: 2  FP: 4  FN: 1 TN: 0
2021-09-03 18:37:52,374 INFO Total true positives: 21
2021-09-03 18:37:52,374 INFO Total false positives: 12
2021-09-03 18:37:52,374 INFO Total false negatives: 2
2021-09-03 18:37:52,375 INFO Total true negatives: 26

2021-09-03 18:37:52,380 INFO Stream # 16: A-1
2021-09-03 18:37:53,022 INFO units: 15
2021-09-03 18:37:53,022 INFO dropout: 0.15
2021-09-03 18:37:53,023 INFO learning_rate: 0.01
2021-09-03 18:37:53,023 INFO layers: 2
2021-09-03 18:38:05,174 INFO validation_loss: 0.00017523743736092

2021-09-03 18:38:12,933 INFO normalized prediction error: 0.01
2021-09-03 18:38:13,482 INFO Channel Stats: TP: 0  FP: 0  FN: 1 TN: 2
2021-09-03 18:38:13,482 INFO Total true positives: 21
2021-09-03 18:38:13,483 INFO Total false positives: 12
2021-09-03 18:38:13,483 INFO Total false negatives: 3
2021-09-03 18:38:13,483 INFO Total true negatives: 28

2021-09-03 18:38:13,487 INFO Stream # 17: D-1
2021-09-03 18:38:14,048 INFO units: 10
2021-09-03 18:38:14,048 INFO dropout: 0.15
2021-09-03 18:38:14,048 INFO learning_rate: 0.01
2021-09-03 18:38:14,048 INFO layers: 2
2021-09-03 18:38:32,394 INFO validation_loss: 0.0022712720092386007

2021-09-03 18:38:39,939 INFO normalized prediction error: 0.20
2021-09-03 18:38:40,455 INFO Channel Stats: TP: 1  FP: 1  FN: 0 TN: 1
2021-09-03 18:38:40,455 INFO Total true positives: 22
2021-09-03 18:38:40,455 INFO Total false positives: 13
2021-09-03 18:38:40,455 INFO Total false negatives: 3
2021-09-03 18:38:40,455 INFO Total true negatives: 29

2021-09-03 18:38:40,459 INFO Stream # 18: P-2
2021-09-03 18:38:41,075 INFO units: 15
2021-09-03 18:38:41,075 INFO dropout: 0.15
2021-09-03 18:38:41,075 INFO learning_rate: 0.01
2021-09-03 18:38:41,076 INFO layers: 2
2021-09-03 18:38:53,245 INFO validation_loss: 0.0008620090666227043

2021-09-03 18:39:00,398 INFO normalized prediction error: 0.06
2021-09-03 18:39:00,781 INFO Channel Stats: TP: 1  FP: 0  FN: 0 TN: 2
2021-09-03 18:39:00,781 INFO Total true positives: 23
2021-09-03 18:39:00,781 INFO Total false positives: 13
2021-09-03 18:39:00,781 INFO Total false negatives: 3
2021-09-03 18:39:00,781 INFO Total true negatives: 31

2021-09-03 18:39:00,786 INFO Stream # 19: P-3
2021-09-03 18:39:01,345 INFO units: 25
2021-09-03 18:39:01,345 INFO dropout: 0.35
2021-09-03 18:39:01,345 INFO learning_rate: 0.01
2021-09-03 18:39:01,345 INFO layers: 2
2021-09-03 18:39:34,205 INFO validation_loss: 0.00873461551964283

2021-09-03 18:39:41,781 INFO normalized prediction error: 0.06
2021-09-03 18:39:42,209 INFO Channel Stats: TP: 1  FP: 0  FN: 0 TN: 2
2021-09-03 18:39:42,209 INFO Total true positives: 24
2021-09-03 18:39:42,209 INFO Total false positives: 13
2021-09-03 18:39:42,209 INFO Total false negatives: 3
2021-09-03 18:39:42,209 INFO Total true negatives: 33

2021-09-03 18:39:42,214 INFO Stream # 20: D-2
2021-09-03 18:39:42,781 INFO units: 10
2021-09-03 18:39:42,781 INFO dropout: 0.15
2021-09-03 18:39:42,781 INFO learning_rate: 0.01
2021-09-03 18:39:42,781 INFO layers: 2
2021-09-03 18:39:57,359 INFO validation_loss: 0.00013785393093712628

2021-09-03 18:40:04,709 INFO normalized prediction error: 0.31
2021-09-03 18:40:05,110 INFO Channel Stats: TP: 1  FP: 0  FN: 0 TN: 2
2021-09-03 18:40:05,110 INFO Total true positives: 25
2021-09-03 18:40:05,110 INFO Total false positives: 13
2021-09-03 18:40:05,110 INFO Total false negatives: 3
2021-09-03 18:40:05,110 INFO Total true negatives: 35

2021-09-03 18:40:05,115 INFO Stream # 21: D-3
2021-09-03 18:40:05,683 INFO units: 10
2021-09-03 18:40:05,683 INFO dropout: 0.15
2021-09-03 18:40:05,683 INFO learning_rate: 0.01
2021-09-03 18:40:05,683 INFO layers: 2
2021-09-03 18:40:17,947 INFO validation_loss: 0.00026443367823958397

2021-09-03 18:40:25,766 INFO normalized prediction error: 0.19
2021-09-03 18:40:26,133 INFO Channel Stats: TP: 1  FP: 0  FN: 0 TN: 2
2021-09-03 18:40:26,133 INFO Total true positives: 26
2021-09-03 18:40:26,133 INFO Total false positives: 13
2021-09-03 18:40:26,133 INFO Total false negatives: 3
2021-09-03 18:40:26,133 INFO Total true negatives: 37

2021-09-03 18:40:26,138 INFO Stream # 22: D-4
2021-09-03 18:40:26,700 INFO units: 20
2021-09-03 18:40:26,700 INFO dropout: 0.15
2021-09-03 18:40:26,700 INFO learning_rate: 0.01
2021-09-03 18:40:26,700 INFO layers: 2
2021-09-03 18:40:38,137 INFO validation_loss: 0.00011304210784146562

2021-09-03 18:40:45,636 INFO normalized prediction error: 0.16
2021-09-03 18:40:45,978 INFO Channel Stats: TP: 1  FP: 0  FN: 0 TN: 2
2021-09-03 18:40:45,978 INFO Total true positives: 27
2021-09-03 18:40:45,978 INFO Total false positives: 13
2021-09-03 18:40:45,978 INFO Total false negatives: 3
2021-09-03 18:40:45,978 INFO Total true negatives: 39

2021-09-03 18:40:45,983 INFO Stream # 23: A-2
2021-09-03 18:40:46,487 INFO units: 15
2021-09-03 18:40:46,487 INFO dropout: 0.15
2021-09-03 18:40:46,487 INFO learning_rate: 0.01
2021-09-03 18:40:46,487 INFO layers: 2
2021-09-03 18:41:17,512 INFO validation_loss: 0.02328643575310707

2021-09-03 18:41:24,464 INFO normalized prediction error: 0.09
2021-09-03 18:41:25,125 INFO Channel Stats: TP: 1  FP: 2  FN: 0 TN: 0
2021-09-03 18:41:25,125 INFO Total true positives: 28
2021-09-03 18:41:25,125 INFO Total false positives: 15
2021-09-03 18:41:25,125 INFO Total false negatives: 3
2021-09-03 18:41:25,125 INFO Total true negatives: 39

2021-09-03 18:41:25,130 INFO Stream # 24: A-3
2021-09-03 18:41:25,677 INFO units: 15
2021-09-03 18:41:25,677 INFO dropout: 0.15
2021-09-03 18:41:25,677 INFO learning_rate: 0.01
2021-09-03 18:41:25,678 INFO layers: 2
2021-09-03 18:41:52,372 INFO validation_loss: 0.016432687640190125

2021-09-03 18:41:59,559 INFO normalized prediction error: 0.06
2021-09-03 18:42:00,153 INFO Channel Stats: TP: 1  FP: 2  FN: 0 TN: 0
2021-09-03 18:42:00,153 INFO Total true positives: 29
2021-09-03 18:42:00,153 INFO Total false positives: 17
2021-09-03 18:42:00,153 INFO Total false negatives: 3
2021-09-03 18:42:00,153 INFO Total true negatives: 39

2021-09-03 18:42:00,158 INFO Stream # 25: A-4
2021-09-03 18:42:00,686 INFO units: 10
2021-09-03 18:42:00,687 INFO dropout: 0.15
2021-09-03 18:42:00,687 INFO learning_rate: 0.01
2021-09-03 18:42:00,687 INFO layers: 2
2021-09-03 18:42:23,492 INFO validation_loss: 0.02111370675265789

2021-09-03 18:42:30,749 INFO normalized prediction error: 0.06
2021-09-03 18:42:31,357 INFO Channel Stats: TP: 1  FP: 2  FN: 0 TN: 0
2021-09-03 18:42:31,357 INFO Total true positives: 30
2021-09-03 18:42:31,358 INFO Total false positives: 19
2021-09-03 18:42:31,358 INFO Total false negatives: 3
2021-09-03 18:42:31,358 INFO Total true negatives: 39

2021-09-03 18:42:31,363 INFO Stream # 26: G-1
2021-09-03 18:42:31,918 INFO units: 20
2021-09-03 18:42:31,918 INFO dropout: 0.15
2021-09-03 18:42:31,918 INFO learning_rate: 0.01
2021-09-03 18:42:31,918 INFO layers: 2
2021-09-03 18:43:09,154 INFO validation_loss: 0.019722342491149902

2021-09-03 18:43:16,320 INFO normalized prediction error: 0.14
2021-09-03 18:43:16,755 INFO Channel Stats: TP: 0  FP: 3  FN: 1 TN: 0
2021-09-03 18:43:16,755 INFO Total true positives: 30
2021-09-03 18:43:16,755 INFO Total false positives: 22
2021-09-03 18:43:16,755 INFO Total false negatives: 4
2021-09-03 18:43:16,755 INFO Total true negatives: 39

2021-09-03 18:43:16,760 INFO Stream # 27: G-2
2021-09-03 18:43:17,242 INFO units: 15
2021-09-03 18:43:17,242 INFO dropout: 0.15
2021-09-03 18:43:17,242 INFO learning_rate: 0.01
2021-09-03 18:43:17,242 INFO layers: 2
2021-09-03 18:43:27,703 INFO validation_loss: 2.7407228117226623e-05

2021-09-03 18:43:34,424 INFO normalized prediction error: 0.00
2021-09-03 18:43:34,903 INFO Channel Stats: TP: 0  FP: 0  FN: 1 TN: 2
2021-09-03 18:43:34,903 INFO Total true positives: 30
2021-09-03 18:43:34,903 INFO Total false positives: 22
2021-09-03 18:43:34,904 INFO Total false negatives: 5
2021-09-03 18:43:34,904 INFO Total true negatives: 41

2021-09-03 18:43:34,908 INFO Stream # 28: D-5
2021-09-03 18:43:35,411 INFO units: 20
2021-09-03 18:43:35,412 INFO dropout: 0.15
2021-09-03 18:43:35,412 INFO learning_rate: 0.01
2021-09-03 18:43:35,412 INFO layers: 2
2021-09-03 18:43:46,287 INFO validation_loss: 1.9103832528344356e-05

2021-09-03 18:43:53,073 INFO normalized prediction error: 0.14
2021-09-03 18:43:53,597 INFO Channel Stats: TP: 1  FP: 1  FN: 0 TN: 1
2021-09-03 18:43:53,597 INFO Total true positives: 31
2021-09-03 18:43:53,597 INFO Total false positives: 23
2021-09-03 18:43:53,597 INFO Total false negatives: 5
2021-09-03 18:43:53,597 INFO Total true negatives: 42

2021-09-03 18:43:53,603 INFO Stream # 29: D-6
2021-09-03 18:43:54,115 INFO units: 5
2021-09-03 18:43:54,116 INFO dropout: 0.1
2021-09-03 18:43:54,116 INFO learning_rate: 0.01
2021-09-03 18:43:54,116 INFO layers: 2
2021-09-03 18:44:27,856 INFO validation_loss: 0.01258733682334423

2021-09-03 18:44:34,741 INFO normalized prediction error: 0.04
2021-09-03 18:44:35,376 INFO Channel Stats: TP: 1  FP: 1  FN: 0 TN: 1
2021-09-03 18:44:35,376 INFO Total true positives: 32
2021-09-03 18:44:35,376 INFO Total false positives: 24
2021-09-03 18:44:35,376 INFO Total false negatives: 5
2021-09-03 18:44:35,376 INFO Total true negatives: 43

2021-09-03 18:44:35,381 INFO Stream # 30: D-7
2021-09-03 18:44:35,899 INFO units: 20
2021-09-03 18:44:35,899 INFO dropout: 0.15
2021-09-03 18:44:35,899 INFO learning_rate: 0.01
2021-09-03 18:44:35,899 INFO layers: 2
2021-09-03 18:44:46,779 INFO validation_loss: 8.949474431574345e-05

2021-09-03 18:44:53,727 INFO normalized prediction error: 0.13
2021-09-03 18:44:54,100 INFO Channel Stats: TP: 1  FP: 0  FN: 0 TN: 2
2021-09-03 18:44:54,101 INFO Total true positives: 33
2021-09-03 18:44:54,101 INFO Total false positives: 24
2021-09-03 18:44:54,101 INFO Total false negatives: 5
2021-09-03 18:44:54,101 INFO Total true negatives: 45

2021-09-03 18:44:54,106 INFO Stream # 31: F-1
2021-09-03 18:44:54,677 INFO units: 15
2021-09-03 18:44:54,677 INFO dropout: 0.15
2021-09-03 18:44:54,677 INFO learning_rate: 0.01
2021-09-03 18:44:54,677 INFO layers: 2
2021-09-03 18:45:58,342 INFO validation_loss: 0.02682633139193058

2021-09-03 18:46:06,032 INFO normalized prediction error: 0.10
2021-09-03 18:46:06,466 INFO Channel Stats: TP: 0  FP: 1  FN: 1 TN: 1
2021-09-03 18:46:06,466 INFO Total true positives: 33
2021-09-03 18:46:06,466 INFO Total false positives: 25
2021-09-03 18:46:06,466 INFO Total false negatives: 6
2021-09-03 18:46:06,466 INFO Total true negatives: 46

2021-09-03 18:46:06,472 INFO Stream # 32: P-4
2021-09-03 18:46:07,038 INFO units: 15
2021-09-03 18:46:07,038 INFO dropout: 0.15
2021-09-03 18:46:07,039 INFO learning_rate: 0.01
2021-09-03 18:46:07,039 INFO layers: 2
2021-09-03 18:46:20,769 INFO validation_loss: 7.948764505272266e-06

2021-09-03 18:46:27,580 INFO normalized prediction error: 0.00
2021-09-03 18:46:28,341 INFO Channel Stats: TP: 3  FP: 0  FN: 0 TN: 4
2021-09-03 18:46:28,341 INFO Total true positives: 36
2021-09-03 18:46:28,341 INFO Total false positives: 25
2021-09-03 18:46:28,342 INFO Total false negatives: 6
2021-09-03 18:46:28,342 INFO Total true negatives: 50

2021-09-03 18:46:28,347 INFO Stream # 33: G-3
2021-09-03 18:46:28,922 INFO units: 25
2021-09-03 18:46:28,923 INFO dropout: 0.35
2021-09-03 18:46:28,923 INFO learning_rate: 0.01
2021-09-03 18:46:28,923 INFO layers: 2
2021-09-03 18:46:54,962 INFO validation_loss: 0.004789726808667183

2021-09-03 18:47:02,093 INFO normalized prediction error: 0.01
2021-09-03 18:47:02,969 INFO Channel Stats: TP: 0  FP: 1  FN: 1 TN: 1
2021-09-03 18:47:02,970 INFO Total true positives: 36
2021-09-03 18:47:02,970 INFO Total false positives: 26
2021-09-03 18:47:02,970 INFO Total false negatives: 7
2021-09-03 18:47:02,970 INFO Total true negatives: 51

2021-09-03 18:47:02,975 INFO Stream # 34: T-1
2021-09-03 18:47:03,595 INFO units: 15
2021-09-03 18:47:03,595 INFO dropout: 0.15
2021-09-03 18:47:03,595 INFO learning_rate: 0.01
2021-09-03 18:47:03,595 INFO layers: 2
2021-09-03 18:47:30,770 INFO validation_loss: 0.004049168433994055

2021-09-03 18:47:38,459 INFO normalized prediction error: 0.05
2021-09-03 18:47:39,145 INFO Channel Stats: TP: 2  FP: 0  FN: 0 TN: 3
2021-09-03 18:47:39,146 INFO Total true positives: 38
2021-09-03 18:47:39,146 INFO Total false positives: 26
2021-09-03 18:47:39,146 INFO Total false negatives: 7
2021-09-03 18:47:39,146 INFO Total true negatives: 54

2021-09-03 18:47:39,153 INFO Stream # 35: T-2
2021-09-03 18:47:39,763 INFO units: 15
2021-09-03 18:47:39,764 INFO dropout: 0.25
2021-09-03 18:47:39,764 INFO learning_rate: 0.01
2021-09-03 18:47:39,764 INFO layers: 2
2021-09-03 18:48:02,112 INFO validation_loss: 0.012847831472754478

2021-09-03 18:48:09,745 INFO normalized prediction error: 0.07
2021-09-03 18:48:10,354 INFO Channel Stats: TP: 1  FP: 0  FN: 0 TN: 2
2021-09-03 18:48:10,355 INFO Total true positives: 39
2021-09-03 18:48:10,355 INFO Total false positives: 26
2021-09-03 18:48:10,355 INFO Total false negatives: 7
2021-09-03 18:48:10,355 INFO Total true negatives: 56

2021-09-03 18:48:10,360 INFO Stream # 36: D-8
2021-09-03 18:48:10,920 INFO units: 25
2021-09-03 18:48:10,921 INFO dropout: 0.35
2021-09-03 18:48:10,921 INFO learning_rate: 0.01
2021-09-03 18:48:10,921 INFO layers: 2
2021-09-03 18:48:26,781 INFO validation_loss: 0.00027000581030733883

2021-09-03 18:48:33,730 INFO normalized prediction error: 0.01
2021-09-03 18:48:34,597 INFO Channel Stats: TP: 1  FP: 0  FN: 0 TN: 2
2021-09-03 18:48:34,597 INFO Total true positives: 40
2021-09-03 18:48:34,597 INFO Total false positives: 26
2021-09-03 18:48:34,597 INFO Total false negatives: 7
2021-09-03 18:48:34,597 INFO Total true negatives: 58

2021-09-03 18:48:34,603 INFO Stream # 37: D-9
2021-09-03 18:48:35,211 INFO units: 20
2021-09-03 18:48:35,211 INFO dropout: 0.15
2021-09-03 18:48:35,212 INFO learning_rate: 0.01
2021-09-03 18:48:35,212 INFO layers: 2
2021-09-03 18:48:46,992 INFO validation_loss: 9.704877811600454e-06

2021-09-03 18:48:53,644 INFO normalized prediction error: 0.04
2021-09-03 18:48:54,211 INFO Channel Stats: TP: 1  FP: 0  FN: 0 TN: 2
2021-09-03 18:48:54,211 INFO Total true positives: 41
2021-09-03 18:48:54,211 INFO Total false positives: 26
2021-09-03 18:48:54,211 INFO Total false negatives: 7
2021-09-03 18:48:54,211 INFO Total true negatives: 60

2021-09-03 18:48:54,217 INFO Stream # 38: F-2
2021-09-03 18:48:54,832 INFO units: 10
2021-09-03 18:48:54,832 INFO dropout: 0.2
2021-09-03 18:48:54,832 INFO learning_rate: 0.01
2021-09-03 18:48:54,832 INFO layers: 2
2021-09-03 18:49:09,477 INFO validation_loss: 0.027860494330525398

2021-09-03 18:49:16,964 INFO normalized prediction error: 0.06
2021-09-03 18:49:17,617 INFO Channel Stats: TP: 1  FP: 0  FN: 0 TN: 2
2021-09-03 18:49:17,617 INFO Total true positives: 42
2021-09-03 18:49:17,617 INFO Total false positives: 26
2021-09-03 18:49:17,618 INFO Total false negatives: 7
2021-09-03 18:49:17,618 INFO Total true negatives: 62

2021-09-03 18:49:17,624 INFO Stream # 39: G-4
2021-09-03 18:49:18,175 INFO units: 25
2021-09-03 18:49:18,175 INFO dropout: 0.35
2021-09-03 18:49:18,175 INFO learning_rate: 0.01
2021-09-03 18:49:18,175 INFO layers: 2
2021-09-03 18:49:31,080 INFO validation_loss: 0.0004055578901898116

2021-09-03 18:49:37,787 INFO normalized prediction error: 0.01
2021-09-03 18:49:38,273 INFO Channel Stats: TP: 1  FP: 0  FN: 0 TN: 2
2021-09-03 18:49:38,273 INFO Total true positives: 43
2021-09-03 18:49:38,274 INFO Total false positives: 26
2021-09-03 18:49:38,274 INFO Total false negatives: 7
2021-09-03 18:49:38,274 INFO Total true negatives: 64

2021-09-03 18:49:38,279 INFO Stream # 40: T-3
2021-09-03 18:49:38,875 INFO units: 20
2021-09-03 18:49:38,875 INFO dropout: 0.15
2021-09-03 18:49:38,875 INFO learning_rate: 0.01
2021-09-03 18:49:38,875 INFO layers: 2
2021-09-03 18:49:52,554 INFO validation_loss: 0.0002997979463543743

2021-09-03 18:50:00,267 INFO normalized prediction error: 0.01
2021-09-03 18:50:00,930 INFO Channel Stats: TP: 0  FP: 0  FN: 2 TN: 3
2021-09-03 18:50:00,931 INFO Total true positives: 43
2021-09-03 18:50:00,931 INFO Total false positives: 26
2021-09-03 18:50:00,931 INFO Total false negatives: 9
2021-09-03 18:50:00,931 INFO Total true negatives: 67

2021-09-03 18:50:00,938 INFO Stream # 41: D-11
2021-09-03 18:50:01,491 INFO units: 20
2021-09-03 18:50:01,491 INFO dropout: 0.15
2021-09-03 18:50:01,492 INFO learning_rate: 0.01
2021-09-03 18:50:01,492 INFO layers: 2
2021-09-03 18:50:19,952 INFO validation_loss: 0.001489414949901402

2021-09-03 18:50:26,702 INFO normalized prediction error: 0.02
2021-09-03 18:50:27,185 INFO Channel Stats: TP: 1  FP: 0  FN: 0 TN: 2
2021-09-03 18:50:27,185 INFO Total true positives: 44
2021-09-03 18:50:27,185 INFO Total false positives: 26
2021-09-03 18:50:27,185 INFO Total false negatives: 9
2021-09-03 18:50:27,185 INFO Total true negatives: 69

2021-09-03 18:50:27,191 INFO Stream # 42: D-12
2021-09-03 18:50:27,477 INFO units: 25
2021-09-03 18:50:27,477 INFO dropout: 0.35
2021-09-03 18:50:27,477 INFO learning_rate: 0.01
2021-09-03 18:50:27,477 INFO layers: 2
2021-09-03 18:50:30,891 INFO validation_loss: 0.00909278355538845

2021-09-03 18:50:37,734 INFO normalized prediction error: 0.09
2021-09-03 18:50:38,474 INFO Channel Stats: TP: 1  FP: 0  FN: 0 TN: 2
2021-09-03 18:50:38,474 INFO Total true positives: 45
2021-09-03 18:50:38,474 INFO Total false positives: 26
2021-09-03 18:50:38,474 INFO Total false negatives: 9
2021-09-03 18:50:38,474 INFO Total true negatives: 71

2021-09-03 18:50:38,480 INFO Stream # 43: B-1
2021-09-03 18:50:39,013 INFO units: 15
2021-09-03 18:50:39,014 INFO dropout: 0.25
2021-09-03 18:50:39,014 INFO learning_rate: 0.01
2021-09-03 18:50:39,014 INFO layers: 2
2021-09-03 18:50:51,079 INFO validation_loss: 3.2398951589129865e-05

2021-09-03 18:50:58,193 INFO normalized prediction error: 0.18
2021-09-03 18:50:58,571 INFO Channel Stats: TP: 1  FP: 0  FN: 0 TN: 2
2021-09-03 18:50:58,572 INFO Total true positives: 46
2021-09-03 18:50:58,572 INFO Total false positives: 26
2021-09-03 18:50:58,572 INFO Total false negatives: 9
2021-09-03 18:50:58,572 INFO Total true negatives: 73

2021-09-03 18:50:58,578 INFO Stream # 44: G-6
2021-09-03 18:50:59,205 INFO units: 15
2021-09-03 18:50:59,205 INFO dropout: 0.25
2021-09-03 18:50:59,205 INFO learning_rate: 0.01
2021-09-03 18:50:59,205 INFO layers: 2
2021-09-03 18:51:19,082 INFO validation_loss: 0.0009956866269931197

2021-09-03 18:51:26,663 INFO normalized prediction error: 0.04
2021-09-03 18:51:27,197 INFO Channel Stats: TP: 1  FP: 0  FN: 0 TN: 2
2021-09-03 18:51:27,198 INFO Total true positives: 47
2021-09-03 18:51:27,198 INFO Total false positives: 26
2021-09-03 18:51:27,198 INFO Total false negatives: 9
2021-09-03 18:51:27,198 INFO Total true negatives: 75

2021-09-03 18:51:27,204 INFO Stream # 45: G-7
2021-09-03 18:51:27,757 INFO units: 10
2021-09-03 18:51:27,757 INFO dropout: 0.15
2021-09-03 18:51:27,757 INFO learning_rate: 0.01
2021-09-03 18:51:27,757 INFO layers: 2
2021-09-03 18:51:38,490 INFO validation_loss: 0.04558287933468819

2021-09-03 18:51:45,630 INFO normalized prediction error: 0.02
2021-09-03 18:51:46,455 INFO Channel Stats: TP: 3  FP: 4  FN: 0 TN: 0
2021-09-03 18:51:46,455 INFO Total true positives: 50
2021-09-03 18:51:46,456 INFO Total false positives: 30
2021-09-03 18:51:46,456 INFO Total false negatives: 9
2021-09-03 18:51:46,456 INFO Total true negatives: 75

2021-09-03 18:51:46,462 INFO Stream # 46: P-7
2021-09-03 18:51:47,059 INFO units: 15
2021-09-03 18:51:47,059 INFO dropout: 0.15
2021-09-03 18:51:47,059 INFO learning_rate: 0.01
2021-09-03 18:51:47,059 INFO layers: 2
2021-09-03 18:52:00,562 INFO validation_loss: 0.00551587762311101

2021-09-03 18:52:07,515 INFO normalized prediction error: 0.05
2021-09-03 18:52:07,880 INFO Channel Stats: TP: 1  FP: 0  FN: 0 TN: 2
2021-09-03 18:52:07,880 INFO Total true positives: 51
2021-09-03 18:52:07,880 INFO Total false positives: 30
2021-09-03 18:52:07,880 INFO Total false negatives: 9
2021-09-03 18:52:07,880 INFO Total true negatives: 77

2021-09-03 18:52:07,885 INFO Stream # 47: R-1
2021-09-03 18:52:08,451 INFO units: 25
2021-09-03 18:52:08,451 INFO dropout: 0.35
2021-09-03 18:52:08,451 INFO learning_rate: 0.01
2021-09-03 18:52:08,452 INFO layers: 2
2021-09-03 18:52:22,706 INFO validation_loss: 1.405894090567017e-05

2021-09-03 18:52:29,180 INFO normalized prediction error: 0.00
2021-09-03 18:52:29,724 INFO Channel Stats: TP: 0  FP: 0  FN: 1 TN: 2
2021-09-03 18:52:29,724 INFO Total true positives: 51
2021-09-03 18:52:29,725 INFO Total false positives: 30
2021-09-03 18:52:29,725 INFO Total false negatives: 10
2021-09-03 18:52:29,725 INFO Total true negatives: 79

2021-09-03 18:52:29,731 INFO Stream # 48: A-5
2021-09-03 18:52:29,949 INFO units: 25
2021-09-03 18:52:29,949 INFO dropout: 0.35
2021-09-03 18:52:29,950 INFO learning_rate: 0.01
2021-09-03 18:52:29,950 INFO layers: 2
2021-09-03 18:52:36,782 INFO validation_loss: 0.0013405069475993514

2021-09-03 18:52:40,819 INFO normalized prediction error: 0.40
2021-09-03 18:52:41,013 INFO Channel Stats: TP: 1  FP: 0  FN: 0 TN: 2
2021-09-03 18:52:41,013 INFO Total true positives: 52
2021-09-03 18:52:41,013 INFO Total false positives: 30
2021-09-03 18:52:41,014 INFO Total false negatives: 10
2021-09-03 18:52:41,014 INFO Total true negatives: 81

2021-09-03 18:52:41,020 INFO Stream # 49: A-6
2021-09-03 18:52:41,213 INFO units: 25
2021-09-03 18:52:41,213 INFO dropout: 0.35
2021-09-03 18:52:41,213 INFO learning_rate: 0.01
2021-09-03 18:52:41,213 INFO layers: 2
2021-09-03 18:52:49,996 INFO validation_loss: 0.036344077438116074

2021-09-03 18:52:54,309 INFO normalized prediction error: 0.09
2021-09-03 18:52:54,649 INFO Channel Stats: TP: 1  FP: 0  FN: 0 TN: 2
2021-09-03 18:52:54,649 INFO Total true positives: 53
2021-09-03 18:52:54,649 INFO Total false positives: 30
2021-09-03 18:52:54,649 INFO Total false negatives: 10
2021-09-03 18:52:54,649 INFO Total true negatives: 83

2021-09-03 18:52:54,658 INFO Stream # 50: A-7
2021-09-03 18:52:55,389 INFO units: 25
2021-09-03 18:52:55,390 INFO dropout: 0.4
2021-09-03 18:52:55,390 INFO learning_rate: 0.01
2021-09-03 18:52:55,390 INFO layers: 2
2021-09-03 18:53:26,927 INFO validation_loss: 0.03582083433866501

2021-09-03 18:53:35,158 INFO normalized prediction error: 0.11
2021-09-03 18:53:35,693 INFO Channel Stats: TP: 1  FP: 0  FN: 0 TN: 2
2021-09-03 18:53:35,693 INFO Total true positives: 54
2021-09-03 18:53:35,693 INFO Total false positives: 30
2021-09-03 18:53:35,693 INFO Total false negatives: 10
2021-09-03 18:53:35,693 INFO Total true negatives: 85

2021-09-03 18:53:35,700 INFO Stream # 51: D-13
2021-09-03 18:53:36,117 INFO units: 25
2021-09-03 18:53:36,117 INFO dropout: 0.35
2021-09-03 18:53:36,117 INFO learning_rate: 0.01
2021-09-03 18:53:36,117 INFO layers: 2
2021-09-03 18:53:47,220 INFO validation_loss: 0.00014267781807575375

2021-09-03 18:53:54,176 INFO normalized prediction error: 0.29
2021-09-03 18:53:54,586 INFO Channel Stats: TP: 1  FP: 0  FN: 0 TN: 2
2021-09-03 18:53:54,586 INFO Total true positives: 55
2021-09-03 18:53:54,586 INFO Total false positives: 30
2021-09-03 18:53:54,586 INFO Total false negatives: 10
2021-09-03 18:53:54,586 INFO Total true negatives: 87

2021-09-03 18:53:54,597 INFO Stream # 52: P-2
2021-09-03 18:53:55,203 INFO units: 15
2021-09-03 18:53:55,203 INFO dropout: 0.15
2021-09-03 18:53:55,203 INFO learning_rate: 0.01
2021-09-03 18:53:55,203 INFO layers: 2
2021-09-03 18:54:06,081 INFO validation_loss: 0.0008442469988949597

2021-09-03 18:54:13,594 INFO normalized prediction error: 0.06
2021-09-03 18:54:13,980 INFO Channel Stats: TP: 1  FP: 0  FN: 0 TN: 2
2021-09-03 18:54:13,980 INFO Total true positives: 56
2021-09-03 18:54:13,980 INFO Total false positives: 30
2021-09-03 18:54:13,980 INFO Total false negatives: 10
2021-09-03 18:54:13,980 INFO Total true negatives: 89

2021-09-03 18:54:13,994 INFO Stream # 53: A-8
2021-09-03 18:54:14,341 INFO units: 25
2021-09-03 18:54:14,341 INFO dropout: 0.4
2021-09-03 18:54:14,341 INFO learning_rate: 0.01
2021-09-03 18:54:14,341 INFO layers: 2
2021-09-03 18:54:19,945 INFO validation_loss: 0.0438586063683033

2021-09-03 18:54:27,348 INFO normalized prediction error: 0.13
2021-09-03 18:54:27,772 INFO Channel Stats: TP: 1  FP: 0  FN: 0 TN: 2
2021-09-03 18:54:27,772 INFO Total true positives: 57
2021-09-03 18:54:27,772 INFO Total false positives: 30
2021-09-03 18:54:27,772 INFO Total false negatives: 10
2021-09-03 18:54:27,772 INFO Total true negatives: 91

2021-09-03 18:54:27,778 INFO Stream # 54: A-9
2021-09-03 18:54:28,098 INFO units: 25
2021-09-03 18:54:28,098 INFO dropout: 0.35
2021-09-03 18:54:28,098 INFO learning_rate: 0.01
2021-09-03 18:54:28,098 INFO layers: 2
2021-09-03 18:54:37,053 INFO validation_loss: 0.01198227796703577

2021-09-03 18:54:44,692 INFO normalized prediction error: 0.82
2021-09-03 18:54:45,144 INFO Channel Stats: TP: 1  FP: 0  FN: 0 TN: 2
2021-09-03 18:54:45,144 INFO Total true positives: 58
2021-09-03 18:54:45,144 INFO Total false positives: 30
2021-09-03 18:54:45,144 INFO Total false negatives: 10
2021-09-03 18:54:45,145 INFO Total true negatives: 93

2021-09-03 18:54:45,153 INFO Stream # 55: F-3
2021-09-03 18:54:46,021 INFO units: 20
2021-09-03 18:54:46,021 INFO dropout: 0.15
2021-09-03 18:54:46,021 INFO learning_rate: 0.01
2021-09-03 18:54:46,021 INFO layers: 2
2021-09-03 18:55:02,708 INFO validation_loss: 0.0005619406001642346

2021-09-03 18:55:10,127 INFO normalized prediction error: 0.01
2021-09-03 18:55:10,480 INFO Channel Stats: TP: 0  FP: 0  FN: 1 TN: 2
2021-09-03 18:55:10,480 INFO Total true positives: 58
2021-09-03 18:55:10,480 INFO Total false positives: 30
2021-09-03 18:55:10,480 INFO Total false negatives: 11
2021-09-03 18:55:10,481 INFO Total true negatives: 95

2021-09-03 18:55:10,489 INFO Stream # 56: M-6
2021-09-03 18:55:11,006 INFO units: 20
2021-09-03 18:55:11,006 INFO dropout: 0.15
2021-09-03 18:55:11,006 INFO learning_rate: 0.01
2021-09-03 18:55:11,006 INFO layers: 2
2021-09-03 18:55:20,666 INFO validation_loss: 0.00044168130261823535

2021-09-03 18:55:22,916 INFO normalized prediction error: 0.05
2021-09-03 18:55:22,928 INFO Channel Stats: TP: 1  FP: 0  FN: 0 TN: 2
2021-09-03 18:55:22,928 INFO Total true positives: 59
2021-09-03 18:55:22,929 INFO Total false positives: 30
2021-09-03 18:55:22,929 INFO Total false negatives: 11
2021-09-03 18:55:22,929 INFO Total true negatives: 97

2021-09-03 18:55:22,934 INFO Stream # 57: M-1
2021-09-03 18:55:23,620 INFO units: 15
2021-09-03 18:55:23,620 INFO dropout: 0.15
2021-09-03 18:55:23,620 INFO learning_rate: 0.01
2021-09-03 18:55:23,620 INFO layers: 2
2021-09-03 18:56:33,485 INFO validation_loss: 0.02924247272312641

2021-09-03 18:56:36,036 INFO normalized prediction error: 0.09
2021-09-03 18:56:36,044 INFO Channel Stats: TP: 0  FP: 1  FN: 1 TN: 1
2021-09-03 18:56:36,044 INFO Total true positives: 59
2021-09-03 18:56:36,044 INFO Total false positives: 31
2021-09-03 18:56:36,044 INFO Total false negatives: 12
2021-09-03 18:56:36,044 INFO Total true negatives: 98

2021-09-03 18:56:36,050 INFO Stream # 58: M-2
2021-09-03 18:56:36,725 INFO units: 15
2021-09-03 18:56:36,725 INFO dropout: 0.15
2021-09-03 18:56:36,725 INFO learning_rate: 0.01
2021-09-03 18:56:36,725 INFO layers: 2
2021-09-03 18:57:10,728 INFO validation_loss: 0.026507476344704628

2021-09-03 18:57:12,917 INFO normalized prediction error: 0.14
2021-09-03 18:57:12,921 INFO Channel Stats: TP: 0  FP: 0  FN: 1 TN: 2
2021-09-03 18:57:12,921 INFO Total true positives: 59
2021-09-03 18:57:12,921 INFO Total false positives: 31
2021-09-03 18:57:12,921 INFO Total false negatives: 13
2021-09-03 18:57:12,921 INFO Total true negatives: 100

2021-09-03 18:57:12,928 INFO Stream # 59: S-2
2021-09-03 18:57:13,232 INFO units: 15
2021-09-03 18:57:13,232 INFO dropout: 0.15
2021-09-03 18:57:13,232 INFO learning_rate: 0.01
2021-09-03 18:57:13,232 INFO layers: 2
2021-09-03 18:57:20,715 INFO validation_loss: 0.0002500273985788226

2021-09-03 18:57:22,504 INFO normalized prediction error: 0.01
2021-09-03 18:57:22,514 INFO Channel Stats: TP: 1  FP: 0  FN: 0 TN: 2
2021-09-03 18:57:22,515 INFO Total true positives: 60
2021-09-03 18:57:22,515 INFO Total false positives: 31
2021-09-03 18:57:22,515 INFO Total false negatives: 13
2021-09-03 18:57:22,515 INFO Total true negatives: 102

2021-09-03 18:57:22,521 INFO Stream # 60: P-10
2021-09-03 18:57:24,018 INFO units: 20
2021-09-03 18:57:24,018 INFO dropout: 0.15
2021-09-03 18:57:24,018 INFO learning_rate: 0.01
2021-09-03 18:57:24,018 INFO layers: 2
2021-09-03 18:57:41,048 INFO validation_loss: 9.451458026887849e-06

2021-09-03 18:57:46,812 INFO normalized prediction error: 0.04
2021-09-03 18:57:47,142 INFO Channel Stats: TP: 1  FP: 0  FN: 0 TN: 2
2021-09-03 18:57:47,142 INFO Total true positives: 61
2021-09-03 18:57:47,142 INFO Total false positives: 31
2021-09-03 18:57:47,143 INFO Total false negatives: 13
2021-09-03 18:57:47,143 INFO Total true negatives: 104

2021-09-03 18:57:47,151 INFO Stream # 61: T-4
2021-09-03 18:57:47,939 INFO units: 20
2021-09-03 18:57:47,939 INFO dropout: 0.15
2021-09-03 18:57:47,939 INFO learning_rate: 0.01
2021-09-03 18:57:47,939 INFO layers: 2
2021-09-03 18:59:01,009 INFO validation_loss: 0.04557962343096733

2021-09-03 18:59:03,117 INFO normalized prediction error: 0.15
2021-09-03 18:59:03,124 INFO Channel Stats: TP: 0  FP: 1  FN: 1 TN: 1
2021-09-03 18:59:03,125 INFO Total true positives: 61
2021-09-03 18:59:03,125 INFO Total false positives: 32
2021-09-03 18:59:03,125 INFO Total false negatives: 14
2021-09-03 18:59:03,125 INFO Total true negatives: 105

2021-09-03 18:59:03,131 INFO Stream # 62: T-5
2021-09-03 18:59:03,841 INFO units: 15
2021-09-03 18:59:03,841 INFO dropout: 0.25
2021-09-03 18:59:03,841 INFO learning_rate: 0.01
2021-09-03 18:59:03,841 INFO layers: 2
2021-09-03 18:59:18,164 INFO validation_loss: 0.00042541505536064506

2021-09-03 18:59:20,481 INFO normalized prediction error: 0.01
2021-09-03 18:59:20,495 INFO Channel Stats: TP: 1  FP: 0  FN: 0 TN: 2
2021-09-03 18:59:20,496 INFO Total true positives: 62
2021-09-03 18:59:20,496 INFO Total false positives: 32
2021-09-03 18:59:20,496 INFO Total false negatives: 14
2021-09-03 18:59:20,496 INFO Total true negatives: 107

2021-09-03 18:59:20,503 INFO Stream # 63: F-7
2021-09-03 18:59:21,800 INFO units: 25
2021-09-03 18:59:21,801 INFO dropout: 0.35
2021-09-03 18:59:21,801 INFO learning_rate: 0.01
2021-09-03 18:59:21,801 INFO layers: 2
2021-09-03 19:00:16,760 INFO validation_loss: 0.16670913994312286

2021-09-03 19:00:22,084 INFO normalized prediction error: 0.22
2021-09-03 19:00:22,301 INFO Channel Stats: TP: 2  FP: 0  FN: 1 TN: 4
2021-09-03 19:00:22,301 INFO Total true positives: 64
2021-09-03 19:00:22,301 INFO Total false positives: 32
2021-09-03 19:00:22,301 INFO Total false negatives: 15
2021-09-03 19:00:22,301 INFO Total true negatives: 111

2021-09-03 19:00:22,308 INFO Stream # 64: M-3
2021-09-03 19:00:22,964 INFO units: 15
2021-09-03 19:00:22,964 INFO dropout: 0.15
2021-09-03 19:00:22,965 INFO learning_rate: 0.01
2021-09-03 19:00:22,965 INFO layers: 2
2021-09-03 19:01:00,313 INFO validation_loss: 0.0350923091173172

2021-09-03 19:01:03,039 INFO normalized prediction error: 0.13
2021-09-03 19:01:03,050 INFO Channel Stats: TP: 1  FP: 1  FN: 0 TN: 1
2021-09-03 19:01:03,050 INFO Total true positives: 65
2021-09-03 19:01:03,050 INFO Total false positives: 33
2021-09-03 19:01:03,050 INFO Total false negatives: 15
2021-09-03 19:01:03,050 INFO Total true negatives: 112

2021-09-03 19:01:03,057 INFO Stream # 65: M-4
2021-09-03 19:01:03,736 INFO units: 10
2021-09-03 19:01:03,736 INFO dropout: 0.2
2021-09-03 19:01:03,736 INFO learning_rate: 0.01
2021-09-03 19:01:03,736 INFO layers: 2
2021-09-03 19:01:36,974 INFO validation_loss: 0.08410685509443283

2021-09-03 19:01:38,922 INFO normalized prediction error: 0.16
2021-09-03 19:01:38,932 INFO Channel Stats: TP: 1  FP: 0  FN: 0 TN: 2
2021-09-03 19:01:38,932 INFO Total true positives: 66
2021-09-03 19:01:38,932 INFO Total false positives: 33
2021-09-03 19:01:38,933 INFO Total false negatives: 15
2021-09-03 19:01:38,933 INFO Total true negatives: 114

2021-09-03 19:01:38,939 INFO Stream # 66: M-5
2021-09-03 19:01:39,563 INFO units: 20
2021-09-03 19:01:39,563 INFO dropout: 0.15
2021-09-03 19:01:39,563 INFO learning_rate: 0.01
2021-09-03 19:01:39,563 INFO layers: 2
2021-09-03 19:02:33,914 INFO validation_loss: 0.04147255793213844

2021-09-03 19:02:36,250 INFO normalized prediction error: 0.19
2021-09-03 19:02:36,258 INFO Channel Stats: TP: 1  FP: 0  FN: 0 TN: 2
2021-09-03 19:02:36,258 INFO Total true positives: 67
2021-09-03 19:02:36,258 INFO Total false positives: 33
2021-09-03 19:02:36,258 INFO Total false negatives: 15
2021-09-03 19:02:36,258 INFO Total true negatives: 116

2021-09-03 19:02:36,265 INFO Stream # 67: P-15
2021-09-03 19:02:37,414 INFO units: 25
2021-09-03 19:02:37,414 INFO dropout: 0.35
2021-09-03 19:02:37,415 INFO learning_rate: 0.01
2021-09-03 19:02:37,415 INFO layers: 2
2021-09-03 19:03:04,025 INFO validation_loss: 0.00019781282753683627

2021-09-03 19:03:06,719 INFO normalized prediction error: 0.38
2021-09-03 19:03:06,747 INFO Channel Stats: TP: 0  FP: 0  FN: 1 TN: 2
2021-09-03 19:03:06,747 INFO Total true positives: 67
2021-09-03 19:03:06,747 INFO Total false positives: 33
2021-09-03 19:03:06,747 INFO Total false negatives: 16
2021-09-03 19:03:06,747 INFO Total true negatives: 118

2021-09-03 19:03:06,754 INFO Stream # 68: C-1
2021-09-03 19:03:07,459 INFO units: 25
2021-09-03 19:03:07,459 INFO dropout: 0.35
2021-09-03 19:03:07,459 INFO learning_rate: 0.01
2021-09-03 19:03:07,459 INFO layers: 2
2021-09-03 19:03:27,376 INFO validation_loss: 0.023635435849428177

2021-09-03 19:03:29,565 INFO normalized prediction error: 0.05
2021-09-03 19:03:29,575 INFO Channel Stats: TP: 1  FP: 0  FN: 1 TN: 3
2021-09-03 19:03:29,575 INFO Total true positives: 68
2021-09-03 19:03:29,575 INFO Total false positives: 33
2021-09-03 19:03:29,575 INFO Total false negatives: 17
2021-09-03 19:03:29,575 INFO Total true negatives: 121

2021-09-03 19:03:29,583 INFO Stream # 69: C-2
2021-09-03 19:03:29,859 INFO units: 5
2021-09-03 19:03:29,859 INFO dropout: 0.15
2021-09-03 19:03:29,859 INFO learning_rate: 0.01
2021-09-03 19:03:29,859 INFO layers: 2
2021-09-03 19:03:37,913 INFO validation_loss: 0.0005463594570755959

2021-09-03 19:03:39,920 INFO normalized prediction error: 0.26
2021-09-03 19:03:39,926 INFO Channel Stats: TP: 1  FP: 0  FN: 1 TN: 3
2021-09-03 19:03:39,926 INFO Total true positives: 69
2021-09-03 19:03:39,926 INFO Total false positives: 33
2021-09-03 19:03:39,926 INFO Total false negatives: 18
2021-09-03 19:03:39,926 INFO Total true negatives: 124

2021-09-03 19:03:39,936 INFO Stream # 70: T-12
2021-09-03 19:03:40,327 INFO units: 20
2021-09-03 19:03:40,327 INFO dropout: 0.15
2021-09-03 19:03:40,327 INFO learning_rate: 0.01
2021-09-03 19:03:40,328 INFO layers: 2
2021-09-03 19:03:52,439 INFO validation_loss: 0.02231123112142086

2021-09-03 19:03:55,109 INFO normalized prediction error: 0.04
2021-09-03 19:03:55,128 INFO Channel Stats: TP: 1  FP: 3  FN: 0 TN: 0
2021-09-03 19:03:55,128 INFO Total true positives: 70
2021-09-03 19:03:55,128 INFO Total false positives: 36
2021-09-03 19:03:55,128 INFO Total false negatives: 18
2021-09-03 19:03:55,128 INFO Total true negatives: 124

2021-09-03 19:03:55,134 INFO Stream # 71: T-13
2021-09-03 19:03:55,534 INFO units: 25
2021-09-03 19:03:55,534 INFO dropout: 0.4
2021-09-03 19:03:55,534 INFO learning_rate: 0.01
2021-09-03 19:03:55,534 INFO layers: 2
2021-09-03 19:04:04,390 INFO validation_loss: 0.0012029445497319102

2021-09-03 19:04:06,638 INFO normalized prediction error: 0.01
2021-09-03 19:04:06,650 INFO Channel Stats: TP: 0  FP: 0  FN: 2 TN: 3
2021-09-03 19:04:06,650 INFO Total true positives: 70
2021-09-03 19:04:06,650 INFO Total false positives: 36
2021-09-03 19:04:06,650 INFO Total false negatives: 20
2021-09-03 19:04:06,650 INFO Total true negatives: 127

2021-09-03 19:04:06,657 INFO Stream # 72: F-4
2021-09-03 19:04:07,438 INFO units: 20
2021-09-03 19:04:07,438 INFO dropout: 0.15
2021-09-03 19:04:07,438 INFO learning_rate: 0.01
2021-09-03 19:04:07,438 INFO layers: 2
2021-09-03 19:04:52,273 INFO validation_loss: 0.030604824423789978

2021-09-03 19:04:55,531 INFO normalized prediction error: 0.06
2021-09-03 19:04:55,661 INFO Channel Stats: TP: 0  FP: 1  FN: 1 TN: 1
2021-09-03 19:04:55,661 INFO Total true positives: 70
2021-09-03 19:04:55,661 INFO Total false positives: 37
2021-09-03 19:04:55,661 INFO Total false negatives: 21
2021-09-03 19:04:55,661 INFO Total true negatives: 128

2021-09-03 19:04:55,668 INFO Stream # 73: F-5
2021-09-03 19:04:56,658 INFO units: 25
2021-09-03 19:04:56,658 INFO dropout: 0.35
2021-09-03 19:04:56,658 INFO learning_rate: 0.01
2021-09-03 19:04:56,658 INFO layers: 2
2021-09-03 19:05:21,815 INFO validation_loss: 0.05079269781708717

2021-09-03 19:05:25,581 INFO normalized prediction error: 0.02
2021-09-03 19:05:25,789 INFO Channel Stats: TP: 1  FP: 0  FN: 0 TN: 2
2021-09-03 19:05:25,789 INFO Total true positives: 71
2021-09-03 19:05:25,789 INFO Total false positives: 37
2021-09-03 19:05:25,790 INFO Total false negatives: 21
2021-09-03 19:05:25,790 INFO Total true negatives: 130

2021-09-03 19:05:25,797 INFO Stream # 74: D-14
2021-09-03 19:05:26,965 INFO units: 10
2021-09-03 19:05:26,965 INFO dropout: 0.2
2021-09-03 19:05:26,965 INFO learning_rate: 0.01
2021-09-03 19:05:26,965 INFO layers: 2
2021-09-03 19:05:45,397 INFO validation_loss: 5.877994044567458e-05

2021-09-03 19:05:47,876 INFO normalized prediction error: 0.05
2021-09-03 19:05:47,920 INFO Channel Stats: TP: 1  FP: 0  FN: 1 TN: 3
2021-09-03 19:05:47,920 INFO Total true positives: 72
2021-09-03 19:05:47,920 INFO Total false positives: 37
2021-09-03 19:05:47,920 INFO Total false negatives: 22
2021-09-03 19:05:47,920 INFO Total true negatives: 133

2021-09-03 19:05:47,927 INFO Stream # 75: T-9
2021-09-03 19:05:48,071 INFO units: 25
2021-09-03 19:05:48,071 INFO dropout: 0.35
2021-09-03 19:05:48,071 INFO learning_rate: 0.01
2021-09-03 19:05:48,071 INFO layers: 2
2021-09-03 19:05:52,771 INFO validation_loss: 0.00624247919768095

2021-09-03 19:05:53,897 INFO normalized prediction error: 0.19
2021-09-03 19:05:53,901 INFO Channel Stats: TP: 0  FP: 0  FN: 2 TN: 3
2021-09-03 19:05:53,901 INFO Total true positives: 72
2021-09-03 19:05:53,901 INFO Total false positives: 37
2021-09-03 19:05:53,901 INFO Total false negatives: 24
2021-09-03 19:05:53,901 INFO Total true negatives: 136

2021-09-03 19:05:53,907 INFO Stream # 76: P-14
2021-09-03 19:05:55,015 INFO units: 15
2021-09-03 19:05:55,015 INFO dropout: 0.15
2021-09-03 19:05:55,016 INFO learning_rate: 0.01
2021-09-03 19:05:55,016 INFO layers: 2
2021-09-03 19:06:08,956 INFO validation_loss: 5.668268568115309e-05

2021-09-03 19:06:14,424 INFO normalized prediction error: 0.03
2021-09-03 19:06:14,781 INFO Channel Stats: TP: 1  FP: 0  FN: 0 TN: 2
2021-09-03 19:06:14,782 INFO Total true positives: 73
2021-09-03 19:06:14,782 INFO Total false positives: 37
2021-09-03 19:06:14,782 INFO Total false negatives: 24
2021-09-03 19:06:14,782 INFO Total true negatives: 138

2021-09-03 19:06:14,789 INFO Stream # 77: T-8
2021-09-03 19:06:15,077 INFO units: 15
2021-09-03 19:06:15,077 INFO dropout: 0.15
2021-09-03 19:06:15,077 INFO learning_rate: 0.01
2021-09-03 19:06:15,077 INFO layers: 2
2021-09-03 19:06:22,119 INFO validation_loss: 0.039798203855752945

2021-09-03 19:06:24,138 INFO normalized prediction error: 0.04
2021-09-03 19:06:24,148 INFO Channel Stats: TP: 2  FP: 0  FN: 0 TN: 3
2021-09-03 19:06:24,148 INFO Total true positives: 75
2021-09-03 19:06:24,149 INFO Total false positives: 37
2021-09-03 19:06:24,149 INFO Total false negatives: 24
2021-09-03 19:06:24,149 INFO Total true negatives: 141

2021-09-03 19:06:24,155 INFO Stream # 78: P-11
2021-09-03 19:06:25,442 INFO units: 25
2021-09-03 19:06:25,442 INFO dropout: 0.35
2021-09-03 19:06:25,442 INFO learning_rate: 0.01
2021-09-03 19:06:25,442 INFO layers: 2
2021-09-03 19:06:53,648 INFO validation_loss: 0.005433429963886738

2021-09-03 19:06:57,231 INFO normalized prediction error: 0.03
2021-09-03 19:06:57,349 INFO Channel Stats: TP: 1  FP: 0  FN: 1 TN: 3
2021-09-03 19:06:57,349 INFO Total true positives: 76
2021-09-03 19:06:57,349 INFO Total false positives: 37
2021-09-03 19:06:57,349 INFO Total false negatives: 25
2021-09-03 19:06:57,349 INFO Total true negatives: 144

2021-09-03 19:06:57,357 INFO Stream # 79: D-15
2021-09-03 19:06:58,028 INFO units: 10
2021-09-03 19:06:58,028 INFO dropout: 0.15
2021-09-03 19:06:58,028 INFO learning_rate: 0.01
2021-09-03 19:06:58,028 INFO layers: 2
2021-09-03 19:08:07,815 INFO validation_loss: 0.2966105341911316

2021-09-03 19:08:10,667 INFO normalized prediction error: 0.17
2021-09-03 19:08:10,673 INFO Channel Stats: TP: 1  FP: 0  FN: 0 TN: 2
2021-09-03 19:08:10,674 INFO Total true positives: 77
2021-09-03 19:08:10,674 INFO Total false positives: 37
2021-09-03 19:08:10,674 INFO Total false negatives: 25
2021-09-03 19:08:10,674 INFO Total true negatives: 146

2021-09-03 19:08:10,680 INFO Stream # 80: D-16
2021-09-03 19:08:11,148 INFO units: 20
2021-09-03 19:08:11,148 INFO dropout: 0.15
2021-09-03 19:08:11,148 INFO learning_rate: 0.01
2021-09-03 19:08:11,148 INFO layers: 2
2021-09-03 19:09:03,938 INFO validation_loss: 0.037053339183330536

2021-09-03 19:09:06,099 INFO normalized prediction error: 0.21
2021-09-03 19:09:06,103 INFO Channel Stats: TP: 0  FP: 0  FN: 1 TN: 2
2021-09-03 19:09:06,103 INFO Total true positives: 77
2021-09-03 19:09:06,103 INFO Total false positives: 37
2021-09-03 19:09:06,103 INFO Total false negatives: 26
2021-09-03 19:09:06,103 INFO Total true negatives: 148

2021-09-03 19:09:06,110 INFO Stream # 81: M-7
2021-09-03 19:09:06,614 INFO units: 20
2021-09-03 19:09:06,615 INFO dropout: 0.15
2021-09-03 19:09:06,615 INFO learning_rate: 0.01
2021-09-03 19:09:06,615 INFO layers: 2
2021-09-03 19:09:16,385 INFO validation_loss: 0.017124079167842865

2021-09-03 19:09:18,533 INFO normalized prediction error: 0.02
2021-09-03 19:09:18,545 INFO Channel Stats: TP: 1  FP: 0  FN: 0 TN: 2
2021-09-03 19:09:18,545 INFO Total true positives: 78
2021-09-03 19:09:18,545 INFO Total false positives: 37
2021-09-03 19:09:18,545 INFO Total false negatives: 26
2021-09-03 19:09:18,545 INFO Total true negatives: 150

2021-09-03 19:09:18,553 INFO Stream # 82: F-8
2021-09-03 19:09:19,541 INFO units: 20
2021-09-03 19:09:19,541 INFO dropout: 0.15
2021-09-03 19:09:19,541 INFO learning_rate: 0.01
2021-09-03 19:09:19,541 INFO layers: 2
2021-09-03 19:10:16,818 INFO validation_loss: 0.1274411529302597

2021-09-03 19:10:19,186 INFO normalized prediction error: 0.14
2021-09-03 19:10:19,203 INFO Channel Stats: TP: 1  FP: 0  FN: 0 TN: 2
2021-09-03 19:10:19,203 INFO Total true positives: 79
2021-09-03 19:10:19,203 INFO Total false positives: 37
2021-09-03 19:10:19,204 INFO Total false negatives: 26
2021-09-03 19:10:19,204 INFO Total true negatives: 152

2021-09-03 19:10:19,211 INFO Final Totals:
2021-09-03 19:10:19,211 INFO -----------------
2021-09-03 19:10:19,211 INFO True Positives: 79
2021-09-03 19:10:19,211 INFO False Positives: 37
2021-09-03 19:10:19,211 INFO False Negatives: 26
2021-09-03 19:10:19,211 INFO True Negatives: 152

2021-09-03 19:10:19,211 INFO Precision: 0.68
2021-09-03 19:10:19,211 INFO Recall: 0.75

