P-1 480948718
S-1 596834367
E-1 72372678
E-2 203733253
E-3 622951302
E-4 901780764
E-5 120860460
E-6 125058689
E-7 324101109
E-8 239540527
E-9 962201136
E-10 870731117
E-11 247214074
E-12 948670323
E-13 838043028
A-1 677857825
D-1 343845003
P-2 20258791
P-3 251297378
D-2 321008756
D-3 676005511
D-4 475981578
A-2 133183317
A-3 490345187
A-4 333714512
G-1 314104857
G-2 333471199
D-5 832918481
D-6 863945467
D-7 551267208
F-1 815073255
P-4 59785646
G-3 539131933
T-1 151355532
T-2 870691764
D-8 718653159
D-9 635180171
F-2 807179153
G-4 575256290
T-3 878359997
D-11 7461426
D-12 581211414
B-1 265860865
G-6 122126729
G-7 713354518
P-7 727686416
R-1 739804470
A-5 823494164
A-6 451309188
A-7 299935200
D-13 444011937
P-2 856815081
A-8 815555528
A-9 663876285
F-3 566719081
M-6 656473498
M-1 168651056
M-2 104554092
S-2 159692898
P-10 353752168
T-4 799000858
T-5 949708934
F-7 804274779
M-3 755685731
M-4 407816135
M-5 14705988
P-15 603253931
C-1 443844533
C-2 246561128
T-12 431445278
T-13 508348120
F-4 879425993
F-5 345927339
D-14 675879385
T-9 445673492
P-14 716664911
T-8 237036943
P-11 188472202
D-15 558039195
D-16 967269384
M-7 63468515
F-8 859482271
