P-1 572377110
S-1 502145700
E-1 137819020
E-2 852883292
E-3 563910911
E-4 895904379
E-5 161022062
E-6 873613548
E-7 445408757
E-8 805769196
E-9 599308288
E-10 522869768
E-11 737690055
E-12 594514363
E-13 829389571
A-1 599558579
D-1 493903237
P-2 112984777
P-3 3347508
D-2 189942694
D-3 529638955
D-4 133804750
A-2 665515539
A-3 235062454
A-4 828917383
G-1 869698018
G-2 351341868
D-5 223854115
D-6 455062786
D-7 243831409
F-1 220050788
P-4 543832517
G-3 9783080
T-1 238251231
T-2 472314497
D-8 553635573
D-9 763474798
F-2 369226769
G-4 366350357
T-3 954833761
D-11 73950780
D-12 77015038
B-1 756648340
G-6 498700990
G-7 999018463
P-7 629994331
R-1 379644769
A-5 101057147
A-6 252216463
A-7 172041267
D-13 464281805
P-2 791379631
A-8 429357022
A-9 795405883
F-3 729837429
M-6 909513155
M-1 740132208
M-2 798104138
S-2 596494683
P-10 547974300
T-4 120114025
T-5 42096893
F-7 110001266
M-3 90903882
M-4 762195752
M-5 962602518
P-15 920640658
C-1 265962665
C-2 839809376
T-12 873232165
T-13 474091620
F-4 819284639
F-5 138255991
D-14 18742716
T-9 438002351
P-14 76533588
T-8 885184425
P-11 286824942
D-15 491243818
D-16 334446049
M-7 776547651
F-8 555414561
