P-1 1814.3011224269867
S-1 1774.8138110637665
E-1 1764.1358835697174
E-2 1761.2609686851501
E-3 1770.7916021347046
E-4 1772.396255016327
E-5 1771.110568523407
E-6 1792.278403520584
E-7 1775.825143814087
E-8 1764.9396154880524
E-9 1767.6328217983246
E-10 1780.047868013382
E-11 1780.253300666809
E-12 1764.0757389068604
E-13 1771.7642328739166
A-1 1768.897468805313
D-1 1795.3119757175446
P-2 1767.8733966350555
P-3 1759.41144657135
D-2 1770.1180355548859
D-3 1764.0877649784088
D-4 1774.113314628601
A-2 1772.5340611934662
A-3 1766.906087398529
A-4 1768.2764344215393
G-1 2010.7697014808655
G-2 2058.669686317444
D-5 1914.6759388446808
D-6 1750.0260272026062
D-7 1747.8850486278534
F-1 1978.1897089481354
P-4 1998.9684000015259
G-3 2056.8002183437347
T-1 2019.236231803894
T-2 1754.7463462352753
D-8 1757.9398226737976
D-9 1759.0169777870178
F-2 1760.0210201740265
G-4 1759.1299712657928
T-3 1753.5813891887665
D-11 1748.6783850193024
D-12 1562.4748277664185
B-1 1759.8194906711578
G-6 1756.2047717571259
G-7 1762.5569694042206
P-7 1773.6992909908295
R-1 1926.8094375133514
A-5 1755.8940041065216
A-6 1755.576210975647
A-7 1752.8004422187805
D-13 1760.438553571701
P-2 0.40832972526550293
A-8 1709.6014342308044
A-9 1759.0466148853302
F-3 1784.9662582874298
M-6 1765.8190758228302
M-1 1766.3226602077484
M-2 1766.97851896286
S-2 1759.3634986877441
P-10 1773.1889126300812
T-4 1765.6031558513641
T-5 1769.254369020462
F-7 1782.3807549476624
M-3 1775.9342782497406
M-4 1778.7611758708954
M-5 1760.8755328655243
P-15 1765.9372911453247
C-1 1771.4330337047577
C-2 1764.5497364997864
T-12 1758.6088528633118
T-13 1758.788160085678
F-4 1785.708253622055
F-5 1762.7638115882874
D-14 1758.7477626800537
T-9 1581.8064415454865
P-14 1768.7569875717163
T-8 1762.3124842643738
P-11 1782.0839121341705
D-15 1758.4046709537506
D-16 1755.4474203586578
M-7 1754.6998019218445
F-8 1811.056180715561
