P-1 171.55873656272888
S-1 160.09803867340088
E-1 160.5493462085724
E-2 165.12818694114685
E-3 160.94997906684875
E-4 161.7428855895996
E-5 162.8980736732483
E-6 169.85750079154968
E-7 159.81729674339294
E-8 159.38947343826294
E-9 160.0244801044464
E-10 160.45190811157227
E-11 167.75430250167847
E-12 161.67730498313904
E-13 157.33800649642944
A-1 159.79560661315918
D-1 160.3345983028412
P-2 157.11060166358948
P-3 155.1439073085785
D-2 162.83591055870056
D-3 165.6315417289734
D-4 163.1975553035736
A-2 156.78116583824158
A-3 157.04142785072327
A-4 155.7941825389862
G-1 157.3582329750061
G-2 149.9032256603241
D-5 147.62126755714417
D-6 153.05286931991577
D-7 155.4210603237152
F-1 164.68959259986877
P-4 152.15229082107544
G-3 153.4234049320221
T-1 162.94948172569275
T-2 160.5977177619934
D-8 151.7793264389038
D-9 150.76766777038574
F-2 154.63041353225708
G-4 150.21964859962463
T-3 159.9457643032074
D-11 149.86876606941223
D-12 84.25010347366333
B-1 145.1372308731079
G-6 157.94738936424255
G-7 148.41415977478027
P-7 161.38252520561218
R-1 156.27466368675232
A-5 95.0655210018158
A-6 95.44310855865479
A-7 159.7428698539734
D-13 117.33065724372864
P-2 0.2577016353607178
A-8 94.61223006248474
A-9 96.09036254882812
F-3 163.28069353103638
M-6 128.39037990570068
M-1 150.74240255355835
M-2 148.24854469299316
S-2 104.4406418800354
P-10 218.33406686782837
T-4 152.98080444335938
T-5 150.0209355354309
F-7 157.83824110031128
M-3 142.25942707061768
M-4 143.96111583709717
M-5 141.16718459129333
P-15 198.90556025505066
C-1 145.458016872406
C-2 98.27221393585205
T-12 108.89373278617859
T-13 110.09212017059326
F-4 144.60328483581543
F-5 162.17600560188293
D-14 198.5252721309662
T-9 89.6824803352356
P-14 170.16603326797485
T-8 96.21420359611511
P-11 206.16317462921143
D-15 143.78741002082825
D-16 120.83401536941528
M-7 126.21505689620972
F-8 186.4700005054474
