P-1 560311648
S-1 514734667
E-1 884469035
E-2 143891956
E-3 278393439
E-4 485099562
E-5 240682322
E-6 794436877
E-7 629316238
E-8 597805694
E-9 986398834
E-10 293019808
E-11 911021513
E-12 938673717
E-13 186713691
A-1 107150922
D-1 787438156
P-2 931407258
P-3 836677669
D-2 917590026
D-3 840742872
D-4 460770620
A-2 67561644
A-3 762346736
A-4 921000866
G-1 6227005
G-2 430786091
D-5 126771352
D-6 390620711
D-7 778052378
F-1 826197259
P-4 979320065
G-3 669571781
T-1 478420356
T-2 487250471
D-8 552672701
D-9 47239325
F-2 973205537
G-4 381368638
T-3 976791328
D-11 141680318
D-12 624021216
B-1 555183798
G-6 140603387
G-7 175884569
P-7 611780543
R-1 961055394
A-5 274515217
A-6 860048932
A-7 530109952
D-13 904807387
P-2 597774670
A-8 310947656
A-9 21785709
F-3 104984961
M-6 785212623
M-1 857886372
M-2 131252722
S-2 100798116
P-10 430082999
T-4 549895314
T-5 437320183
F-7 380114447
M-3 426451398
M-4 97267479
M-5 740703169
P-15 311945493
C-1 522075639
C-2 157299404
T-12 722849017
T-13 350770217
F-4 572600095
F-5 688554001
D-14 86731307
T-9 96274100
P-14 780323453
T-8 470885628
P-11 150613048
D-15 571826398
D-16 624016904
M-7 979671984
F-8 659689172
