P-1 507795832
S-1 5776594
E-1 728797822
E-2 400586944
E-3 904734210
E-4 660741911
E-5 863481102
E-6 299417824
E-7 933020977
E-8 781848485
E-9 556580314
E-10 152226289
E-11 206094787
E-12 468993830
E-13 185312792
A-1 180026648
D-1 66647308
P-2 284552236
P-3 916499660
D-2 352753090
D-3 358606159
D-4 596929501
A-2 262982289
A-3 700496224
A-4 867789973
G-1 373942845
G-2 192139525
D-5 7344810
D-6 34148245
D-7 875934951
F-1 621355252
P-4 308948332
G-3 221912023
T-1 234931177
T-2 434283532
D-8 856625061
D-9 696952526
F-2 880089395
G-4 839506379
T-3 350003267
D-11 910079766
D-12 223103878
B-1 340560806
G-6 929644942
G-7 959975562
P-7 430278099
R-1 775815982
A-5 407594606
A-6 901981861
A-7 809439209
D-13 122579880
P-2 334276285
A-8 875078548
A-9 79443853
F-3 167626710
M-6 921036969
M-1 767841671
M-2 741093176
S-2 768210107
P-10 703186130
T-4 345873027
T-5 951213442
F-7 160392894
M-3 689761777
M-4 608647022
M-5 708621744
P-15 450828556
C-1 479546828
C-2 69751291
T-12 409924797
T-13 836624060
F-4 621661321
F-5 291822937
D-14 312834842
T-9 661898935
P-14 824787451
T-8 627475404
P-11 758874825
D-15 658231740
D-16 773915362
M-7 185884732
F-8 518251169
