P-1 287.9514379501343
S-1 280.5255572795868
E-1 281.5293743610382
E-2 279.73887848854065
E-3 277.98817896842957
E-4 273.46237564086914
E-5 273.7009024620056
E-6 274.92618107795715
E-7 275.81943249702454
E-8 275.9887499809265
E-9 277.5635552406311
E-10 273.713574886322
E-11 273.2384068965912
E-12 278.73638701438904
E-13 281.19399762153625
A-1 276.6462655067444
D-1 271.9014492034912
P-2 272.4024889469147
P-3 272.4023950099945
D-2 275.22080087661743
D-3 279.778174161911
D-4 268.5186290740967
A-2 265.21357226371765
A-3 268.1855342388153
A-4 267.1696410179138
G-1 276.429575920105
G-2 258.0916213989258
D-5 233.86426401138306
D-6 258.9617986679077
D-7 258.3468425273895
F-1 277.0709869861603
P-4 261.70061922073364
G-3 261.2587242126465
T-1 276.70509457588196
T-2 270.10714173316956
D-8 258.08535861968994
D-9 259.01058888435364
F-2 251.4999384880066
G-4 257.10790824890137
T-3 277.6249158382416
D-11 262.2794382572174
D-12 144.6451551914215
B-1 252.23385214805603
G-6 276.73712730407715
G-7 254.20334100723267
P-7 271.07861971855164
R-1 274.49865531921387
A-5 167.1757833957672
A-6 165.71347045898438
A-7 275.9222512245178
D-13 205.7413990497589
P-2 0.624516487121582
A-8 152.46272253990173
A-9 151.16889023780823
F-3 277.1203374862671
M-6 211.3801326751709
M-1 245.32672119140625
M-2 261.1486132144928
S-2 180.2625117301941
P-10 374.7900936603546
T-4 251.69915413856506
T-5 256.43110823631287
F-7 265.05368733406067
M-3 237.5254967212677
M-4 242.54839706420898
M-5 240.28159618377686
P-15 329.6043825149536
C-1 244.32174396514893
C-2 171.41709303855896
T-12 191.33513116836548
T-13 189.3710482120514
F-4 244.50574707984924
F-5 270.0904116630554
D-14 330.55819869041443
T-9 156.93537282943726
P-14 286.8275134563446
T-8 166.8240466117859
P-11 348.89808177948
D-15 239.43880367279053
D-16 206.29021382331848
M-7 212.87854957580566
F-8 307.90054202079773
