P-1 3461.640293121338
S-1 3522.41001868248
E-1 3515.0760927200317
E-2 3504.3059089183807
E-3 3522.076396226883
E-4 3494.9813923835754
E-5 3499.2641015052795
E-6 3486.5814402103424
E-7 3468.7068281173706
E-8 3469.655364513397
E-9 3480.702252626419
E-10 3467.059658050537
E-11 3467.537248849869
E-12 3466.1619341373444
E-13 3474.3375449180603
A-1 3473.9257814884186
D-1 3479.6964066028595
P-2 3467.5566222667694
P-3 3481.0986881256104
D-2 3468.4478278160095
D-3 3460.5071885585785
D-4 3470.6395840644836
A-2 3472.251267671585
A-3 3469.9339566230774
A-4 3465.475379705429
G-1 3468.4338307380676
G-2 3455.7389693260193
D-5 3462.2147800922394
D-6 3522.0470628738403
D-7 3686.777468442917
F-1 3463.4886796474457
P-4 3460.3117592334747
G-3 3470.1991765499115
T-1 3462.2986047267914
T-2 3468.4637229442596
D-8 3460.8682601451874
D-9 3463.8186960220337
F-2 3462.7992734909058
G-4 3467.685850381851
T-3 3471.33074760437
D-11 3483.618319272995
D-12 3095.8328487873077
B-1 3464.5520343780518
G-6 3471.9592707157135
G-7 3463.7089717388153
P-7 3505.2861065864563
R-1 4543.753304481506
A-5 3937.306871175766
A-6 6891.295559644699
A-7 6156.2554812431335
D-13 4906.945017337799
P-2 0.9496974945068359
A-8 4691.106430053711
A-9 4967.468592643738
F-3 3785.3063464164734
M-6 3916.399933576584
M-1 4388.2381937503815
M-2 3891.295970916748
S-2 3626.1048278808594
P-10 3800.3864662647247
T-4 3668.1748740673065
T-5 3632.4254105091095
F-7 3625.5714552402496
M-3 3629.5851304531097
M-4 3658.1968007087708
M-5 3615.671271085739
P-15 3698.6658189296722
C-1 3758.7722907066345
C-2 3746.477473258972
T-12 3741.515397310257
T-13 3656.961153268814
F-4 3543.7739074230194
F-5 3525.6561603546143
D-14 3569.4415600299835
T-9 3580.556533098221
P-14 4365.651435136795
T-8 3523.9747643470764
P-11 3490.6952776908875
D-15 3489.8840923309326
D-16 3511.8819444179535
M-7 3590.352758407593
F-8 3621.554051876068
